{"/Users/zach/CascadeProjects/pallet-puzzle-optimizer/src/App.tsx": {"path":"/Users/zach/CascadeProjects/pallet-puzzle-optimizer/src/App.tsx","statementMap":{"0":{"start":{"line":1,"column":0},"end":{"line":1,"column":53}},"1":{"start":{"line":22,"column":23},"end":{"line":25,"column":2}},"2":{"start":{"line":24,"column":2},"end":{"line":24,"column":14}},"3":{"start":{"line":33,"column":12},"end":{"line":45,"column":1}},"4":{"start":{"line":35,"column":2},"end":{"line":42,"column":9}},"5":{"start":{"line":36,"column":4},"end":{"line":41,"column":5}},"6":{"start":{"line":37,"column":6},"end":{"line":40,"column":8}},"7":{"start":{"line":44,"column":2},"end":{"line":44,"column":14}},"8":{"start":{"line":47,"column":0},"end":{"line":47,"column":19}}},"fnMap":{"0":{"name":"(anonymous_0)","decl":{"start":{"line":22,"column":28},"end":{"line":22,"column":31}},"loc":{"start":{"line":22,"column":33},"end":{"line":25,"column":1}}},"1":{"name":"(anonymous_1)","decl":{"start":{"line":33,"column":12},"end":{"line":33,"column":15}},"loc":{"start":{"line":33,"column":17},"end":{"line":45,"column":1}}},"2":{"name":"(anonymous_2)","decl":{"start":{"line":35,"column":12},"end":{"line":35,"column":15}},"loc":{"start":{"line":35,"column":17},"end":{"line":42,"column":3}}}},"branchMap":{"0":{"loc":{"start":{"line":36,"column":4},"end":{"line":41,"column":5}},"type":"if","locations":[{"start":{"line":36,"column":4},"end":{"line":41,"column":5}}]}},"s":{"0":0,"1":0,"2":0,"3":0,"4":0,"5":0,"6":0,"7":0,"8":0},"f":{"0":0,"1":0,"2":0},"b":{"0":[0]}}
,"/Users/zach/CascadeProjects/pallet-puzzle-optimizer/src/main.tsx": {"path":"/Users/zach/CascadeProjects/pallet-puzzle-optimizer/src/main.tsx","statementMap":{"0":{"start":{"line":1,"column":0},"end":{"line":1,"column":45}},"1":{"start":{"line":2,"column":0},"end":{"line":2,"column":34}},"2":{"start":{"line":3,"column":0},"end":{"line":3,"column":27}},"3":{"start":{"line":4,"column":0},"end":{"line":4,"column":20}},"4":{"start":{"line":5,"column":0},"end":{"line":5,"column":61}},"5":{"start":{"line":6,"column":0},"end":{"line":6,"column":32}},"6":{"start":{"line":8,"column":0},"end":{"line":15,"column":2}}},"fnMap":{},"branchMap":{},"s":{"0":0,"1":0,"2":0,"3":0,"4":0,"5":0,"6":0},"f":{},"b":{}}
,"/Users/zach/CascadeProjects/pallet-puzzle-optimizer/src/middleware.ts": {"path":"/Users/zach/CascadeProjects/pallet-puzzle-optimizer/src/middleware.ts","statementMap":{"0":{"start":{"line":12,"column":0},"end":{"line":12,"column":7}},"1":{"start":{"line":1,"column":0},"end":{"line":1,"column":43}},"2":{"start":{"line":3,"column":0},"end":{"line":3,"column":51}},"3":{"start":{"line":13,"column":2},"end":{"line":124,"column":3}},"4":{"start":{"line":15,"column":16},"end":{"line":15,"column":35}},"5":{"start":{"line":18,"column":21},"end":{"line":40,"column":null}},"6":{"start":{"line":23,"column":25},"end":{"line":23,"column":57}},"7":{"start":{"line":25,"column":12},"end":{"line":29,"column":15}},"8":{"start":{"line":32,"column":12},"end":{"line":37,"column":15}},"9":{"start":{"line":44,"column":34},"end":{"line":44,"column":66}},"10":{"start":{"line":47,"column":39},"end":{"line":47,"column":54}},"11":{"start":{"line":48,"column":22},"end":{"line":48,"column":67}},"12":{"start":{"line":51,"column":25},"end":{"line":61,"column":6}},"13":{"start":{"line":63,"column":23},"end":{"line":68,"column":6}},"14":{"start":{"line":70,"column":28},"end":{"line":76,"column":6}},"15":{"start":{"line":79,"column":29},"end":{"line":80,"column":null}},"16":{"start":{"line":80,"column":6},"end":{"line":80,"column":60}},"17":{"start":{"line":84,"column":24},"end":{"line":85,"column":null}},"18":{"start":{"line":85,"column":6},"end":{"line":85,"column":60}},"19":{"start":{"line":89,"column":4},"end":{"line":104,"column":5}},"20":{"start":{"line":90,"column":23},"end":{"line":90,"column":53}},"21":{"start":{"line":91,"column":6},"end":{"line":91,"column":55}},"22":{"start":{"line":94,"column":31},"end":{"line":94,"column":62}},"23":{"start":{"line":95,"column":6},"end":{"line":101,"column":9}},"24":{"start":{"line":103,"column":6},"end":{"line":103,"column":30}},"25":{"start":{"line":107,"column":4},"end":{"line":114,"column":5}},"26":{"start":{"line":109,"column":24},"end":{"line":111,"column":22}},"27":{"start":{"line":113,"column":6},"end":{"line":113,"column":68}},"28":{"start":{"line":117,"column":4},"end":{"line":117,"column":15}},"29":{"start":{"line":119,"column":4},"end":{"line":119,"column":46}},"30":{"start":{"line":123,"column":4},"end":{"line":123,"column":31}},"31":{"start":{"line":131,"column":13},"end":{"line":136,"column":2}}},"fnMap":{"0":{"name":"middleware","decl":{"start":{"line":12,"column":22},"end":{"line":12,"column":32}},"loc":{"start":{"line":12,"column":53},"end":{"line":125,"column":1}}},"1":{"name":"(anonymous_1)","decl":{"start":{"line":23,"column":15},"end":{"line":23,"column":16}},"loc":{"start":{"line":23,"column":25},"end":{"line":23,"column":57}}},"2":{"name":"(anonymous_2)","decl":{"start":{"line":24,"column":15},"end":{"line":24,"column":16}},"loc":{"start":{"line":24,"column":40},"end":{"line":30,"column":11}}},"3":{"name":"(anonymous_3)","decl":{"start":{"line":31,"column":18},"end":{"line":31,"column":19}},"loc":{"start":{"line":31,"column":36},"end":{"line":38,"column":11}}},"4":{"name":"(anonymous_4)","decl":{"start":{"line":79,"column":50},"end":{"line":79,"column":55}},"loc":{"start":{"line":80,"column":6},"end":{"line":80,"column":60}}},"5":{"name":"(anonymous_5)","decl":{"start":{"line":84,"column":40},"end":{"line":84,"column":45}},"loc":{"start":{"line":85,"column":6},"end":{"line":85,"column":60}}}},"branchMap":{"0":{"loc":{"start":{"line":48,"column":22},"end":{"line":48,"column":67}},"type":"binary-expr","locations":[{"start":{"line":48,"column":22},"end":{"line":48,"column":51}},{"start":{"line":48,"column":55},"end":{"line":48,"column":67}}]},"1":{"loc":{"start":{"line":80,"column":6},"end":{"line":80,"column":60}},"type":"binary-expr","locations":[{"start":{"line":80,"column":6},"end":{"line":80,"column":24}},{"start":{"line":80,"column":28},"end":{"line":80,"column":60}}]},"2":{"loc":{"start":{"line":85,"column":6},"end":{"line":85,"column":60}},"type":"binary-expr","locations":[{"start":{"line":85,"column":6},"end":{"line":85,"column":24}},{"start":{"line":85,"column":28},"end":{"line":85,"column":60}}]},"3":{"loc":{"start":{"line":89,"column":4},"end":{"line":104,"column":5}},"type":"if","locations":[{"start":{"line":89,"column":4},"end":{"line":104,"column":5}}]},"4":{"loc":{"start":{"line":89,"column":8},"end":{"line":89,"column":36}},"type":"binary-expr","locations":[{"start":{"line":89,"column":8},"end":{"line":89,"column":24}},{"start":{"line":89,"column":28},"end":{"line":89,"column":36}}]},"5":{"loc":{"start":{"line":107,"column":4},"end":{"line":114,"column":5}},"type":"if","locations":[{"start":{"line":107,"column":4},"end":{"line":114,"column":5}}]},"6":{"loc":{"start":{"line":107,"column":8},"end":{"line":107,"column":30}},"type":"binary-expr","locations":[{"start":{"line":107,"column":8},"end":{"line":107,"column":19}},{"start":{"line":107,"column":23},"end":{"line":107,"column":30}}]},"7":{"loc":{"start":{"line":109,"column":24},"end":{"line":111,"column":22}},"type":"cond-expr","locations":[{"start":{"line":110,"column":10},"end":{"line":110,"column":19}},{"start":{"line":111,"column":10},"end":{"line":111,"column":22}}]},"8":{"loc":{"start":{"line":109,"column":24},"end":{"line":109,"column":89}},"type":"binary-expr","locations":[{"start":{"line":109,"column":24},"end":{"line":109,"column":33}},{"start":{"line":109,"column":37},"end":{"line":109,"column":54}},{"start":{"line":109,"column":58},"end":{"line":109,"column":89}}]}},"s":{"0":0,"1":0,"2":0,"3":0,"4":0,"5":0,"6":0,"7":0,"8":0,"9":0,"10":0,"11":0,"12":0,"13":0,"14":0,"15":0,"16":0,"17":0,"18":0,"19":0,"20":0,"21":0,"22":0,"23":0,"24":0,"25":0,"26":0,"27":0,"28":0,"29":0,"30":0,"31":0},"f":{"0":0,"1":0,"2":0,"3":0,"4":0,"5":0},"b":{"0":[0,0],"1":[0,0],"2":[0,0],"3":[0],"4":[0,0],"5":[0],"6":[0,0],"7":[0,0],"8":[0,0,0]}}
,"/Users/zach/CascadeProjects/pallet-puzzle-optimizer/src/app/layout.tsx": {"path":"/Users/zach/CascadeProjects/pallet-puzzle-optimizer/src/app/layout.tsx","statementMap":{"0":{"start":{"line":64,"column":0},"end":{"line":64,"column":24}},"1":{"start":{"line":3,"column":0},"end":{"line":3,"column":59}},"2":{"start":{"line":4,"column":0},"end":{"line":4,"column":58}},"3":{"start":{"line":5,"column":0},"end":{"line":5,"column":73}},"4":{"start":{"line":6,"column":0},"end":{"line":6,"column":62}},"5":{"start":{"line":7,"column":0},"end":{"line":7,"column":62}},"6":{"start":{"line":8,"column":0},"end":{"line":8,"column":41}},"7":{"start":{"line":9,"column":0},"end":{"line":9,"column":53}},"8":{"start":{"line":10,"column":0},"end":{"line":10,"column":43}},"9":{"start":{"line":11,"column":0},"end":{"line":11,"column":30}},"10":{"start":{"line":14,"column":14},"end":{"line":18,"column":2}},"11":{"start":{"line":21,"column":20},"end":{"line":29,"column":2}},"12":{"start":{"line":35,"column":23},"end":{"line":62,"column":2}},"13":{"start":{"line":37,"column":27},"end":{"line":37,"column":41}},"14":{"start":{"line":40,"column":27},"end":{"line":42,"column":20}},"15":{"start":{"line":41,"column":4},"end":{"line":41,"column":28}},"16":{"start":{"line":44,"column":2},"end":{"line":59,"column":25}},"17":{"start":{"line":46,"column":4},"end":{"line":46,"column":27}},"18":{"start":{"line":49,"column":4},"end":{"line":58,"column":5}},"19":{"start":{"line":50,"column":20},"end":{"line":52,"column":13}},"20":{"start":{"line":51,"column":8},"end":{"line":51,"column":32}},"21":{"start":{"line":54,"column":6},"end":{"line":54,"column":39}},"22":{"start":{"line":54,"column":19},"end":{"line":54,"column":38}},"23":{"start":{"line":56,"column":6},"end":{"line":56,"column":63}},"24":{"start":{"line":57,"column":6},"end":{"line":57,"column":30}},"25":{"start":{"line":61,"column":2},"end":{"line":61,"column":14}},"26":{"start":{"line":69,"column":2},"end":{"line":85,"column":4}}},"fnMap":{"0":{"name":"(anonymous_1)","decl":{"start":{"line":35,"column":28},"end":{"line":35,"column":31}},"loc":{"start":{"line":35,"column":33},"end":{"line":62,"column":1}}},"1":{"name":"(anonymous_2)","decl":{"start":{"line":40,"column":39},"end":{"line":40,"column":40}},"loc":{"start":{"line":40,"column":62},"end":{"line":42,"column":3}}},"2":{"name":"(anonymous_3)","decl":{"start":{"line":44,"column":12},"end":{"line":44,"column":15}},"loc":{"start":{"line":44,"column":17},"end":{"line":59,"column":3}}},"3":{"name":"(anonymous_4)","decl":{"start":{"line":50,"column":31},"end":{"line":50,"column":34}},"loc":{"start":{"line":50,"column":36},"end":{"line":52,"column":7}}},"4":{"name":"(anonymous_5)","decl":{"start":{"line":54,"column":13},"end":{"line":54,"column":16}},"loc":{"start":{"line":54,"column":19},"end":{"line":54,"column":38}}},"5":{"name":"RootLayout","decl":{"start":{"line":64,"column":24},"end":{"line":64,"column":34}},"loc":{"start":{"line":68,"column":1},"end":{"line":86,"column":1}}}},"branchMap":{},"s":{"0":0,"1":0,"2":0,"3":0,"4":0,"5":0,"6":0,"7":0,"8":0,"9":0,"10":0,"11":0,"12":0,"13":0,"14":0,"15":0,"16":0,"17":0,"18":0,"19":0,"20":0,"21":0,"22":0,"23":0,"24":0,"25":0,"26":0},"f":{"0":0,"1":0,"2":0,"3":0,"4":0,"5":0},"b":{}}
,"/Users/zach/CascadeProjects/pallet-puzzle-optimizer/src/app/not-found.tsx": {"path":"/Users/zach/CascadeProjects/pallet-puzzle-optimizer/src/app/not-found.tsx","statementMap":{"0":{"start":{"line":4,"column":0},"end":{"line":4,"column":24}},"1":{"start":{"line":1,"column":0},"end":{"line":1,"column":29}},"2":{"start":{"line":2,"column":0},"end":{"line":2,"column":44}},"3":{"start":{"line":5,"column":2},"end":{"line":30,"column":4}}},"fnMap":{"0":{"name":"NotFound","decl":{"start":{"line":4,"column":24},"end":{"line":4,"column":32}},"loc":{"start":{"line":4,"column":32},"end":{"line":31,"column":1}}}},"branchMap":{},"s":{"0":0,"1":0,"2":0,"3":0},"f":{"0":0},"b":{}}
,"/Users/zach/CascadeProjects/pallet-puzzle-optimizer/src/app/page.tsx": {"path":"/Users/zach/CascadeProjects/pallet-puzzle-optimizer/src/app/page.tsx","statementMap":{"0":{"start":{"line":3,"column":0},"end":{"line":3,"column":45}},"1":{"start":{"line":4,"column":0},"end":{"line":4,"column":39}},"2":{"start":{"line":5,"column":0},"end":{"line":5,"column":41}},"3":{"start":{"line":6,"column":0},"end":{"line":6,"column":49}},"4":{"start":{"line":7,"column":0},"end":{"line":7,"column":51}},"5":{"start":{"line":8,"column":0},"end":{"line":8,"column":53}},"6":{"start":{"line":9,"column":0},"end":{"line":9,"column":49}},"7":{"start":{"line":10,"column":0},"end":{"line":10,"column":45}},"8":{"start":{"line":11,"column":0},"end":{"line":11,"column":125}},"9":{"start":{"line":12,"column":0},"end":{"line":12,"column":66}},"10":{"start":{"line":18,"column":17},"end":{"line":92,"column":2}},"11":{"start":{"line":20,"column":19},"end":{"line":20,"column":32}},"12":{"start":{"line":21,"column":20},"end":{"line":21,"column":39}},"13":{"start":{"line":22,"column":49},"end":{"line":22,"column":66}},"14":{"start":{"line":23,"column":27},"end":{"line":23,"column":41}},"15":{"start":{"line":24,"column":20},"end":{"line":24,"column":34}},"16":{"start":{"line":27,"column":24},"end":{"line":32,"column":67}},"17":{"start":{"line":27,"column":39},"end":{"line":32,"column":4}},"18":{"start":{"line":35,"column":2},"end":{"line":63,"column":3}},"19":{"start":{"line":36,"column":4},"end":{"line":62,"column":6}},"20":{"start":{"line":53,"column":16},"end":{"line":53,"column":29}},"21":{"start":{"line":65,"column":2},"end":{"line":91,"column":4}},"22":{"start":{"line":94,"column":0},"end":{"line":94,"column":24}}},"fnMap":{"0":{"name":"(anonymous_7)","decl":{"start":{"line":18,"column":22},"end":{"line":18,"column":25}},"loc":{"start":{"line":18,"column":27},"end":{"line":92,"column":1}}},"1":{"name":"(anonymous_8)","decl":{"start":{"line":27,"column":32},"end":{"line":27,"column":35}},"loc":{"start":{"line":27,"column":39},"end":{"line":32,"column":4}}},"2":{"name":"(anonymous_9)","decl":{"start":{"line":52,"column":32},"end":{"line":52,"column":33}},"loc":{"start":{"line":53,"column":16},"end":{"line":53,"column":29}}}},"branchMap":{"0":{"loc":{"start":{"line":35,"column":2},"end":{"line":63,"column":3}},"type":"if","locations":[{"start":{"line":35,"column":2},"end":{"line":63,"column":3}}]},"1":{"loc":{"start":{"line":77,"column":11},"end":{"line":77,"column":54}},"type":"binary-expr","locations":[{"start":{"line":77,"column":11},"end":{"line":77,"column":35}},{"start":{"line":77,"column":39},"end":{"line":77,"column":54}}]},"2":{"loc":{"start":{"line":79,"column":11},"end":{"line":79,"column":56}},"type":"binary-expr","locations":[{"start":{"line":79,"column":11},"end":{"line":79,"column":36}},{"start":{"line":79,"column":40},"end":{"line":79,"column":56}}]},"3":{"loc":{"start":{"line":81,"column":11},"end":{"line":81,"column":52}},"type":"binary-expr","locations":[{"start":{"line":81,"column":11},"end":{"line":81,"column":34}},{"start":{"line":81,"column":38},"end":{"line":81,"column":52}}]},"4":{"loc":{"start":{"line":83,"column":11},"end":{"line":86,"column":null}},"type":"binary-expr","locations":[{"start":{"line":83,"column":11},"end":{"line":83,"column":32}},{"start":{"line":84,"column":12},"end":{"line":85,"column":null}}]}},"s":{"0":0,"1":0,"2":0,"3":0,"4":0,"5":0,"6":0,"7":0,"8":0,"9":0,"10":0,"11":0,"12":0,"13":0,"14":0,"15":0,"16":0,"17":0,"18":0,"19":0,"20":0,"21":0,"22":0},"f":{"0":0,"1":0,"2":0},"b":{"0":[0],"1":[0,0],"2":[0,0],"3":[0,0],"4":[0,0]}}
,"/Users/zach/CascadeProjects/pallet-puzzle-optimizer/src/app/providers.tsx": {"path":"/Users/zach/CascadeProjects/pallet-puzzle-optimizer/src/app/providers.tsx","statementMap":{"0":{"start":{"line":12,"column":0},"end":{"line":12,"column":16}},"1":{"start":{"line":3,"column":0},"end":{"line":3,"column":26}},"2":{"start":{"line":4,"column":0},"end":{"line":4,"column":62}},"3":{"start":{"line":5,"column":0},"end":{"line":5,"column":50}},"4":{"start":{"line":6,"column":0},"end":{"line":6,"column":50}},"5":{"start":{"line":13,"column":2},"end":{"line":19,"column":4}},"6":{"start":{"line":22,"column":0},"end":{"line":22,"column":25}}},"fnMap":{"0":{"name":"Providers","decl":{"start":{"line":12,"column":16},"end":{"line":12,"column":25}},"loc":{"start":{"line":12,"column":54},"end":{"line":20,"column":1}}}},"branchMap":{},"s":{"0":0,"1":0,"2":0,"3":0,"4":0,"5":0,"6":0},"f":{"0":0},"b":{}}
,"/Users/zach/CascadeProjects/pallet-puzzle-optimizer/src/app/api/quotes/track-share/route.ts": {"path":"/Users/zach/CascadeProjects/pallet-puzzle-optimizer/src/app/api/quotes/track-share/route.ts","statementMap":{"0":{"start":{"line":5,"column":0},"end":{"line":5,"column":7}},"1":{"start":{"line":1,"column":0},"end":{"line":1,"column":73}},"2":{"start":{"line":2,"column":0},"end":{"line":2,"column":39}},"3":{"start":{"line":3,"column":0},"end":{"line":3,"column":43}},"4":{"start":{"line":6,"column":2},"end":{"line":44,"column":3}},"5":{"start":{"line":7,"column":43},"end":{"line":7,"column":63}},"6":{"start":{"line":9,"column":4},"end":{"line":14,"column":5}},"7":{"start":{"line":10,"column":6},"end":{"line":13,"column":8}},"8":{"start":{"line":17,"column":21},"end":{"line":17,"column":58}},"9":{"start":{"line":20,"column":22},"end":{"line":27,"column":8}},"10":{"start":{"line":29,"column":4},"end":{"line":35,"column":5}},"11":{"start":{"line":30,"column":6},"end":{"line":30,"column":58}},"12":{"start":{"line":31,"column":6},"end":{"line":34,"column":8}},"13":{"start":{"line":37,"column":4},"end":{"line":37,"column":48}},"14":{"start":{"line":39,"column":4},"end":{"line":39,"column":61}},"15":{"start":{"line":40,"column":4},"end":{"line":43,"column":6}},"16":{"start":{"line":48,"column":13},"end":{"line":48,"column":39}}},"fnMap":{"0":{"name":"POST","decl":{"start":{"line":5,"column":22},"end":{"line":5,"column":26}},"loc":{"start":{"line":5,"column":43},"end":{"line":45,"column":1}}}},"branchMap":{"0":{"loc":{"start":{"line":7,"column":21},"end":{"line":7,"column":38}},"type":"default-arg","locations":[{"start":{"line":7,"column":30},"end":{"line":7,"column":38}}]},"1":{"loc":{"start":{"line":9,"column":4},"end":{"line":14,"column":5}},"type":"if","locations":[{"start":{"line":9,"column":4},"end":{"line":14,"column":5}}]},"2":{"loc":{"start":{"line":29,"column":4},"end":{"line":35,"column":5}},"type":"if","locations":[{"start":{"line":29,"column":4},"end":{"line":35,"column":5}}]}},"s":{"0":0,"1":0,"2":0,"3":0,"4":0,"5":0,"6":0,"7":0,"8":0,"9":0,"10":0,"11":0,"12":0,"13":0,"14":0,"15":0,"16":0},"f":{"0":0},"b":{"0":[0],"1":[0],"2":[0]}}
,"/Users/zach/CascadeProjects/pallet-puzzle-optimizer/src/app/api/quotes/track-view/route.ts": {"path":"/Users/zach/CascadeProjects/pallet-puzzle-optimizer/src/app/api/quotes/track-view/route.ts","statementMap":{"0":{"start":{"line":5,"column":0},"end":{"line":5,"column":7}},"1":{"start":{"line":1,"column":0},"end":{"line":1,"column":73}},"2":{"start":{"line":2,"column":0},"end":{"line":2,"column":39}},"3":{"start":{"line":3,"column":0},"end":{"line":3,"column":43}},"4":{"start":{"line":6,"column":2},"end":{"line":40,"column":3}},"5":{"start":{"line":7,"column":24},"end":{"line":7,"column":44}},"6":{"start":{"line":9,"column":4},"end":{"line":14,"column":5}},"7":{"start":{"line":10,"column":6},"end":{"line":13,"column":8}},"8":{"start":{"line":17,"column":21},"end":{"line":17,"column":58}},"9":{"start":{"line":20,"column":22},"end":{"line":22,"column":null}},"10":{"start":{"line":25,"column":4},"end":{"line":31,"column":5}},"11":{"start":{"line":26,"column":6},"end":{"line":26,"column":57}},"12":{"start":{"line":27,"column":6},"end":{"line":30,"column":8}},"13":{"start":{"line":33,"column":4},"end":{"line":33,"column":48}},"14":{"start":{"line":35,"column":4},"end":{"line":35,"column":60}},"15":{"start":{"line":36,"column":4},"end":{"line":39,"column":6}},"16":{"start":{"line":44,"column":13},"end":{"line":44,"column":39}}},"fnMap":{"0":{"name":"POST","decl":{"start":{"line":5,"column":22},"end":{"line":5,"column":26}},"loc":{"start":{"line":5,"column":43},"end":{"line":41,"column":1}}}},"branchMap":{"0":{"loc":{"start":{"line":9,"column":4},"end":{"line":14,"column":5}},"type":"if","locations":[{"start":{"line":9,"column":4},"end":{"line":14,"column":5}}]},"1":{"loc":{"start":{"line":25,"column":4},"end":{"line":31,"column":5}},"type":"if","locations":[{"start":{"line":25,"column":4},"end":{"line":31,"column":5}}]}},"s":{"0":0,"1":0,"2":0,"3":0,"4":0,"5":0,"6":0,"7":0,"8":0,"9":0,"10":0,"11":0,"12":0,"13":0,"14":0,"15":0,"16":0},"f":{"0":0},"b":{"0":[0],"1":[0]}}
,"/Users/zach/CascadeProjects/pallet-puzzle-optimizer/src/app/auth/confirmation/page.tsx": {"path":"/Users/zach/CascadeProjects/pallet-puzzle-optimizer/src/app/auth/confirmation/page.tsx","statementMap":{"0":{"start":{"line":7,"column":0},"end":{"line":7,"column":24}},"1":{"start":{"line":3,"column":0},"end":{"line":3,"column":26}},"2":{"start":{"line":4,"column":0},"end":{"line":4,"column":29}},"3":{"start":{"line":5,"column":0},"end":{"line":5,"column":48}},"4":{"start":{"line":8,"column":2},"end":{"line":62,"column":4}}},"fnMap":{"0":{"name":"ConfirmationPage","decl":{"start":{"line":7,"column":24},"end":{"line":7,"column":40}},"loc":{"start":{"line":7,"column":40},"end":{"line":63,"column":1}}}},"branchMap":{},"s":{"0":0,"1":0,"2":0,"3":0,"4":0},"f":{"0":0},"b":{}}
,"/Users/zach/CascadeProjects/pallet-puzzle-optimizer/src/app/auth/forgot-password/page.tsx": {"path":"/Users/zach/CascadeProjects/pallet-puzzle-optimizer/src/app/auth/forgot-password/page.tsx","statementMap":{"0":{"start":{"line":15,"column":0},"end":{"line":15,"column":24}},"1":{"start":{"line":3,"column":0},"end":{"line":3,"column":40}},"2":{"start":{"line":4,"column":0},"end":{"line":4,"column":29}},"3":{"start":{"line":5,"column":0},"end":{"line":5,"column":42}},"4":{"start":{"line":6,"column":0},"end":{"line":6,"column":51}},"5":{"start":{"line":7,"column":0},"end":{"line":7,"column":31}},"6":{"start":{"line":8,"column":0},"end":{"line":8,"column":24}},"7":{"start":{"line":11,"column":20},"end":{"line":13,"column":2}},"8":{"start":{"line":16,"column":28},"end":{"line":16,"column":40}},"9":{"start":{"line":17,"column":42},"end":{"line":17,"column":57}},"10":{"start":{"line":18,"column":36},"end":{"line":18,"column":48}},"11":{"start":{"line":19,"column":36},"end":{"line":19,"column":51}},"12":{"start":{"line":21,"column":24},"end":{"line":32,"column":3}},"13":{"start":{"line":22,"column":4},"end":{"line":31,"column":5}},"14":{"start":{"line":23,"column":6},"end":{"line":23,"column":35}},"15":{"start":{"line":24,"column":6},"end":{"line":24,"column":23}},"16":{"start":{"line":25,"column":6},"end":{"line":25,"column":18}},"17":{"start":{"line":27,"column":6},"end":{"line":29,"column":7}},"18":{"start":{"line":28,"column":8},"end":{"line":28,"column":46}},"19":{"start":{"line":30,"column":6},"end":{"line":30,"column":19}},"20":{"start":{"line":34,"column":23},"end":{"line":72,"column":3}},"21":{"start":{"line":35,"column":4},"end":{"line":35,"column":23}},"22":{"start":{"line":37,"column":4},"end":{"line":37,"column":29}},"23":{"start":{"line":37,"column":22},"end":{"line":37,"column":29}},"24":{"start":{"line":40,"column":4},"end":{"line":40,"column":33}},"25":{"start":{"line":40,"column":26},"end":{"line":40,"column":33}},"26":{"start":{"line":42,"column":4},"end":{"line":42,"column":26}},"27":{"start":{"line":44,"column":4},"end":{"line":71,"column":5}},"28":{"start":{"line":45,"column":24},"end":{"line":47,"column":8}},"29":{"start":{"line":49,"column":6},"end":{"line":55,"column":7}},"30":{"start":{"line":50,"column":8},"end":{"line":50,"column":68}},"31":{"start":{"line":51,"column":8},"end":{"line":53,"column":11}},"32":{"start":{"line":54,"column":8},"end":{"line":54,"column":15}},"33":{"start":{"line":58,"column":6},"end":{"line":58,"column":25}},"34":{"start":{"line":59,"column":6},"end":{"line":61,"column":9}},"35":{"start":{"line":64,"column":6},"end":{"line":64,"column":50}},"36":{"start":{"line":65,"column":6},"end":{"line":65,"column":51}},"37":{"start":{"line":66,"column":6},"end":{"line":68,"column":9}},"38":{"start":{"line":70,"column":6},"end":{"line":70,"column":29}},"39":{"start":{"line":74,"column":2},"end":{"line":132,"column":3}},"40":{"start":{"line":75,"column":4},"end":{"line":131,"column":6}},"41":{"start":{"line":113,"column":31},"end":{"line":113,"column":50}},"42":{"start":{"line":134,"column":2},"end":{"line":193,"column":4}},"43":{"start":{"line":159,"column":33},"end":{"line":159,"column":57}}},"fnMap":{"0":{"name":"ForgotPasswordPage","decl":{"start":{"line":15,"column":24},"end":{"line":15,"column":42}},"loc":{"start":{"line":15,"column":42},"end":{"line":194,"column":1}}},"1":{"name":"(anonymous_8)","decl":{"start":{"line":21,"column":24},"end":{"line":21,"column":36}},"loc":{"start":{"line":21,"column":38},"end":{"line":32,"column":3}}},"2":{"name":"(anonymous_9)","decl":{"start":{"line":34,"column":23},"end":{"line":34,"column":28}},"loc":{"start":{"line":34,"column":52},"end":{"line":72,"column":3}}},"3":{"name":"(anonymous_10)","decl":{"start":{"line":113,"column":25},"end":{"line":113,"column":28}},"loc":{"start":{"line":113,"column":31},"end":{"line":113,"column":50}}},"4":{"name":"(anonymous_11)","decl":{"start":{"line":159,"column":26},"end":{"line":159,"column":27}},"loc":{"start":{"line":159,"column":33},"end":{"line":159,"column":57}}}},"branchMap":{"0":{"loc":{"start":{"line":27,"column":6},"end":{"line":29,"column":7}},"type":"if","locations":[{"start":{"line":27,"column":6},"end":{"line":29,"column":7}}]},"1":{"loc":{"start":{"line":37,"column":4},"end":{"line":37,"column":29}},"type":"if","locations":[{"start":{"line":37,"column":4},"end":{"line":37,"column":29}}]},"2":{"loc":{"start":{"line":40,"column":4},"end":{"line":40,"column":33}},"type":"if","locations":[{"start":{"line":40,"column":4},"end":{"line":40,"column":33}}]},"3":{"loc":{"start":{"line":49,"column":6},"end":{"line":55,"column":7}},"type":"if","locations":[{"start":{"line":49,"column":6},"end":{"line":55,"column":7}}]},"4":{"loc":{"start":{"line":50,"column":21},"end":{"line":50,"column":66}},"type":"binary-expr","locations":[{"start":{"line":50,"column":21},"end":{"line":50,"column":34}},{"start":{"line":50,"column":38},"end":{"line":50,"column":66}}]},"5":{"loc":{"start":{"line":52,"column":23},"end":{"line":52,"column":79}},"type":"binary-expr","locations":[{"start":{"line":52,"column":23},"end":{"line":52,"column":36}},{"start":{"line":52,"column":40},"end":{"line":52,"column":79}}]},"6":{"loc":{"start":{"line":74,"column":2},"end":{"line":132,"column":3}},"type":"if","locations":[{"start":{"line":74,"column":2},"end":{"line":132,"column":3}}]},"7":{"loc":{"start":{"line":161,"column":18},"end":{"line":161,"column":null}},"type":"cond-expr","locations":[{"start":{"line":161,"column":30},"end":{"line":161,"column":46}},{"start":{"line":161,"column":49},"end":{"line":161,"column":null}}]},"8":{"loc":{"start":{"line":165,"column":15},"end":{"line":166,"column":null}},"type":"binary-expr","locations":[{"start":{"line":165,"column":15},"end":{"line":165,"column":24}},{"start":{"line":166,"column":16},"end":{"line":166,"column":72}}]},"9":{"loc":{"start":{"line":177,"column":15},"end":{"line":177,"column":73}},"type":"cond-expr","locations":[{"start":{"line":177,"column":30},"end":{"line":177,"column":53}},{"start":{"line":177,"column":56},"end":{"line":177,"column":73}}]}},"s":{"0":0,"1":0,"2":0,"3":0,"4":0,"5":0,"6":0,"7":0,"8":0,"9":0,"10":0,"11":0,"12":0,"13":0,"14":0,"15":0,"16":0,"17":0,"18":0,"19":0,"20":0,"21":0,"22":0,"23":0,"24":0,"25":0,"26":0,"27":0,"28":0,"29":0,"30":0,"31":0,"32":0,"33":0,"34":0,"35":0,"36":0,"37":0,"38":0,"39":0,"40":0,"41":0,"42":0,"43":0},"f":{"0":0,"1":0,"2":0,"3":0,"4":0},"b":{"0":[0],"1":[0],"2":[0],"3":[0],"4":[0,0],"5":[0,0],"6":[0],"7":[0,0],"8":[0,0],"9":[0,0]}}
,"/Users/zach/CascadeProjects/pallet-puzzle-optimizer/src/app/auth/login/page.tsx": {"path":"/Users/zach/CascadeProjects/pallet-puzzle-optimizer/src/app/auth/login/page.tsx","statementMap":{"0":{"start":{"line":10,"column":0},"end":{"line":10,"column":24}},"1":{"start":{"line":3,"column":0},"end":{"line":3,"column":40}},"2":{"start":{"line":4,"column":0},"end":{"line":4,"column":44}},"3":{"start":{"line":5,"column":0},"end":{"line":5,"column":29}},"4":{"start":{"line":6,"column":0},"end":{"line":6,"column":57}},"5":{"start":{"line":7,"column":0},"end":{"line":7,"column":50}},"6":{"start":{"line":8,"column":0},"end":{"line":8,"column":31}},"7":{"start":{"line":11,"column":17},"end":{"line":11,"column":28}},"8":{"start":{"line":12,"column":32},"end":{"line":12,"column":45}},"9":{"start":{"line":13,"column":28},"end":{"line":13,"column":40}},"10":{"start":{"line":14,"column":34},"end":{"line":14,"column":46}},"11":{"start":{"line":15,"column":42},"end":{"line":15,"column":57}},"12":{"start":{"line":16,"column":36},"end":{"line":16,"column":48}},"13":{"start":{"line":17,"column":42},"end":{"line":17,"column":57}},"14":{"start":{"line":19,"column":23},"end":{"line":61,"column":3}},"15":{"start":{"line":20,"column":4},"end":{"line":20,"column":23}},"16":{"start":{"line":22,"column":4},"end":{"line":22,"column":29}},"17":{"start":{"line":22,"column":22},"end":{"line":22,"column":29}},"18":{"start":{"line":25,"column":4},"end":{"line":28,"column":5}},"19":{"start":{"line":26,"column":6},"end":{"line":26,"column":48}},"20":{"start":{"line":27,"column":6},"end":{"line":27,"column":13}},"21":{"start":{"line":30,"column":4},"end":{"line":30,"column":21}},"22":{"start":{"line":31,"column":4},"end":{"line":31,"column":26}},"23":{"start":{"line":33,"column":4},"end":{"line":60,"column":5}},"24":{"start":{"line":34,"column":30},"end":{"line":34,"column":59}},"25":{"start":{"line":36,"column":6},"end":{"line":42,"column":7}},"26":{"start":{"line":37,"column":8},"end":{"line":37,"column":59}},"27":{"start":{"line":38,"column":8},"end":{"line":40,"column":11}},"28":{"start":{"line":41,"column":8},"end":{"line":41,"column":15}},"29":{"start":{"line":44,"column":6},"end":{"line":51,"column":7}},"30":{"start":{"line":45,"column":8},"end":{"line":47,"column":11}},"31":{"start":{"line":50,"column":8},"end":{"line":50,"column":34}},"32":{"start":{"line":53,"column":6},"end":{"line":53,"column":41}},"33":{"start":{"line":54,"column":6},"end":{"line":54,"column":51}},"34":{"start":{"line":55,"column":6},"end":{"line":57,"column":9}},"35":{"start":{"line":59,"column":6},"end":{"line":59,"column":29}},"36":{"start":{"line":63,"column":2},"end":{"line":169,"column":4}},"37":{"start":{"line":91,"column":33},"end":{"line":91,"column":57}},"38":{"start":{"line":109,"column":35},"end":{"line":109,"column":62}},"39":{"start":{"line":116,"column":33},"end":{"line":116,"column":63}}},"fnMap":{"0":{"name":"LoginPage","decl":{"start":{"line":10,"column":24},"end":{"line":10,"column":33}},"loc":{"start":{"line":10,"column":33},"end":{"line":170,"column":1}}},"1":{"name":"(anonymous_8)","decl":{"start":{"line":19,"column":23},"end":{"line":19,"column":28}},"loc":{"start":{"line":19,"column":52},"end":{"line":61,"column":3}}},"2":{"name":"(anonymous_9)","decl":{"start":{"line":91,"column":26},"end":{"line":91,"column":27}},"loc":{"start":{"line":91,"column":33},"end":{"line":91,"column":57}}},"3":{"name":"(anonymous_10)","decl":{"start":{"line":109,"column":28},"end":{"line":109,"column":29}},"loc":{"start":{"line":109,"column":35},"end":{"line":109,"column":62}}},"4":{"name":"(anonymous_11)","decl":{"start":{"line":116,"column":27},"end":{"line":116,"column":30}},"loc":{"start":{"line":116,"column":33},"end":{"line":116,"column":63}}}},"branchMap":{"0":{"loc":{"start":{"line":22,"column":4},"end":{"line":22,"column":29}},"type":"if","locations":[{"start":{"line":22,"column":4},"end":{"line":22,"column":29}}]},"1":{"loc":{"start":{"line":25,"column":4},"end":{"line":28,"column":5}},"type":"if","locations":[{"start":{"line":25,"column":4},"end":{"line":28,"column":5}}]},"2":{"loc":{"start":{"line":25,"column":8},"end":{"line":25,"column":27}},"type":"binary-expr","locations":[{"start":{"line":25,"column":8},"end":{"line":25,"column":14}},{"start":{"line":25,"column":18},"end":{"line":25,"column":27}}]},"3":{"loc":{"start":{"line":36,"column":6},"end":{"line":42,"column":7}},"type":"if","locations":[{"start":{"line":36,"column":6},"end":{"line":42,"column":7}}]},"4":{"loc":{"start":{"line":37,"column":21},"end":{"line":37,"column":57}},"type":"binary-expr","locations":[{"start":{"line":37,"column":21},"end":{"line":37,"column":34}},{"start":{"line":37,"column":38},"end":{"line":37,"column":57}}]},"5":{"loc":{"start":{"line":39,"column":23},"end":{"line":39,"column":85}},"type":"binary-expr","locations":[{"start":{"line":39,"column":23},"end":{"line":39,"column":36}},{"start":{"line":39,"column":40},"end":{"line":39,"column":85}}]},"6":{"loc":{"start":{"line":44,"column":6},"end":{"line":51,"column":7}},"type":"if","locations":[{"start":{"line":44,"column":6},"end":{"line":51,"column":7}}]},"7":{"loc":{"start":{"line":105,"column":24},"end":{"line":105,"column":58}},"type":"cond-expr","locations":[{"start":{"line":105,"column":39},"end":{"line":105,"column":45}},{"start":{"line":105,"column":48},"end":{"line":105,"column":58}}]},"8":{"loc":{"start":{"line":118,"column":19},"end":{"line":121,"column":null}},"type":"cond-expr","locations":[{"start":{"line":119,"column":20},"end":{"line":119,"column":64}},{"start":{"line":121,"column":20},"end":{"line":121,"column":61}}]},"9":{"loc":{"start":{"line":128,"column":11},"end":{"line":131,"column":null}},"type":"binary-expr","locations":[{"start":{"line":128,"column":11},"end":{"line":128,"column":20}},{"start":{"line":129,"column":12},"end":{"line":130,"column":null}}]},"10":{"loc":{"start":{"line":157,"column":24},"end":{"line":157,"column":49}},"type":"binary-expr","locations":[{"start":{"line":157,"column":24},"end":{"line":157,"column":36}},{"start":{"line":157,"column":40},"end":{"line":157,"column":49}}]},"11":{"loc":{"start":{"line":163,"column":15},"end":{"line":163,"column":57}},"type":"cond-expr","locations":[{"start":{"line":163,"column":30},"end":{"line":163,"column":45}},{"start":{"line":163,"column":48},"end":{"line":163,"column":57}}]}},"s":{"0":0,"1":0,"2":0,"3":0,"4":0,"5":0,"6":0,"7":0,"8":0,"9":0,"10":0,"11":0,"12":0,"13":0,"14":0,"15":0,"16":0,"17":0,"18":0,"19":0,"20":0,"21":0,"22":0,"23":0,"24":0,"25":0,"26":0,"27":0,"28":0,"29":0,"30":0,"31":0,"32":0,"33":0,"34":0,"35":0,"36":0,"37":0,"38":0,"39":0},"f":{"0":0,"1":0,"2":0,"3":0,"4":0},"b":{"0":[0],"1":[0],"2":[0,0],"3":[0],"4":[0,0],"5":[0,0],"6":[0],"7":[0,0],"8":[0,0],"9":[0,0],"10":[0,0],"11":[0,0]}}
,"/Users/zach/CascadeProjects/pallet-puzzle-optimizer/src/app/auth/register/page.tsx": {"path":"/Users/zach/CascadeProjects/pallet-puzzle-optimizer/src/app/auth/register/page.tsx","statementMap":{"0":{"start":{"line":21,"column":0},"end":{"line":21,"column":24}},"1":{"start":{"line":3,"column":0},"end":{"line":3,"column":40}},"2":{"start":{"line":4,"column":0},"end":{"line":4,"column":44}},"3":{"start":{"line":5,"column":0},"end":{"line":5,"column":29}},"4":{"start":{"line":6,"column":0},"end":{"line":6,"column":57}},"5":{"start":{"line":7,"column":0},"end":{"line":7,"column":53}},"6":{"start":{"line":8,"column":0},"end":{"line":8,"column":31}},"7":{"start":{"line":9,"column":0},"end":{"line":9,"column":24}},"8":{"start":{"line":12,"column":23},"end":{"line":17,"column":2}},"9":{"start":{"line":22,"column":17},"end":{"line":22,"column":28}},"10":{"start":{"line":23,"column":32},"end":{"line":23,"column":45}},"11":{"start":{"line":25,"column":34},"end":{"line":30,"column":4}},"12":{"start":{"line":32,"column":42},"end":{"line":32,"column":57}},"13":{"start":{"line":33,"column":38},"end":{"line":33,"column":99}},"14":{"start":{"line":34,"column":42},"end":{"line":34,"column":57}},"15":{"start":{"line":35,"column":42},"end":{"line":35,"column":54}},"16":{"start":{"line":37,"column":23},"end":{"line":45,"column":3}},"17":{"start":{"line":38,"column":28},"end":{"line":38,"column":36}},"18":{"start":{"line":39,"column":4},"end":{"line":39,"column":56}},"19":{"start":{"line":39,"column":27},"end":{"line":39,"column":53}},"20":{"start":{"line":42,"column":4},"end":{"line":44,"column":5}},"21":{"start":{"line":43,"column":6},"end":{"line":43,"column":57}},"22":{"start":{"line":43,"column":31},"end":{"line":43,"column":54}},"23":{"start":{"line":47,"column":23},"end":{"line":63,"column":3}},"24":{"start":{"line":48,"column":4},"end":{"line":62,"column":5}},"25":{"start":{"line":49,"column":6},"end":{"line":49,"column":37}},"26":{"start":{"line":50,"column":6},"end":{"line":50,"column":24}},"27":{"start":{"line":51,"column":6},"end":{"line":51,"column":18}},"28":{"start":{"line":53,"column":6},"end":{"line":60,"column":7}},"29":{"start":{"line":54,"column":75},"end":{"line":54,"column":77}},"30":{"start":{"line":55,"column":8},"end":{"line":58,"column":11}},"31":{"start":{"line":56,"column":23},"end":{"line":56,"column":60}},"32":{"start":{"line":57,"column":10},"end":{"line":57,"column":40}},"33":{"start":{"line":59,"column":8},"end":{"line":59,"column":33}},"34":{"start":{"line":61,"column":6},"end":{"line":61,"column":19}},"35":{"start":{"line":65,"column":23},"end":{"line":112,"column":3}},"36":{"start":{"line":66,"column":4},"end":{"line":66,"column":23}},"37":{"start":{"line":68,"column":4},"end":{"line":68,"column":29}},"38":{"start":{"line":68,"column":22},"end":{"line":68,"column":29}},"39":{"start":{"line":71,"column":4},"end":{"line":71,"column":32}},"40":{"start":{"line":71,"column":25},"end":{"line":71,"column":32}},"41":{"start":{"line":73,"column":4},"end":{"line":73,"column":24}},"42":{"start":{"line":74,"column":4},"end":{"line":74,"column":26}},"43":{"start":{"line":76,"column":4},"end":{"line":111,"column":5}},"44":{"start":{"line":77,"column":30},"end":{"line":84,"column":null}},"45":{"start":{"line":87,"column":6},"end":{"line":93,"column":7}},"46":{"start":{"line":88,"column":8},"end":{"line":88,"column":69}},"47":{"start":{"line":89,"column":8},"end":{"line":91,"column":11}},"48":{"start":{"line":92,"column":8},"end":{"line":92,"column":15}},"49":{"start":{"line":95,"column":6},"end":{"line":102,"column":7}},"50":{"start":{"line":96,"column":8},"end":{"line":98,"column":11}},"51":{"start":{"line":101,"column":8},"end":{"line":101,"column":42}},"52":{"start":{"line":104,"column":6},"end":{"line":104,"column":48}},"53":{"start":{"line":105,"column":6},"end":{"line":105,"column":54}},"54":{"start":{"line":106,"column":6},"end":{"line":108,"column":9}},"55":{"start":{"line":110,"column":6},"end":{"line":110,"column":29}},"56":{"start":{"line":114,"column":2},"end":{"line":259,"column":4}},"57":{"start":{"line":212,"column":33},"end":{"line":212,"column":63}}},"fnMap":{"0":{"name":"RegisterPage","decl":{"start":{"line":21,"column":24},"end":{"line":21,"column":36}},"loc":{"start":{"line":21,"column":36},"end":{"line":260,"column":1}}},"1":{"name":"(anonymous_8)","decl":{"start":{"line":37,"column":23},"end":{"line":37,"column":24}},"loc":{"start":{"line":37,"column":66},"end":{"line":45,"column":3}}},"2":{"name":"(anonymous_9)","decl":{"start":{"line":39,"column":16},"end":{"line":39,"column":17}},"loc":{"start":{"line":39,"column":27},"end":{"line":39,"column":53}}},"3":{"name":"(anonymous_10)","decl":{"start":{"line":43,"column":20},"end":{"line":43,"column":21}},"loc":{"start":{"line":43,"column":31},"end":{"line":43,"column":54}}},"4":{"name":"(anonymous_11)","decl":{"start":{"line":47,"column":23},"end":{"line":47,"column":35}},"loc":{"start":{"line":47,"column":37},"end":{"line":63,"column":3}}},"5":{"name":"(anonymous_12)","decl":{"start":{"line":55,"column":29},"end":{"line":55,"column":30}},"loc":{"start":{"line":55,"column":37},"end":{"line":58,"column":9}}},"6":{"name":"(anonymous_13)","decl":{"start":{"line":65,"column":23},"end":{"line":65,"column":28}},"loc":{"start":{"line":65,"column":52},"end":{"line":112,"column":3}}},"7":{"name":"(anonymous_14)","decl":{"start":{"line":212,"column":27},"end":{"line":212,"column":30}},"loc":{"start":{"line":212,"column":33},"end":{"line":212,"column":63}}}},"branchMap":{"0":{"loc":{"start":{"line":42,"column":4},"end":{"line":44,"column":5}},"type":"if","locations":[{"start":{"line":42,"column":4},"end":{"line":44,"column":5}}]},"1":{"loc":{"start":{"line":53,"column":6},"end":{"line":60,"column":7}},"type":"if","locations":[{"start":{"line":53,"column":6},"end":{"line":60,"column":7}}]},"2":{"loc":{"start":{"line":68,"column":4},"end":{"line":68,"column":29}},"type":"if","locations":[{"start":{"line":68,"column":4},"end":{"line":68,"column":29}}]},"3":{"loc":{"start":{"line":71,"column":4},"end":{"line":71,"column":32}},"type":"if","locations":[{"start":{"line":71,"column":4},"end":{"line":71,"column":32}}]},"4":{"loc":{"start":{"line":82,"column":19},"end":{"line":82,"column":43}},"type":"binary-expr","locations":[{"start":{"line":82,"column":19},"end":{"line":82,"column":35}},{"start":{"line":82,"column":39},"end":{"line":82,"column":43}}]},"5":{"loc":{"start":{"line":87,"column":6},"end":{"line":93,"column":7}},"type":"if","locations":[{"start":{"line":87,"column":6},"end":{"line":93,"column":7}}]},"6":{"loc":{"start":{"line":88,"column":24},"end":{"line":88,"column":67}},"type":"binary-expr","locations":[{"start":{"line":88,"column":24},"end":{"line":88,"column":37}},{"start":{"line":88,"column":41},"end":{"line":88,"column":67}}]},"7":{"loc":{"start":{"line":90,"column":23},"end":{"line":90,"column":85}},"type":"binary-expr","locations":[{"start":{"line":90,"column":23},"end":{"line":90,"column":36}},{"start":{"line":90,"column":40},"end":{"line":90,"column":85}}]},"8":{"loc":{"start":{"line":95,"column":6},"end":{"line":102,"column":7}},"type":"if","locations":[{"start":{"line":95,"column":6},"end":{"line":102,"column":7}}]},"9":{"loc":{"start":{"line":144,"column":18},"end":{"line":144,"column":null}},"type":"cond-expr","locations":[{"start":{"line":144,"column":37},"end":{"line":144,"column":53}},{"start":{"line":144,"column":56},"end":{"line":144,"column":null}}]},"10":{"loc":{"start":{"line":148,"column":15},"end":{"line":149,"column":null}},"type":"binary-expr","locations":[{"start":{"line":148,"column":15},"end":{"line":148,"column":31}},{"start":{"line":149,"column":16},"end":{"line":149,"column":79}}]},"11":{"loc":{"start":{"line":166,"column":18},"end":{"line":166,"column":null}},"type":"cond-expr","locations":[{"start":{"line":166,"column":40},"end":{"line":166,"column":56}},{"start":{"line":166,"column":59},"end":{"line":166,"column":null}}]},"12":{"loc":{"start":{"line":170,"column":15},"end":{"line":171,"column":null}},"type":"binary-expr","locations":[{"start":{"line":170,"column":15},"end":{"line":170,"column":34}},{"start":{"line":171,"column":16},"end":{"line":171,"column":82}}]},"13":{"loc":{"start":{"line":199,"column":24},"end":{"line":199,"column":58}},"type":"cond-expr","locations":[{"start":{"line":199,"column":39},"end":{"line":199,"column":45}},{"start":{"line":199,"column":48},"end":{"line":199,"column":58}}]},"14":{"loc":{"start":{"line":205,"column":20},"end":{"line":205,"column":null}},"type":"cond-expr","locations":[{"start":{"line":205,"column":42},"end":{"line":205,"column":58}},{"start":{"line":205,"column":61},"end":{"line":205,"column":null}}]},"15":{"loc":{"start":{"line":214,"column":19},"end":{"line":217,"column":null}},"type":"cond-expr","locations":[{"start":{"line":215,"column":20},"end":{"line":215,"column":64}},{"start":{"line":217,"column":20},"end":{"line":217,"column":61}}]},"16":{"loc":{"start":{"line":221,"column":15},"end":{"line":222,"column":null}},"type":"binary-expr","locations":[{"start":{"line":221,"column":15},"end":{"line":221,"column":34}},{"start":{"line":222,"column":16},"end":{"line":222,"column":82}}]},"17":{"loc":{"start":{"line":227,"column":11},"end":{"line":230,"column":null}},"type":"binary-expr","locations":[{"start":{"line":227,"column":11},"end":{"line":227,"column":23}},{"start":{"line":228,"column":12},"end":{"line":229,"column":null}}]},"18":{"loc":{"start":{"line":236,"column":24},"end":{"line":236,"column":49}},"type":"binary-expr","locations":[{"start":{"line":236,"column":24},"end":{"line":236,"column":36}},{"start":{"line":236,"column":40},"end":{"line":236,"column":49}}]},"19":{"loc":{"start":{"line":242,"column":15},"end":{"line":242,"column":70}},"type":"cond-expr","locations":[{"start":{"line":242,"column":30},"end":{"line":242,"column":51}},{"start":{"line":242,"column":54},"end":{"line":242,"column":70}}]}},"s":{"0":0,"1":0,"2":0,"3":0,"4":0,"5":0,"6":0,"7":0,"8":0,"9":0,"10":0,"11":0,"12":0,"13":0,"14":0,"15":0,"16":0,"17":0,"18":0,"19":0,"20":0,"21":0,"22":0,"23":0,"24":0,"25":0,"26":0,"27":0,"28":0,"29":0,"30":0,"31":0,"32":0,"33":0,"34":0,"35":0,"36":0,"37":0,"38":0,"39":0,"40":0,"41":0,"42":0,"43":0,"44":0,"45":0,"46":0,"47":0,"48":0,"49":0,"50":0,"51":0,"52":0,"53":0,"54":0,"55":0,"56":0,"57":0},"f":{"0":0,"1":0,"2":0,"3":0,"4":0,"5":0,"6":0,"7":0},"b":{"0":[0],"1":[0],"2":[0],"3":[0],"4":[0,0],"5":[0],"6":[0,0],"7":[0,0],"8":[0],"9":[0,0],"10":[0,0],"11":[0,0],"12":[0,0],"13":[0,0],"14":[0,0],"15":[0,0],"16":[0,0],"17":[0,0],"18":[0,0],"19":[0,0]}}
,"/Users/zach/CascadeProjects/pallet-puzzle-optimizer/src/app/auth/reset-password/page.tsx": {"path":"/Users/zach/CascadeProjects/pallet-puzzle-optimizer/src/app/auth/reset-password/page.tsx","statementMap":{"0":{"start":{"line":20,"column":0},"end":{"line":20,"column":24}},"1":{"start":{"line":3,"column":0},"end":{"line":3,"column":51}},"2":{"start":{"line":4,"column":0},"end":{"line":4,"column":61}},"3":{"start":{"line":5,"column":0},"end":{"line":5,"column":29}},"4":{"start":{"line":6,"column":0},"end":{"line":6,"column":42}},"5":{"start":{"line":7,"column":0},"end":{"line":7,"column":60}},"6":{"start":{"line":8,"column":0},"end":{"line":8,"column":31}},"7":{"start":{"line":9,"column":0},"end":{"line":9,"column":24}},"8":{"start":{"line":12,"column":23},"end":{"line":18,"column":2}},"9":{"start":{"line":15,"column":18},"end":{"line":15,"column":56}},"10":{"start":{"line":21,"column":17},"end":{"line":21,"column":28}},"11":{"start":{"line":22,"column":23},"end":{"line":22,"column":40}},"12":{"start":{"line":24,"column":34},"end":{"line":24,"column":46}},"13":{"start":{"line":25,"column":48},"end":{"line":25,"column":60}},"14":{"start":{"line":26,"column":42},"end":{"line":26,"column":57}},"15":{"start":{"line":27,"column":36},"end":{"line":27,"column":48}},"16":{"start":{"line":28,"column":42},"end":{"line":28,"column":57}},"17":{"start":{"line":29,"column":36},"end":{"line":29,"column":51}},"18":{"start":{"line":30,"column":42},"end":{"line":30,"column":57}},"19":{"start":{"line":33,"column":2},"end":{"line":41,"column":21}},"20":{"start":{"line":34,"column":18},"end":{"line":34,"column":44}},"21":{"start":{"line":35,"column":4},"end":{"line":38,"column":5}},"22":{"start":{"line":36,"column":6},"end":{"line":36,"column":96}},"23":{"start":{"line":37,"column":6},"end":{"line":37,"column":13}},"24":{"start":{"line":40,"column":4},"end":{"line":40,"column":26}},"25":{"start":{"line":43,"column":23},"end":{"line":54,"column":3}},"26":{"start":{"line":44,"column":4},"end":{"line":53,"column":5}},"27":{"start":{"line":45,"column":6},"end":{"line":45,"column":58}},"28":{"start":{"line":46,"column":6},"end":{"line":46,"column":23}},"29":{"start":{"line":47,"column":6},"end":{"line":47,"column":18}},"30":{"start":{"line":49,"column":6},"end":{"line":51,"column":7}},"31":{"start":{"line":50,"column":8},"end":{"line":50,"column":46}},"32":{"start":{"line":52,"column":6},"end":{"line":52,"column":19}},"33":{"start":{"line":56,"column":23},"end":{"line":99,"column":3}},"34":{"start":{"line":57,"column":4},"end":{"line":57,"column":23}},"35":{"start":{"line":59,"column":4},"end":{"line":59,"column":46}},"36":{"start":{"line":59,"column":39},"end":{"line":59,"column":46}},"37":{"start":{"line":62,"column":4},"end":{"line":62,"column":32}},"38":{"start":{"line":62,"column":25},"end":{"line":62,"column":32}},"39":{"start":{"line":64,"column":4},"end":{"line":64,"column":26}},"40":{"start":{"line":66,"column":4},"end":{"line":98,"column":5}},"41":{"start":{"line":67,"column":24},"end":{"line":69,"column":8}},"42":{"start":{"line":71,"column":6},"end":{"line":77,"column":7}},"43":{"start":{"line":72,"column":8},"end":{"line":72,"column":66}},"44":{"start":{"line":73,"column":8},"end":{"line":75,"column":11}},"45":{"start":{"line":76,"column":8},"end":{"line":76,"column":15}},"46":{"start":{"line":80,"column":6},"end":{"line":80,"column":25}},"47":{"start":{"line":81,"column":6},"end":{"line":83,"column":9}},"48":{"start":{"line":86,"column":6},"end":{"line":88,"column":15}},"49":{"start":{"line":87,"column":8},"end":{"line":87,"column":35}},"50":{"start":{"line":91,"column":6},"end":{"line":91,"column":50}},"51":{"start":{"line":92,"column":6},"end":{"line":92,"column":51}},"52":{"start":{"line":93,"column":6},"end":{"line":95,"column":9}},"53":{"start":{"line":97,"column":6},"end":{"line":97,"column":29}},"54":{"start":{"line":101,"column":2},"end":{"line":131,"column":3}},"55":{"start":{"line":102,"column":4},"end":{"line":130,"column":6}},"56":{"start":{"line":133,"column":2},"end":{"line":227,"column":4}},"57":{"start":{"line":159,"column":35},"end":{"line":159,"column":62}},"58":{"start":{"line":167,"column":33},"end":{"line":167,"column":63}},"59":{"start":{"line":191,"column":35},"end":{"line":191,"column":69}}},"fnMap":{"0":{"name":"(anonymous_7)","decl":{"start":{"line":15,"column":10},"end":{"line":15,"column":14}},"loc":{"start":{"line":15,"column":18},"end":{"line":15,"column":56}}},"1":{"name":"ResetPasswordPage","decl":{"start":{"line":20,"column":24},"end":{"line":20,"column":41}},"loc":{"start":{"line":20,"column":41},"end":{"line":228,"column":1}}},"2":{"name":"(anonymous_9)","decl":{"start":{"line":33,"column":12},"end":{"line":33,"column":15}},"loc":{"start":{"line":33,"column":17},"end":{"line":41,"column":3}}},"3":{"name":"(anonymous_10)","decl":{"start":{"line":43,"column":23},"end":{"line":43,"column":35}},"loc":{"start":{"line":43,"column":37},"end":{"line":54,"column":3}}},"4":{"name":"(anonymous_11)","decl":{"start":{"line":56,"column":23},"end":{"line":56,"column":28}},"loc":{"start":{"line":56,"column":52},"end":{"line":99,"column":3}}},"5":{"name":"(anonymous_12)","decl":{"start":{"line":86,"column":17},"end":{"line":86,"column":20}},"loc":{"start":{"line":86,"column":22},"end":{"line":88,"column":7}}},"6":{"name":"(anonymous_13)","decl":{"start":{"line":159,"column":28},"end":{"line":159,"column":29}},"loc":{"start":{"line":159,"column":35},"end":{"line":159,"column":62}}},"7":{"name":"(anonymous_14)","decl":{"start":{"line":167,"column":27},"end":{"line":167,"column":30}},"loc":{"start":{"line":167,"column":33},"end":{"line":167,"column":63}}},"8":{"name":"(anonymous_15)","decl":{"start":{"line":191,"column":28},"end":{"line":191,"column":29}},"loc":{"start":{"line":191,"column":35},"end":{"line":191,"column":69}}}},"branchMap":{"0":{"loc":{"start":{"line":35,"column":4},"end":{"line":38,"column":5}},"type":"if","locations":[{"start":{"line":35,"column":4},"end":{"line":38,"column":5}}]},"1":{"loc":{"start":{"line":49,"column":6},"end":{"line":51,"column":7}},"type":"if","locations":[{"start":{"line":49,"column":6},"end":{"line":51,"column":7}}]},"2":{"loc":{"start":{"line":59,"column":4},"end":{"line":59,"column":46}},"type":"if","locations":[{"start":{"line":59,"column":4},"end":{"line":59,"column":46}}]},"3":{"loc":{"start":{"line":59,"column":8},"end":{"line":59,"column":37}},"type":"binary-expr","locations":[{"start":{"line":59,"column":8},"end":{"line":59,"column":20}},{"start":{"line":59,"column":24},"end":{"line":59,"column":37}}]},"4":{"loc":{"start":{"line":62,"column":4},"end":{"line":62,"column":32}},"type":"if","locations":[{"start":{"line":62,"column":4},"end":{"line":62,"column":32}}]},"5":{"loc":{"start":{"line":71,"column":6},"end":{"line":77,"column":7}},"type":"if","locations":[{"start":{"line":71,"column":6},"end":{"line":77,"column":7}}]},"6":{"loc":{"start":{"line":72,"column":21},"end":{"line":72,"column":64}},"type":"binary-expr","locations":[{"start":{"line":72,"column":21},"end":{"line":72,"column":34}},{"start":{"line":72,"column":38},"end":{"line":72,"column":64}}]},"7":{"loc":{"start":{"line":74,"column":23},"end":{"line":74,"column":86}},"type":"binary-expr","locations":[{"start":{"line":74,"column":23},"end":{"line":74,"column":36}},{"start":{"line":74,"column":40},"end":{"line":74,"column":86}}]},"8":{"loc":{"start":{"line":101,"column":2},"end":{"line":131,"column":3}},"type":"if","locations":[{"start":{"line":101,"column":2},"end":{"line":131,"column":3}}]},"9":{"loc":{"start":{"line":155,"column":24},"end":{"line":155,"column":58}},"type":"cond-expr","locations":[{"start":{"line":155,"column":39},"end":{"line":155,"column":45}},{"start":{"line":155,"column":48},"end":{"line":155,"column":58}}]},"10":{"loc":{"start":{"line":170,"column":19},"end":{"line":173,"column":null}},"type":"cond-expr","locations":[{"start":{"line":171,"column":20},"end":{"line":171,"column":64}},{"start":{"line":173,"column":20},"end":{"line":173,"column":61}}]},"11":{"loc":{"start":{"line":187,"column":24},"end":{"line":187,"column":58}},"type":"cond-expr","locations":[{"start":{"line":187,"column":39},"end":{"line":187,"column":45}},{"start":{"line":187,"column":48},"end":{"line":187,"column":58}}]},"12":{"loc":{"start":{"line":200,"column":11},"end":{"line":203,"column":null}},"type":"binary-expr","locations":[{"start":{"line":200,"column":11},"end":{"line":200,"column":20}},{"start":{"line":201,"column":12},"end":{"line":202,"column":null}}]},"13":{"loc":{"start":{"line":209,"column":24},"end":{"line":209,"column":53}},"type":"binary-expr","locations":[{"start":{"line":209,"column":24},"end":{"line":209,"column":36}},{"start":{"line":209,"column":40},"end":{"line":209,"column":53}}]},"14":{"loc":{"start":{"line":215,"column":15},"end":{"line":215,"column":72}},"type":"cond-expr","locations":[{"start":{"line":215,"column":30},"end":{"line":215,"column":53}},{"start":{"line":215,"column":56},"end":{"line":215,"column":72}}]}},"s":{"0":0,"1":0,"2":0,"3":0,"4":0,"5":0,"6":0,"7":0,"8":0,"9":0,"10":0,"11":0,"12":0,"13":0,"14":0,"15":0,"16":0,"17":0,"18":0,"19":0,"20":0,"21":0,"22":0,"23":0,"24":0,"25":0,"26":0,"27":0,"28":0,"29":0,"30":0,"31":0,"32":0,"33":0,"34":0,"35":0,"36":0,"37":0,"38":0,"39":0,"40":0,"41":0,"42":0,"43":0,"44":0,"45":0,"46":0,"47":0,"48":0,"49":0,"50":0,"51":0,"52":0,"53":0,"54":0,"55":0,"56":0,"57":0,"58":0,"59":0},"f":{"0":0,"1":0,"2":0,"3":0,"4":0,"5":0,"6":0,"7":0,"8":0},"b":{"0":[0],"1":[0],"2":[0],"3":[0,0],"4":[0],"5":[0],"6":[0,0],"7":[0,0],"8":[0],"9":[0,0],"10":[0,0],"11":[0,0],"12":[0,0],"13":[0,0],"14":[0,0]}}
,"/Users/zach/CascadeProjects/pallet-puzzle-optimizer/src/app/dashboard/layout.tsx": {"path":"/Users/zach/CascadeProjects/pallet-puzzle-optimizer/src/app/dashboard/layout.tsx","statementMap":{"0":{"start":{"line":22,"column":0},"end":{"line":22,"column":24}},"1":{"start":{"line":3,"column":0},"end":{"line":3,"column":26}},"2":{"start":{"line":4,"column":0},"end":{"line":4,"column":29}},"3":{"start":{"line":5,"column":0},"end":{"line":5,"column":46}},"4":{"start":{"line":6,"column":0},"end":{"line":6,"column":39}},"5":{"start":{"line":7,"column":0},"end":{"line":7,"column":null}},"6":{"start":{"line":15,"column":0},"end":{"line":15,"column":57}},"7":{"start":{"line":16,"column":0},"end":{"line":16,"column":31}},"8":{"start":{"line":27,"column":19},"end":{"line":27,"column":32}},"9":{"start":{"line":28,"column":22},"end":{"line":28,"column":35}},"10":{"start":{"line":30,"column":24},"end":{"line":38,"column":3}},"11":{"start":{"line":31,"column":4},"end":{"line":37,"column":5}},"12":{"start":{"line":32,"column":6},"end":{"line":32,"column":22}},"13":{"start":{"line":33,"column":6},"end":{"line":33,"column":47}},"14":{"start":{"line":35,"column":6},"end":{"line":35,"column":49}},"15":{"start":{"line":36,"column":6},"end":{"line":36,"column":40}},"16":{"start":{"line":40,"column":19},"end":{"line":66,"column":4}},"17":{"start":{"line":68,"column":2},"end":{"line":149,"column":4}},"18":{"start":{"line":82,"column":31},"end":{"line":82,"column":93}},"19":{"start":{"line":84,"column":14},"end":{"line":106,"column":16}},"20":{"start":{"line":126,"column":29},"end":{"line":126,"column":91}},"21":{"start":{"line":128,"column":12},"end":{"line":139,"column":14}}},"fnMap":{"0":{"name":"DashboardLayout","decl":{"start":{"line":22,"column":24},"end":{"line":22,"column":39}},"loc":{"start":{"line":26,"column":1},"end":{"line":150,"column":1}}},"1":{"name":"(anonymous_2)","decl":{"start":{"line":30,"column":24},"end":{"line":30,"column":29}},"loc":{"start":{"line":30,"column":35},"end":{"line":38,"column":3}}},"2":{"name":"(anonymous_3)","decl":{"start":{"line":81,"column":26},"end":{"line":81,"column":27}},"loc":{"start":{"line":81,"column":35},"end":{"line":107,"column":13}}},"3":{"name":"(anonymous_4)","decl":{"start":{"line":125,"column":36},"end":{"line":125,"column":37}},"loc":{"start":{"line":125,"column":45},"end":{"line":140,"column":11}}}},"branchMap":{"0":{"loc":{"start":{"line":82,"column":31},"end":{"line":82,"column":93}},"type":"binary-expr","locations":[{"start":{"line":82,"column":31},"end":{"line":82,"column":53}},{"start":{"line":82,"column":57},"end":{"line":82,"column":93}}]},"1":{"loc":{"start":{"line":89,"column":20},"end":{"line":91,"column":null}},"type":"cond-expr","locations":[{"start":{"line":90,"column":24},"end":{"line":90,"column":50}},{"start":{"line":91,"column":24},"end":{"line":91,"column":null}}]},"2":{"loc":{"start":{"line":94,"column":19},"end":{"line":101,"column":null}},"type":"binary-expr","locations":[{"start":{"line":94,"column":19},"end":{"line":94,"column":27}},{"start":{"line":95,"column":20},"end":{"line":100,"column":null}}]},"3":{"loc":{"start":{"line":126,"column":29},"end":{"line":126,"column":91}},"type":"binary-expr","locations":[{"start":{"line":126,"column":29},"end":{"line":126,"column":51}},{"start":{"line":126,"column":55},"end":{"line":126,"column":91}}]},"4":{"loc":{"start":{"line":133,"column":18},"end":{"line":133,"column":null}},"type":"cond-expr","locations":[{"start":{"line":133,"column":29},"end":{"line":133,"column":44}},{"start":{"line":133,"column":47},"end":{"line":133,"column":null}}]}},"s":{"0":0,"1":0,"2":0,"3":0,"4":0,"5":0,"6":0,"7":0,"8":0,"9":0,"10":0,"11":0,"12":0,"13":0,"14":0,"15":0,"16":0,"17":0,"18":0,"19":0,"20":0,"21":0},"f":{"0":0,"1":0,"2":0,"3":0},"b":{"0":[0,0],"1":[0,0],"2":[0,0],"3":[0,0],"4":[0,0]}}
,"/Users/zach/CascadeProjects/pallet-puzzle-optimizer/src/app/dashboard/page.refactored.tsx": {"path":"/Users/zach/CascadeProjects/pallet-puzzle-optimizer/src/app/dashboard/page.refactored.tsx","statementMap":{"0":{"start":{"line":42,"column":0},"end":{"line":42,"column":24}},"1":{"start":{"line":3,"column":0},"end":{"line":3,"column":59}},"2":{"start":{"line":4,"column":0},"end":{"line":4,"column":29}},"3":{"start":{"line":5,"column":0},"end":{"line":5,"column":39}},"4":{"start":{"line":6,"column":0},"end":{"line":6,"column":null}},"5":{"start":{"line":21,"column":0},"end":{"line":21,"column":62}},"6":{"start":{"line":22,"column":0},"end":{"line":22,"column":60}},"7":{"start":{"line":23,"column":0},"end":{"line":23,"column":64}},"8":{"start":{"line":26,"column":0},"end":{"line":26,"column":42}},"9":{"start":{"line":29,"column":0},"end":{"line":29,"column":79}},"10":{"start":{"line":30,"column":0},"end":{"line":30,"column":52}},"11":{"start":{"line":43,"column":29},"end":{"line":43,"column":38}},"12":{"start":{"line":44,"column":30},"end":{"line":44,"column":51}},"13":{"start":{"line":45,"column":36},"end":{"line":45,"column":50}},"14":{"start":{"line":46,"column":28},"end":{"line":46,"column":57}},"15":{"start":{"line":49,"column":22},"end":{"line":49,"column":65}},"16":{"start":{"line":50,"column":24},"end":{"line":50,"column":70}},"17":{"start":{"line":53,"column":28},"end":{"line":61,"column":4}},"18":{"start":{"line":63,"column":23},"end":{"line":66,"column":4}},"19":{"start":{"line":68,"column":2},"end":{"line":109,"column":23}},"20":{"start":{"line":69,"column":24},"end":{"line":106,"column":5}},"21":{"start":{"line":70,"column":6},"end":{"line":70,"column":24}},"22":{"start":{"line":70,"column":17},"end":{"line":70,"column":24}},"23":{"start":{"line":72,"column":6},"end":{"line":105,"column":7}},"24":{"start":{"line":73,"column":8},"end":{"line":73,"column":27}},"25":{"start":{"line":74,"column":8},"end":{"line":74,"column":23}},"26":{"start":{"line":76,"column":47},"end":{"line":80,"column":52}},"27":{"start":{"line":82,"column":8},"end":{"line":84,"column":9}},"28":{"start":{"line":83,"column":10},"end":{"line":83,"column":30}},"29":{"start":{"line":86,"column":8},"end":{"line":86,"column":30}},"30":{"start":{"line":89,"column":8},"end":{"line":93,"column":9}},"31":{"start":{"line":90,"column":10},"end":{"line":90,"column":75}},"32":{"start":{"line":92,"column":10},"end":{"line":92,"column":62}},"33":{"start":{"line":95,"column":31},"end":{"line":99,"column":10}},"34":{"start":{"line":101,"column":8},"end":{"line":101,"column":41}},"35":{"start":{"line":102,"column":8},"end":{"line":102,"column":80}},"36":{"start":{"line":104,"column":8},"end":{"line":104,"column":28}},"37":{"start":{"line":108,"column":4},"end":{"line":108,"column":18}},"38":{"start":{"line":112,"column":21},"end":{"line":119,"column":3}},"39":{"start":{"line":113,"column":17},"end":{"line":113,"column":37}},"40":{"start":{"line":114,"column":4},"end":{"line":118,"column":7}},"41":{"start":{"line":122,"column":20},"end":{"line":125,"column":3}},"42":{"start":{"line":123,"column":4},"end":{"line":123,"column":33}},"43":{"start":{"line":123,"column":20},"end":{"line":123,"column":33}},"44":{"start":{"line":124,"column":4},"end":{"line":124,"column":44}},"45":{"start":{"line":127,"column":2},"end":{"line":522,"column":4}},"46":{"start":{"line":331,"column":24},"end":{"line":332,"column":null}},"47":{"start":{"line":461,"column":48},"end":{"line":461,"column":72}}},"fnMap":{"0":{"name":"DashboardPage","decl":{"start":{"line":42,"column":24},"end":{"line":42,"column":37}},"loc":{"start":{"line":42,"column":37},"end":{"line":523,"column":1}}},"1":{"name":"(anonymous_8)","decl":{"start":{"line":68,"column":12},"end":{"line":68,"column":15}},"loc":{"start":{"line":68,"column":17},"end":{"line":109,"column":3}}},"2":{"name":"(anonymous_9)","decl":{"start":{"line":69,"column":24},"end":{"line":69,"column":29}},"loc":{"start":{"line":69,"column":35},"end":{"line":106,"column":5}}},"3":{"name":"(anonymous_10)","decl":{"start":{"line":112,"column":21},"end":{"line":112,"column":22}},"loc":{"start":{"line":112,"column":44},"end":{"line":119,"column":3}}},"4":{"name":"(anonymous_11)","decl":{"start":{"line":122,"column":20},"end":{"line":122,"column":21}},"loc":{"start":{"line":122,"column":49},"end":{"line":125,"column":3}}},"5":{"name":"(anonymous_12)","decl":{"start":{"line":330,"column":46},"end":{"line":330,"column":47}},"loc":{"start":{"line":331,"column":24},"end":{"line":332,"column":null}}},"6":{"name":"(anonymous_13)","decl":{"start":{"line":461,"column":43},"end":{"line":461,"column":44}},"loc":{"start":{"line":461,"column":48},"end":{"line":461,"column":72}}}},"branchMap":{"0":{"loc":{"start":{"line":70,"column":6},"end":{"line":70,"column":24}},"type":"if","locations":[{"start":{"line":70,"column":6},"end":{"line":70,"column":24}}]},"1":{"loc":{"start":{"line":82,"column":8},"end":{"line":84,"column":9}},"type":"if","locations":[{"start":{"line":82,"column":8},"end":{"line":84,"column":9}}]},"2":{"loc":{"start":{"line":86,"column":18},"end":{"line":86,"column":28}},"type":"binary-expr","locations":[{"start":{"line":86,"column":18},"end":{"line":86,"column":22}},{"start":{"line":86,"column":26},"end":{"line":86,"column":28}}]},"3":{"loc":{"start":{"line":89,"column":8},"end":{"line":93,"column":9}},"type":"if","locations":[{"start":{"line":89,"column":8},"end":{"line":93,"column":9}},{"start":{"line":91,"column":15},"end":{"line":93,"column":9}}]},"4":{"loc":{"start":{"line":89,"column":12},"end":{"line":89,"column":35}},"type":"binary-expr","locations":[{"start":{"line":89,"column":12},"end":{"line":89,"column":16}},{"start":{"line":89,"column":20},"end":{"line":89,"column":35}}]},"5":{"loc":{"start":{"line":123,"column":4},"end":{"line":123,"column":33}},"type":"if","locations":[{"start":{"line":123,"column":4},"end":{"line":123,"column":33}}]},"6":{"loc":{"start":{"line":198,"column":26},"end":{"line":198,"column":66}},"type":"binary-expr","locations":[{"start":{"line":198,"column":26},"end":{"line":198,"column":56}},{"start":{"line":198,"column":60},"end":{"line":198,"column":66}}]},"7":{"loc":{"start":{"line":279,"column":15},"end":{"line":404,"column":null}},"type":"cond-expr","locations":[{"start":{"line":280,"column":16},"end":{"line":281,"column":null}},{"start":{"line":283,"column":18},"end":{"line":404,"column":null}}]},"8":{"loc":{"start":{"line":283,"column":18},"end":{"line":404,"column":null}},"type":"cond-expr","locations":[{"start":{"line":284,"column":16},"end":{"line":288,"column":null}},{"start":{"line":290,"column":18},"end":{"line":404,"column":null}}]},"9":{"loc":{"start":{"line":290,"column":18},"end":{"line":404,"column":null}},"type":"cond-expr","locations":[{"start":{"line":291,"column":16},"end":{"line":301,"column":null}},{"start":{"line":304,"column":16},"end":{"line":403,"column":null}}]},"10":{"loc":{"start":{"line":333,"column":37},"end":{"line":333,"column":83}},"type":"cond-expr","locations":[{"start":{"line":333,"column":67},"end":{"line":333,"column":78}},{"start":{"line":333,"column":81},"end":{"line":333,"column":83}}]},"11":{"loc":{"start":{"line":339,"column":29},"end":{"line":345,"column":null}},"type":"binary-expr","locations":[{"start":{"line":339,"column":29},"end":{"line":339,"column":56}},{"start":{"line":340,"column":30},"end":{"line":342,"column":null}}]},"12":{"loc":{"start":{"line":352,"column":29},"end":{"line":352,"column":86}},"type":"cond-expr","locations":[{"start":{"line":352,"column":48},"end":{"line":352,"column":76}},{"start":{"line":352,"column":79},"end":{"line":352,"column":86}}]},"13":{"loc":{"start":{"line":358,"column":47},"end":{"line":358,"column":68}},"type":"binary-expr","locations":[{"start":{"line":358,"column":47},"end":{"line":358,"column":63}},{"start":{"line":358,"column":67},"end":{"line":358,"column":68}}]},"14":{"loc":{"start":{"line":361,"column":33},"end":{"line":361,"column":54}},"type":"binary-expr","locations":[{"start":{"line":361,"column":33},"end":{"line":361,"column":49}},{"start":{"line":361,"column":53},"end":{"line":361,"column":54}}]},"15":{"loc":{"start":{"line":365,"column":47},"end":{"line":365,"column":69}},"type":"binary-expr","locations":[{"start":{"line":365,"column":47},"end":{"line":365,"column":64}},{"start":{"line":365,"column":68},"end":{"line":365,"column":69}}]},"16":{"loc":{"start":{"line":368,"column":33},"end":{"line":368,"column":55}},"type":"binary-expr","locations":[{"start":{"line":368,"column":33},"end":{"line":368,"column":50}},{"start":{"line":368,"column":54},"end":{"line":368,"column":55}}]},"17":{"loc":{"start":{"line":393,"column":19},"end":{"line":402,"column":null}},"type":"binary-expr","locations":[{"start":{"line":393,"column":19},"end":{"line":393,"column":36}},{"start":{"line":394,"column":20},"end":{"line":401,"column":null}}]}},"s":{"0":0,"1":0,"2":0,"3":0,"4":0,"5":0,"6":0,"7":0,"8":0,"9":0,"10":0,"11":0,"12":0,"13":0,"14":0,"15":0,"16":0,"17":0,"18":0,"19":0,"20":0,"21":0,"22":0,"23":0,"24":0,"25":0,"26":0,"27":0,"28":0,"29":0,"30":0,"31":0,"32":0,"33":0,"34":0,"35":0,"36":0,"37":0,"38":0,"39":0,"40":0,"41":0,"42":0,"43":0,"44":0,"45":0,"46":0,"47":0},"f":{"0":0,"1":0,"2":0,"3":0,"4":0,"5":0,"6":0},"b":{"0":[0],"1":[0],"2":[0,0],"3":[0,0],"4":[0,0],"5":[0],"6":[0,0],"7":[0,0],"8":[0,0],"9":[0,0],"10":[0,0],"11":[0,0],"12":[0,0],"13":[0,0],"14":[0,0],"15":[0,0],"16":[0,0],"17":[0,0]}}
,"/Users/zach/CascadeProjects/pallet-puzzle-optimizer/src/app/dashboard/page.tsx": {"path":"/Users/zach/CascadeProjects/pallet-puzzle-optimizer/src/app/dashboard/page.tsx","statementMap":{"0":{"start":{"line":32,"column":0},"end":{"line":32,"column":24}},"1":{"start":{"line":3,"column":0},"end":{"line":3,"column":38}},"2":{"start":{"line":4,"column":0},"end":{"line":4,"column":29}},"3":{"start":{"line":5,"column":0},"end":{"line":5,"column":39}},"4":{"start":{"line":6,"column":0},"end":{"line":6,"column":null}},"5":{"start":{"line":21,"column":0},"end":{"line":21,"column":62}},"6":{"start":{"line":22,"column":0},"end":{"line":22,"column":60}},"7":{"start":{"line":23,"column":0},"end":{"line":23,"column":64}},"8":{"start":{"line":26,"column":0},"end":{"line":26,"column":42}},"9":{"start":{"line":27,"column":0},"end":{"line":27,"column":46}},"10":{"start":{"line":30,"column":0},"end":{"line":30,"column":55}},"11":{"start":{"line":33,"column":19},"end":{"line":33,"column":28}},"12":{"start":{"line":40,"column":6},"end":{"line":40,"column":29}},"13":{"start":{"line":43,"column":22},"end":{"line":43,"column":65}},"14":{"start":{"line":44,"column":24},"end":{"line":44,"column":70}},"15":{"start":{"line":47,"column":28},"end":{"line":55,"column":4}},"16":{"start":{"line":57,"column":23},"end":{"line":60,"column":4}},"17":{"start":{"line":62,"column":2},"end":{"line":457,"column":4}},"18":{"start":{"line":266,"column":24},"end":{"line":267,"column":null}},"19":{"start":{"line":396,"column":48},"end":{"line":396,"column":72}}},"fnMap":{"0":{"name":"DashboardPage","decl":{"start":{"line":32,"column":24},"end":{"line":32,"column":37}},"loc":{"start":{"line":32,"column":37},"end":{"line":458,"column":1}}},"1":{"name":"(anonymous_8)","decl":{"start":{"line":265,"column":46},"end":{"line":265,"column":47}},"loc":{"start":{"line":266,"column":24},"end":{"line":267,"column":null}}},"2":{"name":"(anonymous_9)","decl":{"start":{"line":396,"column":43},"end":{"line":396,"column":44}},"loc":{"start":{"line":396,"column":48},"end":{"line":396,"column":72}}}},"branchMap":{"0":{"loc":{"start":{"line":133,"column":26},"end":{"line":133,"column":66}},"type":"binary-expr","locations":[{"start":{"line":133,"column":26},"end":{"line":133,"column":56}},{"start":{"line":133,"column":60},"end":{"line":133,"column":66}}]},"1":{"loc":{"start":{"line":214,"column":15},"end":{"line":339,"column":null}},"type":"cond-expr","locations":[{"start":{"line":215,"column":16},"end":{"line":216,"column":null}},{"start":{"line":218,"column":18},"end":{"line":339,"column":null}}]},"2":{"loc":{"start":{"line":218,"column":18},"end":{"line":339,"column":null}},"type":"cond-expr","locations":[{"start":{"line":219,"column":16},"end":{"line":223,"column":null}},{"start":{"line":225,"column":18},"end":{"line":339,"column":null}}]},"3":{"loc":{"start":{"line":225,"column":18},"end":{"line":339,"column":null}},"type":"cond-expr","locations":[{"start":{"line":226,"column":16},"end":{"line":236,"column":null}},{"start":{"line":239,"column":16},"end":{"line":338,"column":null}}]},"4":{"loc":{"start":{"line":268,"column":37},"end":{"line":268,"column":83}},"type":"cond-expr","locations":[{"start":{"line":268,"column":67},"end":{"line":268,"column":78}},{"start":{"line":268,"column":81},"end":{"line":268,"column":83}}]},"5":{"loc":{"start":{"line":274,"column":29},"end":{"line":280,"column":null}},"type":"binary-expr","locations":[{"start":{"line":274,"column":29},"end":{"line":274,"column":56}},{"start":{"line":275,"column":30},"end":{"line":277,"column":null}}]},"6":{"loc":{"start":{"line":287,"column":29},"end":{"line":287,"column":86}},"type":"cond-expr","locations":[{"start":{"line":287,"column":48},"end":{"line":287,"column":76}},{"start":{"line":287,"column":79},"end":{"line":287,"column":86}}]},"7":{"loc":{"start":{"line":293,"column":47},"end":{"line":293,"column":68}},"type":"binary-expr","locations":[{"start":{"line":293,"column":47},"end":{"line":293,"column":63}},{"start":{"line":293,"column":67},"end":{"line":293,"column":68}}]},"8":{"loc":{"start":{"line":296,"column":33},"end":{"line":296,"column":54}},"type":"binary-expr","locations":[{"start":{"line":296,"column":33},"end":{"line":296,"column":49}},{"start":{"line":296,"column":53},"end":{"line":296,"column":54}}]},"9":{"loc":{"start":{"line":300,"column":47},"end":{"line":300,"column":69}},"type":"binary-expr","locations":[{"start":{"line":300,"column":47},"end":{"line":300,"column":64}},{"start":{"line":300,"column":68},"end":{"line":300,"column":69}}]},"10":{"loc":{"start":{"line":303,"column":33},"end":{"line":303,"column":55}},"type":"binary-expr","locations":[{"start":{"line":303,"column":33},"end":{"line":303,"column":50}},{"start":{"line":303,"column":54},"end":{"line":303,"column":55}}]},"11":{"loc":{"start":{"line":328,"column":19},"end":{"line":337,"column":null}},"type":"binary-expr","locations":[{"start":{"line":328,"column":19},"end":{"line":328,"column":36}},{"start":{"line":329,"column":20},"end":{"line":336,"column":null}}]}},"s":{"0":0,"1":0,"2":0,"3":0,"4":0,"5":0,"6":0,"7":0,"8":0,"9":0,"10":0,"11":0,"12":0,"13":0,"14":0,"15":0,"16":0,"17":0,"18":0,"19":0},"f":{"0":0,"1":0,"2":0},"b":{"0":[0,0],"1":[0,0],"2":[0,0],"3":[0,0],"4":[0,0],"5":[0,0],"6":[0,0],"7":[0,0],"8":[0,0],"9":[0,0],"10":[0,0],"11":[0,0]}}
,"/Users/zach/CascadeProjects/pallet-puzzle-optimizer/src/app/dashboard/products/page.tsx": {"path":"/Users/zach/CascadeProjects/pallet-puzzle-optimizer/src/app/dashboard/products/page.tsx","statementMap":{"0":{"start":{"line":87,"column":0},"end":{"line":87,"column":24}},"1":{"start":{"line":3,"column":0},"end":{"line":3,"column":51}},"2":{"start":{"line":4,"column":0},"end":{"line":4,"column":44}},"3":{"start":{"line":5,"column":0},"end":{"line":5,"column":57}},"4":{"start":{"line":6,"column":0},"end":{"line":6,"column":null}},"5":{"start":{"line":16,"column":0},"end":{"line":16,"column":31}},"6":{"start":{"line":17,"column":0},"end":{"line":17,"column":null}},"7":{"start":{"line":24,"column":0},"end":{"line":24,"column":48}},"8":{"start":{"line":25,"column":0},"end":{"line":25,"column":46}},"9":{"start":{"line":26,"column":0},"end":{"line":26,"column":null}},"10":{"start":{"line":34,"column":0},"end":{"line":34,"column":null}},"11":{"start":{"line":42,"column":0},"end":{"line":42,"column":null}},"12":{"start":{"line":50,"column":0},"end":{"line":50,"column":60}},"13":{"start":{"line":51,"column":0},"end":{"line":51,"column":56}},"14":{"start":{"line":71,"column":29},"end":{"line":82,"column":2}},"15":{"start":{"line":71,"column":74},"end":{"line":82,"column":2}},"16":{"start":{"line":88,"column":29},"end":{"line":88,"column":42}},"17":{"start":{"line":89,"column":17},"end":{"line":89,"column":28}},"18":{"start":{"line":90,"column":34},"end":{"line":90,"column":66}},"19":{"start":{"line":91,"column":36},"end":{"line":91,"column":50}},"20":{"start":{"line":92,"column":40},"end":{"line":92,"column":52}},"21":{"start":{"line":93,"column":48},"end":{"line":93,"column":77}},"22":{"start":{"line":94,"column":38},"end":{"line":94,"column":53}},"23":{"start":{"line":95,"column":36},"end":{"line":95,"column":63}},"24":{"start":{"line":96,"column":44},"end":{"line":96,"column":74}},"25":{"start":{"line":98,"column":2},"end":{"line":123,"column":23}},"26":{"start":{"line":99,"column":4},"end":{"line":99,"column":22}},"27":{"start":{"line":99,"column":15},"end":{"line":99,"column":22}},"28":{"start":{"line":101,"column":26},"end":{"line":120,"column":5}},"29":{"start":{"line":102,"column":6},"end":{"line":119,"column":7}},"30":{"start":{"line":103,"column":8},"end":{"line":103,"column":27}},"31":{"start":{"line":105,"column":32},"end":{"line":109,"column":52}},"32":{"start":{"line":111,"column":8},"end":{"line":111,"column":31}},"33":{"start":{"line":111,"column":19},"end":{"line":111,"column":31}},"34":{"start":{"line":113,"column":8},"end":{"line":113,"column":32}},"35":{"start":{"line":115,"column":8},"end":{"line":115,"column":57}},"36":{"start":{"line":116,"column":8},"end":{"line":116,"column":47}},"37":{"start":{"line":118,"column":8},"end":{"line":118,"column":28}},"38":{"start":{"line":122,"column":4},"end":{"line":122,"column":20}},"39":{"start":{"line":125,"column":33},"end":{"line":127,"column":3}},"40":{"start":{"line":126,"column":4},"end":{"line":126,"column":43}},"41":{"start":{"line":129,"column":28},"end":{"line":131,"column":3}},"42":{"start":{"line":130,"column":4},"end":{"line":130,"column":57}},"43":{"start":{"line":133,"column":30},"end":{"line":155,"column":3}},"44":{"start":{"line":134,"column":4},"end":{"line":134,"column":33}},"45":{"start":{"line":134,"column":26},"end":{"line":134,"column":33}},"46":{"start":{"line":136,"column":4},"end":{"line":154,"column":5}},"47":{"start":{"line":137,"column":6},"end":{"line":137,"column":26}},"48":{"start":{"line":139,"column":24},"end":{"line":142,"column":34}},"49":{"start":{"line":144,"column":6},"end":{"line":144,"column":29}},"50":{"start":{"line":144,"column":17},"end":{"line":144,"column":29}},"51":{"start":{"line":146,"column":6},"end":{"line":146,"column":78}},"52":{"start":{"line":146,"column":45},"end":{"line":146,"column":75}},"53":{"start":{"line":147,"column":6},"end":{"line":147,"column":52}},"54":{"start":{"line":148,"column":6},"end":{"line":148,"column":31}},"55":{"start":{"line":150,"column":6},"end":{"line":150,"column":54}},"56":{"start":{"line":151,"column":6},"end":{"line":151,"column":46}},"57":{"start":{"line":153,"column":6},"end":{"line":153,"column":27}},"58":{"start":{"line":157,"column":21},"end":{"line":166,"column":3}},"59":{"start":{"line":158,"column":4},"end":{"line":165,"column":5}},"60":{"start":{"line":160,"column":6},"end":{"line":160,"column":65}},"61":{"start":{"line":163,"column":6},"end":{"line":163,"column":26}},"62":{"start":{"line":164,"column":6},"end":{"line":164,"column":30}},"63":{"start":{"line":168,"column":27},"end":{"line":189,"column":6}},"64":{"start":{"line":170,"column":6},"end":{"line":170,"column":68}},"65":{"start":{"line":173,"column":24},"end":{"line":173,"column":56}},"66":{"start":{"line":175,"column":6},"end":{"line":188,"column":7}},"67":{"start":{"line":177,"column":10},"end":{"line":177,"column":58}},"68":{"start":{"line":179,"column":10},"end":{"line":179,"column":97}},"69":{"start":{"line":181,"column":10},"end":{"line":181,"column":51}},"70":{"start":{"line":183,"column":10},"end":{"line":183,"column":55}},"71":{"start":{"line":185,"column":10},"end":{"line":185,"column":139}},"72":{"start":{"line":187,"column":10},"end":{"line":187,"column":19}},"73":{"start":{"line":191,"column":2},"end":{"line":197,"column":3}},"74":{"start":{"line":192,"column":4},"end":{"line":196,"column":6}},"75":{"start":{"line":199,"column":2},"end":{"line":384,"column":4}},"76":{"start":{"line":221,"column":29},"end":{"line":221,"column":59}},"77":{"start":{"line":253,"column":37},"end":{"line":253,"column":55}},"78":{"start":{"line":265,"column":37},"end":{"line":265,"column":61}},"79":{"start":{"line":277,"column":37},"end":{"line":277,"column":57}},"80":{"start":{"line":289,"column":37},"end":{"line":289,"column":59}},"81":{"start":{"line":301,"column":37},"end":{"line":301,"column":57}},"82":{"start":{"line":315,"column":18},"end":{"line":315,"column":null}},"83":{"start":{"line":333,"column":59},"end":{"line":333,"column":88}},"84":{"start":{"line":339,"column":43},"end":{"line":339,"column":73}},"85":{"start":{"line":357,"column":63},"end":{"line":357,"column":96}},"86":{"start":{"line":368,"column":29},"end":{"line":368,"column":53}}},"fnMa
[...]
ions":[{"start":{"line":98,"column":9},"end":{"line":100,"column":3}}]},"19":{"loc":{"start":{"line":98,"column":13},"end":{"line":98,"column":69}},"type":"binary-expr","locations":[{"start":{"line":98,"column":13},"end":{"line":98,"column":33}},{"start":{"line":98,"column":37},"end":{"line":98,"column":69}}]},"20":{"loc":{"start":{"line":111,"column":2},"end":{"line":154,"column":3}},"type":"switch","locations":[{"start":{"line":112,"column":4},"end":{"line":113,"column":60}},{"start":{"line":114,"column":4},"end":{"line":115,"column":59}},{"start":{"line":116,"column":4},"end":{"line":117,"column":58}},{"start":{"line":118,"column":4},"end":{"line":119,"column":67}},{"start":{"line":120,"column":4},"end":{"line":121,"column":88}},{"start":{"line":122,"column":4},"end":{"line":123,"column":88}},{"start":{"line":124,"column":4},"end":{"line":125,"column":61}},{"start":{"line":126,"column":4},"end":{"line":127,"column":54}},{"start":{"line":128,"column":4},"end":{"line":129,"column":89}},{"start":{"line":130,"column":4},"end":{"line":131,"column":80}},{"start":{"line":132,"column":4},"end":{"line":133,"column":56}},{"start":{"line":134,"column":4},"end":{"line":135,"column":64}},{"start":{"line":136,"column":4},"end":{"line":137,"column":58}},{"start":{"line":138,"column":4},"end":{"line":139,"column":78}},{"start":{"line":140,"column":4},"end":{"line":141,"column":66}},{"start":{"line":142,"column":4},"end":{"line":143,"column":58}},{"start":{"line":144,"column":4},"end":{"line":145,"column":68}},{"start":{"line":146,"column":4},"end":{"line":147,"column":78}},{"start":{"line":148,"column":4},"end":{"line":149,"column":72}},{"start":{"line":150,"column":4},"end":{"line":151,"column":51}},{"start":{"line":152,"column":4},"end":{"line":153,"column":63}}]},"21":{"loc":{"start":{"line":165,"column":2},"end":{"line":170,"column":8}},"type":"default-arg","locations":[{"start":{"line":170,"column":6},"end":{"line":170,"column":8}}]},"22":{"loc":{"start":{"line":173,"column":4},"end":{"line":173,"column":20}},"type":"default-arg","locations":[{"start":{"line":173,"column":16},"end":{"line":173,"column":20}}]},"23":{"loc":{"start":{"line":174,"column":4},"end":{"line":174,"column":23}},"type":"default-arg","locations":[{"start":{"line":174,"column":19},"end":{"line":174,"column":23}}]},"24":{"loc":{"start":{"line":175,"column":4},"end":{"line":175,"column":23}},"type":"default-arg","locations":[{"start":{"line":175,"column":18},"end":{"line":175,"column":23}}]},"25":{"loc":{"start":{"line":176,"column":4},"end":{"line":176,"column":70}},"type":"default-arg","locations":[{"start":{"line":176,"column":21},"end":{"line":176,"column":70}}]},"26":{"loc":{"start":{"line":182,"column":2},"end":{"line":216,"column":3}},"type":"if","locations":[{"start":{"line":182,"column":2},"end":{"line":216,"column":3}},{"start":{"line":188,"column":9},"end":{"line":216,"column":3}}]},"27":{"loc":{"start":{"line":188,"column":9},"end":{"line":216,"column":3}},"type":"if","locations":[{"start":{"line":188,"column":9},"end":{"line":216,"column":3}},{"start":{"line":195,"column":9},"end":{"line":216,"column":3}}]},"28":{"loc":{"start":{"line":188,"column":13},"end":{"line":188,"column":42}},"type":"binary-expr","locations":[{"start":{"line":188,"column":13},"end":{"line":188,"column":24}},{"start":{"line":188,"column":28},"end":{"line":188,"column":42}}]},"29":{"loc":{"start":{"line":193,"column":15},"end":{"line":193,"column":42}},"type":"binary-expr","locations":[{"start":{"line":193,"column":15},"end":{"line":193,"column":28}},{"start":{"line":193,"column":32},"end":{"line":193,"column":42}}]},"30":{"loc":{"start":{"line":195,"column":9},"end":{"line":216,"column":3}},"type":"if","locations":[{"start":{"line":195,"column":9},"end":{"line":216,"column":3}},{"start":{"line":203,"column":9},"end":{"line":216,"column":3}}]},"31":{"loc":{"start":{"line":203,"column":9},"end":{"line":216,"column":3}},"type":"if","locations":[{"start":{"line":203,"column":9},"end":{"line":216,"column":3}},{"start":{"line":209,"column":9},"end":{"line":216,"column":3}}]},"32":{"loc":{"start":{"line":207,"column":15},"end":{"line":207,"column":38}},"type":"binary-expr","locations":[{"start":{"line":207,"column":15},"end":{"line":207,"column":20}},{"start":{"line":207,"column":24},"end":{"line":207,"column":38}}]},"33":{"loc":{"start":{"line":214,"column":15},"end":{"line":214,"column":59}},"type":"cond-expr","locations":[{"start":{"line":214,"column":23},"end":{"line":214,"column":47}},{"start":{"line":214,"column":50},"end":{"line":214,"column":59}}]},"34":{"loc":{"start":{"line":219,"column":2},"end":{"line":221,"column":3}},"type":"if","locations":[{"start":{"line":219,"column":2},"end":{"line":221,"column":3}}]},"35":{"loc":{"start":{"line":224,"column":2},"end":{"line":226,"column":3}},"type":"if","locations":[{"start":{"line":224,"column":2},"end":{"line":226,"column":3}}]},"36":{"loc":{"start":{"line":229,"column":2},"end":{"line":233,"column":3}},"type":"if","locations":[{"start":{"line":229,"column":2},"end":{"line":233,"column":3}}]},"37":{"loc":{"start":{"line":243,"column":9},"end":{"line":245,"column":10}},"type":"cond-expr","locations":[{"start":{"line":244,"column":6},"end":{"line":244,"column":22}},{"start":{"line":245,"column":6},"end":{"line":245,"column":10}}]},"38":{"loc":{"start":{"line":243,"column":9},"end":{"line":243,"column":82}},"type":"binary-expr","locations":[{"start":{"line":243,"column":9},"end":{"line":243,"column":41}},{"start":{"line":243,"column":45},"end":{"line":243,"column":82}}]},"39":{"loc":{"start":{"line":278,"column":6},"end":{"line":280,"column":7}},"type":"if","locations":[{"start":{"line":278,"column":6},"end":{"line":280,"column":7}}]}},"s":{"0":0,"1":0,"2":0,"3":0,"4":0,"5":0,"6":0,"7":0,"8":0,"9":0,"10":0,"11":0,"12":0,"13":0,"14":0,"15":0,"16":0,"17":0,"18":0,"19":0,"20":0,"21":0,"22":0,"23":0,"24":0,"25":0,"26":0,"27":0,"28":0,"29":0,"30":0,"31":0,"32":0,"33":0,"34":0,"35":0,"36":0,"37":0,"38":0,"39":0,"40":0,"41":0,"42":0,"43":0,"44":0,"45":0,"46":0,"47":0,"48":0,"49":0,"50":0,"51":0,"52":0,"53":0,"54":0,"55":0,"56":0,"57":0,"58":0,"59":0,"60":0,"61":0,"62":0,"63":0,"64":0,"65":0,"66":0,"67":0,"68":0,"69":0,"70":0,"71":0,"72":0,"73":0,"74":0,"75":0,"76":0,"77":0,"78":0,"79":0,"80":0,"81":0,"82":0,"83":0,"84":0,"85":0,"86":0,"87":0,"88":0,"89":0,"90":0,"91":0,"92":0,"93":0},"f":{"0":0,"1":0,"2":0,"3":0,"4":0,"5":0,"6":0,"7":0,"8":0,"9":0},"b":{"0":[0],"1":[0],"2":[0,0],"3":[0,0],"4":[0,0],"5":[0,0],"6":[0,0],"7":[0,0],"8":[0,0],"9":[0,0],"10":[0,0],"11":[0,0],"12":[0,0],"13":[0,0],"14":[0,0],"15":[0,0],"16":[0,0],"17":[0,0],"18":[0],"19":[0,0],"20":[0,0,0,0,0,0,0,0,0,0,0,0,0,0,0,0,0,0,0,0,0],"21":[0],"22":[0],"23":[0],"24":[0],"25":[0],"26":[0,0],"27":[0,0],"28":[0,0],"29":[0,0],"30":[0,0],"31":[0,0],"32":[0,0],"33":[0,0],"34":[0],"35":[0],"36":[0],"37":[0,0],"38":[0,0],"39":[0]}}
,"/Users/zach/CascadeProjects/pallet-puzzle-optimizer/src/utils/performance.ts": {"path":"/Users/zach/CascadeProjects/pallet-puzzle-optimizer/src/utils/performance.ts","statementMap":{"0":{"start":{"line":64,"column":0},"end":{"line":64,"column":16}},"1":{"start":{"line":88,"column":0},"end":{"line":88,"column":16}},"2":{"start":{"line":109,"column":0},"end":{"line":109,"column":16}},"3":{"start":{"line":149,"column":0},"end":{"line":149,"column":16}},"4":{"start":{"line":11,"column":24},"end":{"line":27,"column":1}},"5":{"start":{"line":15,"column":56},"end":{"line":15,"column":60}},"6":{"start":{"line":17,"column":2},"end":{"line":26,"column":4}},"7":{"start":{"line":18,"column":4},"end":{"line":20,"column":5}},"8":{"start":{"line":19,"column":6},"end":{"line":19,"column":30}},"9":{"start":{"line":22,"column":4},"end":{"line":25,"column":14}},"10":{"start":{"line":23,"column":6},"end":{"line":23,"column":27}},"11":{"start":{"line":24,"column":6},"end":{"line":24,"column":23}},"12":{"start":{"line":11,"column":13},"end":{"line":11,"column":24}},"13":{"start":{"line":35,"column":24},"end":{"line":57,"column":1}},"14":{"start":{"line":39,"column":17},"end":{"line":39,"column":18}},"15":{"start":{"line":40,"column":56},"end":{"line":40,"column":60}},"16":{"start":{"line":42,"column":2},"end":{"line":56,"column":4}},"17":{"start":{"line":43,"column":16},"end":{"line":43,"column":26}},"18":{"start":{"line":44,"column":20},"end":{"line":44,"column":34}},"19":{"start":{"line":46,"column":4},"end":{"line":55,"column":5}},"20":{"start":{"line":47,"column":6},"end":{"line":47,"column":21}},"21":{"start":{"line":48,"column":6},"end":{"line":48,"column":27}},"22":{"start":{"line":49,"column":11},"end":{"line":55,"column":5}},"23":{"start":{"line":50,"column":6},"end":{"line":54,"column":26}},"24":{"start":{"line":51,"column":8},"end":{"line":51,"column":30}},"25":{"start":{"line":52,"column":8},"end":{"line":52,"column":25}},"26":{"start":{"line":53,"column":8},"end":{"line":53,"column":29}},"27":{"start":{"line":35,"column":13},"end":{"line":35,"column":24}},"28":{"start":{"line":67,"column":16},"end":{"line":67,"column":48}},"29":{"start":{"line":69,"column":2},"end":{"line":79,"column":4}},"30":{"start":{"line":70,"column":16},"end":{"line":70,"column":36}},"31":{"start":{"line":72,"column":4},"end":{"line":74,"column":5}},"32":{"start":{"line":73,"column":6},"end":{"line":73,"column":45}},"33":{"start":{"line":76,"column":19},"end":{"line":76,"column":39}},"34":{"start":{"line":77,"column":4},"end":{"line":77,"column":27}},"35":{"start":{"line":78,"column":4},"end":{"line":78,"column":18}},"36":{"start":{"line":92,"column":2},"end":{"line":100,"column":4}},"37":{"start":{"line":93,"column":18},"end":{"line":93,"column":35}},"38":{"start":{"line":94,"column":19},"end":{"line":94,"column":39}},"39":{"start":{"line":95,"column":16},"end":{"line":95,"column":33}},"40":{"start":{"line":97,"column":4},"end":{"line":97,"column":63}},"41":{"start":{"line":99,"column":4},"end":{"line":99,"column":18}},"42":{"start":{"line":121,"column":6},"end":{"line":121,"column":13}},"43":{"start":{"line":123,"column":2},"end":{"line":140,"column":4}},"44":{"start":{"line":126,"column":4},"end":{"line":137,"column":5}},"45":{"start":{"line":126,"column":23},"end":{"line":126,"column":24}},"46":{"start":{"line":127,"column":6},"end":{"line":136,"column":7}},"47":{"start":{"line":128,"column":8},"end":{"line":128,"column":30}},"48":{"start":{"line":130,"column":8},"end":{"line":130,"column":26}},"49":{"start":{"line":132,"column":8},"end":{"line":135,"column":9}},"50":{"start":{"line":133,"column":10},"end":{"line":133,"column":38}},"51":{"start":{"line":134,"column":10},"end":{"line":134,"column":95}},"52":{"start":{"line":134,"column":39},"end":{"line":134,"column":93}},"53":{"start":{"line":139,"column":4},"end":{"line":139,"column":20}},"54":{"start":{"line":159,"column":6},"end":{"line":159,"column":13}},"55":{"start":{"line":161,"column":19},"end":{"line":161,"column":21}},"56":{"start":{"line":162,"column":95},"end":{"line":162,"column":97}},"57":{"start":{"line":163,"column":56},"end":{"line":163,"column":60}},"58":{"start":{"line":165,"column":23},"end":{"line":188,"column":3}},"59":{"start":{"line":166,"column":25},"end":{"line":166,"column":35}},"60":{"start":{"line":167,"column":28},"end":{"line":167,"column":48}},"61":{"start":{"line":169,"column":4},"end":{"line":169,"column":15}},"62":{"start":{"line":170,"column":4},"end":{"line":170,"column":25}},"63":{"start":{"line":171,"column":4},"end":{"line":171,"column":21}},"64":{"start":{"line":173,"column":4},"end":{"line":187,"column":5}},"65":{"start":{"line":174,"column":22},"end":{"line":174,"column":49}},"66":{"start":{"line":176,"column":6},"end":{"line":178,"column":7}},"67":{"start":{"line":177,"column":8},"end":{"line":177,"column":93}},"68":{"start":{"line":180,"column":6},"end":{"line":182,"column":9}},"69":{"start":{"line":181,"column":8},"end":{"line":181,"column":47}},"70":{"start":{"line":184,"column":6},"end":{"line":186,"column":9}},"71":{"start":{"line":185,"column":8},"end":{"line":185,"column":30}},"72":{"start":{"line":190,"column":2},"end":{"line":204,"column":4}},"73":{"start":{"line":191,"column":4},"end":{"line":203,"column":7}},"74":{"start":{"line":192,"column":6},"end":{"line":192,"column":23}},"75":{"start":{"line":193,"column":6},"end":{"line":193,"column":48}},"76":{"start":{"line":195,"column":6},"end":{"line":202,"column":7}},"77":{"start":{"line":196,"column":8},"end":{"line":198,"column":9}},"78":{"start":{"line":197,"column":10},"end":{"line":197,"column":34}},"79":{"start":{"line":199,"column":8},"end":{"line":199,"column":23}},"80":{"start":{"line":200,"column":13},"end":{"line":202,"column":7}},"81":{"start":{"line":201,"column":8},"end":{"line":201,"column":58}},"82":{"start":{"line":207,"column":0},"end":{"line":214,"column":2}}},"fnMap":{"0":{"name":"(anonymous_0)","decl":{"start":{"line":11,"column":24},"end":{"line":11,"column":null}},"loc":{"start":{"line":14,"column":40},"end":{"line":27,"column":1}}},"1":{"name":"(anonymous_1)","decl":{"start":{"line":17,"column":9},"end":{"line":17,"column":29}},"loc":{"start":{"line":17,"column":51},"end":{"line":26,"column":3}}},"2":{"name":"(anonymous_2)","decl":{"start":{"line":22,"column":27},"end":{"line":22,"column":30}},"loc":{"start":{"line":22,"column":32},"end":{"line":25,"column":5}}},"3":{"name":"(anonymous_3)","decl":{"start":{"line":35,"column":24},"end":{"line":35,"column":null}},"loc":{"start":{"line":38,"column":40},"end":{"line":57,"column":1}}},"4":{"name":"(anonymous_4)","decl":{"start":{"line":42,"column":9},"end":{"line":42,"column":29}},"loc":{"start":{"line":42,"column":51},"end":{"line":56,"column":3}}},"5":{"name":"(anonymous_5)","decl":{"start":{"line":50,"column":29},"end":{"line":50,"column":32}},"loc":{"start":{"line":50,"column":34},"end":{"line":54,"column":7}}},"6":{"name":"memoize","decl":{"start":{"line":64,"column":16},"end":{"line":64,"column":23}},"loc":{"start":{"line":65,"column":7},"end":{"line":80,"column":1}}},"7":{"name":"(anonymous_7)","decl":{"start":{"line":69,"column":9},"end":{"line":69,"column":29}},"loc":{"start":{"line":69,"column":51},"end":{"line":79,"column":3}}},"8":{"name":"measurePerformance","decl":{"start":{"line":88,"column":16},"end":{"line":88,"column":34}},"loc":{"start":{"line":90,"column":15},"end":{"line":101,"column":1}}},"9":{"name":"(anonymous_9)","decl":{"start":{"line":92,"column":9},"end":{"line":92,"column":29}},"loc":{"start":{"line":92,"column":51},"end":{"line":100,"column":3}}},"10":{"name":"createResourceLoader","decl":{"start":{"line":109,"column":16},"end":{"line":109,"column":36}},"loc":{"start":{"line":115,"column":8},"end":{"line":141,"column":1}}},"11":{"name":"(anonymous_11)","decl":{"start":{"line":120,"column":14},"end":{"line":120,"column":17}},"loc":{"start":{"line":120,"column":19},"end":{"line":120,"column":22}}},"12":{"name":"(anonymous_12)","decl":{"start":{"line":123,"column":9},"end":{"line":123,"column":14}},"loc":{"start":{"line":123,"column":14},"end":{"line":140,"column":3}}},"13":{"name":"(anonymous_13)","decl":{"start":{"line":134,"column":28},"end":{"line":134,"column":35}},"loc":{"start":{"line":134,"column":39},"end":{"line":134,"column":93}}},"14":{"name":"createBatcher","decl":{"start":{"line":149,"column":16},"end":{"line":149,"column":29}},"loc":{"start":{"line":154,"column":8},"end":{"line":205,"column":1}}},"15":{"name":"(anonymous_15)","decl":{"start":{"line":165,"column":23},"end":{"line":165,"column":28}},"loc":{"start":{"line":165,"column":34},"end":{"line":188,"column":3}}},"16":{"name":"(anonymous_16)","decl":{"start":{"line":180,"column":22},"end":{"line":180,"column":23}},"loc":{"start":{"line":180,"column":40},"end":{"line":182,"column":7}}},"17":{"name":"(anonymous_17)","decl":{"start":{"line":184,"column":30},"end":{"line":184,"column":37}},"loc":{"start":{"line":184,"column":40},"end":{"line":186,"column":7}}},"18":{"name":"(anonymous_18)","decl":{"start":{"line":190,"column":9},"end":{"line":190,"column":10}},"loc":{"start":{"line":190,"column":33},"end":{"line":204,"column":3}}},"19":{"name":"(anonymous_19)","decl":{"start":{"line":191,"column":23},"end":{"line":191,"column":24}},"loc":{"start":{"line":191,"column":43},"end":{"line":203,"column":5}}}},"branchMap":{"0":{"loc":{"start":{"line":18,"column":4},"end":{"line":20,"column":5}},"type":"if","locations":[{"start":{"line":18,"column":4},"end":{"line":20,"column":5}}]},"1":{"loc":{"start":{"line":46,"column":4},"end":{"line":55,"column":5}},"type":"if","locations":[{"start":{"line":46,"column":4},"end":{"line":55,"column":5}},{"start":{"line":49,"column":11},"end":{"line":55,"column":5}}]},"2":{"loc":{"start":{"line":49,"column":11},"end":{"line":55,"column":5}},"type":"if","locations":[{"start":{"line":49,"column":11},"end":{"line":55,"column":5}}]},"3":{"loc":{"start":{"line":72,"column":4},"end":{"line":74,"column":5}},"type":"if","locations":[{"start":{"line":72,"column":4},"end":{"line":74,"column":5}}]},"4":{"loc":{"start":{"line":111,"column":2},"end":{"line":115,"column":8}},"type":"default-arg","locations":[{"start":{"line":115,"column":6},"end":{"line":115,"column":8}}]},"5":{"loc":{"start":{"line":118,"column":4},"end":{"line":118,"column":18}},"type":"default-arg","locations":[{"start":{"line":118,"column":17},"end":{"line":118,"column":18}}]},"6":{"loc":{"start":{"line":119,"column":4},"end":{"line":119,"column":21}},"type":"default-arg","locations":[{"start":{"line":119,"column":17},"end":{"line":119,"column":21}}]},"7":{"loc":{"start":{"line":120,"column":4},"end":{"line":120,"column":22}},"type":"default-arg","locations":[{"start":{"line":120,"column":14},"end":{"line":120,"column":22}}]},"8":{"loc":{"start":{"line":132,"column":8},"end":{"line":135,"column":9}},"type":"if","locations":[{"start":{"line":132,"column":8},"end":{"line":135,"column":9}}]},"9":{"loc":{"start":{"line":151,"column":2},"end":{"line":154,"column":8}},"type":"default-arg","locations":[{"start":{"line":154,"column":6},"end":{"line":154,"column":8}}]},"10":{"loc":{"start":{"line":157,"column":4},"end":{"line":157,"column":21}},"type":"default-arg","locations":[{"start":{"line":157,"column":19},"end":{"line":157,"column":21}}]},"11":{"loc":{"start":{"line":158,"column":4},"end":{"line":158,"column":20}},"type":"default-arg","locations":[{"start":{"line":158,"column":18},"end":{"line":158,"column":20}}]},"12":{"loc":{"start":{"line":176,"column":6},"end":{"line":178,"column":7}},"type":"if","locations":[{"start":{"line":176,"column":6},"end":{"line":178,"column":7}}]},"13":{"loc":{"start":{"line":195,"column":6},"end":{"line":202,"column":7}},"type":"if","locations":[{"start":{"line":195,"column":6},"end":{"line":202,"column":7}},{"start":{"line":200,"column":13},"end":{"line":202,"column":7}}]},"14":{"loc":{"start":{"line":196,"column":8},"end":{"line":198,"column":9}},"type":"if","locations":[{"start":{"line":196,"column":8},"end":{"line":198,"column":9}}]},"15":{"loc":{"start":{"line":200,"column":13},"end":{"line":202,"column":7}},"type":"if","locations":[{"start":{"line":200,"column":13},"end":{"line":202,"column":7}}]}},"s":{"0":0,"1":0,"2":0,"3":0,"4":0,"5":0,"6":0,"7":0,"8":0,"9":0,"10":0,"11":0,"12":0,"13":0,"14":0,"15":0,"16":0,"17":0,"18":0,"19":0,"20":0,"21":0,"22":0,"23":0,"24":0,"25":0,"26":0,"27":0,"28":0,"29":0,"30":0,"31":0,"32":0,"33":0,"34":0,"35":0,"36":0,"37":0,"38":0,"39":0,"40":0,"41":0,"42":0,"43":0,"44":0,"45":0,"46":0,"47":0,"48":0,"49":0,"50":0,"51":0,"52":0,"53":0,"54":0,"55":0,"56":0,"57":0,"58":0,"59":0,"60":0,"61":0,"62":0,"63":0,"64":0,"65":0,"66":0,"67":0,"68":0,"69":0,"70":0,"71":0,"72":0,"73":0,"74":0,"75":0,"76":0,"77":0,"78":0,"79":0,"80":0,"81":0,"82":0},"f":{"0":0,"1":0,"2":0,"3":0,"4":0,"5":0,"6":0,"7":0,"8":0,"9":0,"10":0,"11":0,"12":0,"13":0,"14":0,"15":0,"16":0,"17":0,"18":0,"19":0},"b":{"0":[0],"1":[0,0],"2":[0],"3":[0],"4":[0],"5":[0],"6":[0],"7":[0],"8":[0],"9":[0],"10":[0],"11":[0],"12":[0],"13":[0,0],"14":[0],"15":[0]}}
}
