TN:
SF:src/App.tsx
FN:22,(anonymous_0)
FN:33,(anonymous_1)
FN:35,(anonymous_2)
FNF:3
FNH:0
FNDA:0,(anonymous_0)
FNDA:0,(anonymous_1)
FNDA:0,(anonymous_2)
DA:1,0
DA:22,0
DA:24,0
DA:33,0
DA:35,0
DA:36,0
DA:37,0
DA:44,0
DA:47,0
LF:9
LH:0
BRDA:36,0,0,0
BRF:1
BRH:0
end_of_record
TN:
SF:src/main.tsx
FNF:0
FNH:0
DA:1,0
DA:2,0
DA:3,0
DA:4,0
DA:5,0
DA:6,0
DA:8,0
LF:7
LH:0
BRF:0
BRH:0
end_of_record
TN:
SF:src/middleware.ts
FN:12,middleware
FN:23,(anonymous_1)
FN:24,(anonymous_2)
FN:31,(anonymous_3)
FN:79,(anonymous_4)
FN:84,(anonymous_5)
FNF:6
FNH:0
FNDA:0,middleware
FNDA:0,(anonymous_1)
FNDA:0,(anonymous_2)
FNDA:0,(anonymous_3)
FNDA:0,(anonymous_4)
FNDA:0,(anonymous_5)
DA:1,0
DA:3,0
DA:12,0
DA:13,0
DA:15,0
DA:18,0
DA:23,0
DA:25,0
DA:32,0
DA:44,0
DA:47,0
DA:48,0
DA:51,0
DA:63,0
DA:70,0
DA:79,0
DA:80,0
DA:84,0
DA:85,0
DA:89,0
DA:90,0
DA:91,0
DA:94,0
DA:95,0
DA:103,0
DA:107,0
DA:109,0
DA:113,0
DA:117,0
DA:119,0
DA:123,0
DA:131,0
LF:32
LH:0
BRDA:48,0,0,0
BRDA:48,0,1,0
BRDA:80,1,0,0
BRDA:80,1,1,0
BRDA:85,2,0,0
BRDA:85,2,1,0
BRDA:89,3,0,0
BRDA:89,4,0,0
BRDA:89,4,1,0
BRDA:107,5,0,0
BRDA:107,6,0,0
BRDA:107,6,1,0
BRDA:109,7,0,0
BRDA:109,7,1,0
BRDA:109,8,0,0
BRDA:109,8,1,0
BRDA:109,8,2,0
BRF:17
BRH:0
end_of_record
TN:
SF:src/app/layout.tsx
FN:35,(anonymous_1)
FN:40,(anonymous_2)
FN:44,(anonymous_3)
FN:50,(anonymous_4)
FN:54,(anonymous_5)
FN:64,RootLayout
FNF:6
FNH:0
FNDA:0,(anonymous_1)
FNDA:0,(anonymous_2)
FNDA:0,(anonymous_3)
FNDA:0,(anonymous_4)
FNDA:0,(anonymous_5)
FNDA:0,RootLayout
DA:3,0
DA:4,0
DA:5,0
DA:6,0
DA:7,0
DA:8,0
DA:9,0
DA:10,0
DA:11,0
DA:14,0
DA:21,0
DA:35,0
DA:37,0
DA:40,0
DA:41,0
DA:44,0
DA:46,0
DA:49,0
DA:50,0
DA:51,0
DA:54,0
DA:56,0
DA:57,0
DA:61,0
DA:64,0
DA:69,0
LF:26
LH:0
BRF:0
BRH:0
end_of_record
TN:
SF:src/app/not-found.tsx
FN:4,NotFound
FNF:1
FNH:0
FNDA:0,NotFound
DA:1,0
DA:2,0
DA:4,0
DA:5,0
LF:4
LH:0
BRF:0
BRH:0
end_of_record
TN:
SF:src/app/page.tsx
FN:18,(anonymous_7)
FN:27,(anonymous_8)
FN:52,(anonymous_9)
FNF:3
FNH:0
FNDA:0,(anonymous_7)
FNDA:0,(anonymous_8)
FNDA:0,(anonymous_9)
DA:3,0
DA:4,0
DA:5,0
DA:6,0
DA:7,0
DA:8,0
DA:9,0
DA:10,0
DA:11,0
DA:12,0
DA:18,0
DA:20,0
DA:21,0
DA:22,0
DA:23,0
DA:24,0
DA:27,0
DA:35,0
DA:36,0
DA:53,0
DA:65,0
DA:94,0
LF:22
LH:0
BRDA:35,0,0,0
BRDA:77,1,0,0
BRDA:77,1,1,0
BRDA:79,2,0,0
BRDA:79,2,1,0
BRDA:81,3,0,0
BRDA:81,3,1,0
BRDA:83,4,0,0
BRDA:83,4,1,0
BRF:9
BRH:0
end_of_record
TN:
SF:src/app/providers.tsx
FN:12,Providers
FNF:1
FNH:0
FNDA:0,Providers
DA:3,0
DA:4,0
DA:5,0
DA:6,0
DA:12,0
DA:13,0
DA:22,0
LF:7
LH:0
BRF:0
BRH:0
end_of_record
TN:
SF:src/app/api/quotes/track-share/route.ts
FN:5,POST
FNF:1
FNH:0
FNDA:0,POST
DA:1,0
DA:2,0
DA:3,0
DA:5,0
DA:6,0
DA:7,0
DA:9,0
DA:10,0
DA:17,0
DA:20,0
DA:29,0
DA:30,0
DA:31,0
DA:37,0
DA:39,0
DA:40,0
DA:48,0
LF:17
LH:0
BRDA:7,0,0,0
BRDA:9,1,0,0
BRDA:29,2,0,0
BRF:3
BRH:0
end_of_record
TN:
SF:src/app/api/quotes/track-view/route.ts
FN:5,POST
FNF:1
FNH:0
FNDA:0,POST
DA:1,0
DA:2,0
DA:3,0
DA:5,0
DA:6,0
DA:7,0
DA:9,0
DA:10,0
DA:17,0
DA:20,0
DA:25,0
DA:26,0
DA:27,0
DA:33,0
DA:35,0
DA:36,0
DA:44,0
LF:17
LH:0
BRDA:9,0,0,0
BRDA:25,1,0,0
BRF:2
BRH:0
end_of_record
TN:
SF:src/app/auth/confirmation/page.tsx
FN:7,ConfirmationPage
FNF:1
FNH:0
FNDA:0,ConfirmationPage
DA:3,0
DA:4,0
DA:5,0
DA:7,0
DA:8,0
LF:5
LH:0
BRF:0
BRH:0
end_of_record
TN:
SF:src/app/auth/forgot-password/page.tsx
FN:15,ForgotPasswordPage
FN:21,(anonymous_8)
FN:34,(anonymous_9)
FN:113,(anonymous_10)
FN:159,(anonymous_11)
FNF:5
FNH:0
FNDA:0,ForgotPasswordPage
FNDA:0,(anonymous_8)
FNDA:0,(anonymous_9)
FNDA:0,(anonymous_10)
FNDA:0,(anonymous_11)
DA:3,0
DA:4,0
DA:5,0
DA:6,0
DA:7,0
DA:8,0
DA:11,0
DA:15,0
DA:16,0
DA:17,0
DA:18,0
DA:19,0
DA:21,0
DA:22,0
DA:23,0
DA:24,0
DA:25,0
DA:27,0
DA:28,0
DA:30,0
DA:34,0
DA:35,0
DA:37,0
DA:40,0
DA:42,0
DA:44,0
DA:45,0
DA:49,0
DA:50,0
DA:51,0
DA:54,0
DA:58,0
DA:59,0
DA:64,0
DA:65,0
DA:66,0
DA:70,0
DA:74,0
DA:75,0
DA:113,0
DA:134,0
DA:159,0
LF:42
LH:0
BRDA:27,0,0,0
BRDA:37,1,0,0
BRDA:40,2,0,0
BRDA:49,3,0,0
BRDA:50,4,0,0
BRDA:50,4,1,0
BRDA:52,5,0,0
BRDA:52,5,1,0
BRDA:74,6,0,0
BRDA:161,7,0,0
BRDA:161,7,1,0
BRDA:165,8,0,0
BRDA:165,8,1,0
BRDA:177,9,0,0
BRDA:177,9,1,0
BRF:15
BRH:0
end_of_record
TN:
SF:src/app/auth/login/page.tsx
FN:10,LoginPage
FN:19,(anonymous_8)
FN:91,(anonymous_9)
FN:109,(anonymous_10)
FN:116,(anonymous_11)
FNF:5
FNH:0
FNDA:0,LoginPage
FNDA:0,(anonymous_8)
FNDA:0,(anonymous_9)
FNDA:0,(anonymous_10)
FNDA:0,(anonymous_11)
DA:3,0
DA:4,0
DA:5,0
DA:6,0
DA:7,0
DA:8,0
DA:10,0
DA:11,0
DA:12,0
DA:13,0
DA:14,0
DA:15,0
DA:16,0
DA:17,0
DA:19,0
DA:20,0
DA:22,0
DA:25,0
DA:26,0
DA:27,0
DA:30,0
DA:31,0
DA:33,0
DA:34,0
DA:36,0
DA:37,0
DA:38,0
DA:41,0
DA:44,0
DA:45,0
DA:50,0
DA:53,0
DA:54,0
DA:55,0
DA:59,0
DA:63,0
DA:91,0
DA:109,0
DA:116,0
LF:39
LH:0
BRDA:22,0,0,0
BRDA:25,1,0,0
BRDA:25,2,0,0
BRDA:25,2,1,0
BRDA:36,3,0,0
BRDA:37,4,0,0
BRDA:37,4,1,0
BRDA:39,5,0,0
BRDA:39,5,1,0
BRDA:44,6,0,0
BRDA:105,7,0,0
BRDA:105,7,1,0
BRDA:118,8,0,0
BRDA:118,8,1,0
BRDA:128,9,0,0
BRDA:128,9,1,0
BRDA:157,10,0,0
BRDA:157,10,1,0
BRDA:163,11,0,0
BRDA:163,11,1,0
BRF:20
BRH:0
end_of_record
TN:
SF:src/app/auth/register/page.tsx
FN:21,RegisterPage
FN:37,(anonymous_8)
FN:39,(anonymous_9)
FN:43,(anonymous_10)
FN:47,(anonymous_11)
FN:55,(anonymous_12)
FN:65,(anonymous_13)
FN:212,(anonymous_14)
FNF:8
FNH:0
FNDA:0,RegisterPage
FNDA:0,(anonymous_8)
FNDA:0,(anonymous_9)
FNDA:0,(anonymous_10)
FNDA:0,(anonymous_11)
FNDA:0,(anonymous_12)
FNDA:0,(anonymous_13)
FNDA:0,(anonymous_14)
DA:3,0
DA:4,0
DA:5,0
DA:6,0
DA:7,0
DA:8,0
DA:9,0
DA:12,0
DA:21,0
DA:22,0
DA:23,0
DA:25,0
DA:32,0
DA:33,0
DA:34,0
DA:35,0
DA:37,0
DA:38,0
DA:39,0
DA:42,0
DA:43,0
DA:47,0
DA:48,0
DA:49,0
DA:50,0
DA:51,0
DA:53,0
DA:54,0
DA:55,0
DA:56,0
DA:57,0
DA:59,0
DA:61,0
DA:65,0
DA:66,0
DA:68,0
DA:71,0
DA:73,0
DA:74,0
DA:76,0
DA:77,0
DA:87,0
DA:88,0
DA:89,0
DA:92,0
DA:95,0
DA:96,0
DA:101,0
DA:104,0
DA:105,0
DA:106,0
DA:110,0
DA:114,0
DA:212,0
LF:54
LH:0
BRDA:42,0,0,0
BRDA:53,1,0,0
BRDA:68,2,0,0
BRDA:71,3,0,0
BRDA:82,4,0,0
BRDA:82,4,1,0
BRDA:87,5,0,0
BRDA:88,6,0,0
BRDA:88,6,1,0
BRDA:90,7,0,0
BRDA:90,7,1,0
BRDA:95,8,0,0
BRDA:144,9,0,0
BRDA:144,9,1,0
BRDA:148,10,0,0
BRDA:148,10,1,0
BRDA:166,11,0,0
BRDA:166,11,1,0
BRDA:170,12,0,0
BRDA:170,12,1,0
BRDA:199,13,0,0
BRDA:199,13,1,0
BRDA:205,14,0,0
BRDA:205,14,1,0
BRDA:214,15,0,0
BRDA:214,15,1,0
BRDA:221,16,0,0
BRDA:221,16,1,0
BRDA:227,17,0,0
BRDA:227,17,1,0
BRDA:236,18,0,0
BRDA:236,18,1,0
BRDA:242,19,0,0
BRDA:242,19,1,0
BRF:34
BRH:0
end_of_record
TN:
SF:src/app/auth/reset-password/page.tsx
FN:15,(anonymous_7)
FN:20,ResetPasswordPage
FN:33,(anonymous_9)
FN:43,(anonymous_10)
FN:56,(anonymous_11)
FN:86,(anonymous_12)
FN:159,(anonymous_13)
FN:167,(anonymous_14)
FN:191,(anonymous_15)
FNF:9
FNH:0
FNDA:0,(anonymous_7)
FNDA:0,ResetPasswordPage
FNDA:0,(anonymous_9)
FNDA:0,(anonymous_10)
FNDA:0,(anonymous_11)
FNDA:0,(anonymous_12)
FNDA:0,(anonymous_13)
FNDA:0,(anonymous_14)
FNDA:0,(anonymous_15)
DA:3,0
DA:4,0
DA:5,0
DA:6,0
DA:7,0
DA:8,0
DA:9,0
DA:12,0
DA:15,0
DA:20,0
DA:21,0
DA:22,0
DA:24,0
DA:25,0
DA:26,0
DA:27,0
DA:28,0
DA:29,0
DA:30,0
DA:33,0
DA:34,0
DA:35,0
DA:36,0
DA:37,0
DA:40,0
DA:43,0
DA:44,0
DA:45,0
DA:46,0
DA:47,0
DA:49,0
DA:50,0
DA:52,0
DA:56,0
DA:57,0
DA:59,0
DA:62,0
DA:64,0
DA:66,0
DA:67,0
DA:71,0
DA:72,0
DA:73,0
DA:76,0
DA:80,0
DA:81,0
DA:86,0
DA:87,0
DA:91,0
DA:92,0
DA:93,0
DA:97,0
DA:101,0
DA:102,0
DA:133,0
DA:159,0
DA:167,0
DA:191,0
LF:58
LH:0
BRDA:35,0,0,0
BRDA:49,1,0,0
BRDA:59,2,0,0
BRDA:59,3,0,0
BRDA:59,3,1,0
BRDA:62,4,0,0
BRDA:71,5,0,0
BRDA:72,6,0,0
BRDA:72,6,1,0
BRDA:74,7,0,0
BRDA:74,7,1,0
BRDA:101,8,0,0
BRDA:155,9,0,0
BRDA:155,9,1,0
BRDA:170,10,0,0
BRDA:170,10,1,0
BRDA:187,11,0,0
BRDA:187,11,1,0
BRDA:200,12,0,0
BRDA:200,12,1,0
BRDA:209,13,0,0
BRDA:209,13,1,0
BRDA:215,14,0,0
BRDA:215,14,1,0
BRF:24
BRH:0
end_of_record
TN:
SF:src/app/dashboard/layout.tsx
FN:22,DashboardLayout
FN:30,(anonymous_2)
FN:81,(anonymous_3)
FN:125,(anonymous_4)
FNF:4
FNH:0
FNDA:0,DashboardLayout
FNDA:0,(anonymous_2)
FNDA:0,(anonymous_3)
FNDA:0,(anonymous_4)
DA:3,0
DA:4,0
DA:5,0
DA:6,0
DA:7,0
DA:15,0
DA:16,0
DA:22,0
DA:27,0
DA:28,0
DA:30,0
DA:31,0
DA:32,0
DA:33,0
DA:35,0
DA:36,0
DA:40,0
DA:68,0
DA:82,0
DA:84,0
DA:126,0
DA:128,0
LF:22
LH:0
BRDA:82,0,0,0
BRDA:82,0,1,0
BRDA:89,1,0,0
BRDA:89,1,1,0
BRDA:94,2,0,0
BRDA:94,2,1,0
BRDA:126,3,0,0
BRDA:126,3,1,0
BRDA:133,4,0,0
BRDA:133,4,1,0
BRF:10
BRH:0
end_of_record
TN:
SF:src/app/dashboard/page.refactored.tsx
FN:42,DashboardPage
FN:68,(anonymous_8)
FN:69,(anonymous_9)
FN:112,(anonymous_10)
FN:122,(anonymous_11)
FN:330,(anonymous_12)
FN:461,(anonymous_13)
FNF:7
FNH:0
FNDA:0,DashboardPage
FNDA:0,(anonymous_8)
FNDA:0,(anonymous_9)
FNDA:0,(anonymous_10)
FNDA:0,(anonymous_11)
FNDA:0,(anonymous_12)
FNDA:0,(anonymous_13)
DA:3,0
DA:4,0
DA:5,0
DA:6,0
DA:21,0
DA:22,0
DA:23,0
DA:26,0
DA:29,0
DA:30,0
DA:42,0
DA:43,0
DA:44,0
DA:45,0
DA:46,0
DA:49,0
DA:50,0
DA:53,0
DA:63,0
DA:68,0
DA:69,0
DA:70,0
DA:72,0
DA:73,0
DA:74,0
DA:76,0
DA:82,0
DA:83,0
DA:86,0
DA:89,0
DA:90,0
DA:92,0
DA:95,0
DA:101,0
DA:102,0
DA:104,0
DA:108,0
DA:112,0
DA:113,0
DA:114,0
DA:122,0
DA:123,0
DA:124,0
DA:127,0
DA:331,0
DA:461,0
LF:46
LH:0
BRDA:70,0,0,0
BRDA:82,1,0,0
BRDA:86,2,0,0
BRDA:86,2,1,0
BRDA:89,3,0,0
BRDA:89,3,1,0
BRDA:89,4,0,0
BRDA:89,4,1,0
BRDA:123,5,0,0
BRDA:198,6,0,0
BRDA:198,6,1,0
BRDA:279,7,0,0
BRDA:279,7,1,0
BRDA:283,8,0,0
BRDA:283,8,1,0
BRDA:290,9,0,0
BRDA:290,9,1,0
BRDA:333,10,0,0
BRDA:333,10,1,0
BRDA:339,11,0,0
BRDA:339,11,1,0
BRDA:352,12,0,0
BRDA:352,12,1,0
BRDA:358,13,0,0
BRDA:358,13,1,0
BRDA:361,14,0,0
BRDA:361,14,1,0
BRDA:365,15,0,0
BRDA:365,15,1,0
BRDA:368,16,0,0
BRDA:368,16,1,0
BRDA:393,17,0,0
BRDA:393,17,1,0
BRF:33
BRH:0
end_of_record
TN:
SF:src/app/dashboard/page.tsx
FN:32,DashboardPage
FN:265,(anonymous_8)
FN:396,(anonymous_9)
FNF:3
FNH:0
FNDA:0,DashboardPage
FNDA:0,(anonymous_8)
FNDA:0,(anonymous_9)
DA:3,0
DA:4,0
DA:5,0
DA:6,0
DA:21,0
DA:22,0
DA:23,0
DA:26,0
DA:27,0
DA:30,0
DA:32,0
DA:33,0
DA:40,0
DA:43,0
DA:44,0
DA:47,0
DA:57,0
DA:62,0
DA:266,0
DA:396,0
LF:20
LH:0
BRDA:133,0,0,0
BRDA:133,0,1,0
BRDA:214,1,0,0
BRDA:214,1,1,0
BRDA:218,2,0,0
BRDA:218,2,1,0
BRDA:225,3,0,0
BRDA:225,3,1,0
BRDA:268,4,0,0
BRDA:268,4,1,0
BRDA:274,5,0,0
BRDA:274,5,1,0
BRDA:287,6,0,0
BRDA:287,6,1,0
BRDA:293,7,0,0
BRDA:293,7,1,0
BRDA:296,8,0,0
BRDA:296,8,1,0
BRDA:300,9,0,0
BRDA:300,9,1,0
BRDA:303,10,0,0
BRDA:303,10,1,0
BRDA:328,11,0,0
BRDA:328,11,1,0
BRF:24
BRH:0
end_of_record
TN:
SF:src/app/dashboard/products/page.tsx
FN:71,(anonymous_7)
FN:87,ProductsPage
FN:98,(anonymous_9)
FN:101,(anonymous_10)
FN:125,(anonymous_11)
FN:129,(anonymous_12)
FN:133,(anonymous_13)
FN:146,(anonymous_14)
FN:157,(anonymous_15)
FN:169,(anonymous_16)
FN:172,(anonymous_17)
FN:221,(anonymous_18)
FN:253,(anonymous_19)
FN:265,(anonymous_20)
FN:277,(anonymous_21)
FN:289,(anonymous_22)
FN:301,(anonymous_23)
FN:314,(anonymous_24)
FN:333,(anonymous_25)
FN:339,(anonymous_26)
FN:357,(anonymous_27)
FN:368,(anonymous_28)
FNF:22
FNH:0
FNDA:0,(anonymous_7)
FNDA:0,ProductsPage
FNDA:0,(anonymous_9)
FNDA:0,(anonymous_10)
FNDA:0,(anonymous_11)
FNDA:0,(anonymous_12)
FNDA:0,(anonymous_13)
FNDA:0,(anonymous_14)
FNDA:0,(anonymous_15)
FNDA:0,(anonymous_16)
FNDA:0,(anonymous_17)
FNDA:0,(anonymous_18)
FNDA:0,(anonymous_19)
FNDA:0,(anonymous_20)
FNDA:0,(anonymous_21)
FNDA:0,(anonymous_22)
FNDA:0,(anonymous_23)
FNDA:0,(anonymous_24)
FNDA:0,(anonymous_25)
FNDA:0,(anonymous_26)
FNDA:0,(anonymous_27)
FNDA:0,(anonymous_28)
DA:3,0
DA:4,0
DA:5,0
DA:6,0
DA:16,0
DA:17,0
DA:24,0
DA:25,0
DA:26,0
DA:34,0
DA:42,0
DA:50,0
DA:51,0
DA:71,0
DA:87,0
DA:88,0
DA:89,0
DA:90,0
DA:91,0
DA:92,0
DA:93,0
DA:94,0
DA:95,0
DA:96,0
DA:98,0
DA:99,0
DA:101,0
DA:102,0
DA:103,0
DA:105,0
DA:111,0
DA:113,0
DA:115,0
DA:116,0
DA:118,0
DA:122,0
DA:125,0
DA:126,0
DA:129,0
DA:130,0
DA:133,0
DA:134,0
DA:136,0
DA:137,0
DA:139,0
DA:144,0
DA:146,0
DA:147,0
DA:148,0
DA:150,0
DA:151,0
DA:153,0
DA:157,0
DA:158,0
DA:160,0
DA:163,0
DA:164,0
DA:168,0
DA:170,0
DA:173,0
DA:175,0
DA:177,0
DA:179,0
DA:181,0
DA:183,0
DA:185,0
DA:187,0
DA:191,0
DA:192,0
DA:199,0
DA:221,0
DA:253,0
DA:265,0
DA:277,0
DA:289,0
DA:301,0
DA:315,0
DA:333,0
DA:339,0
DA:357,0
DA:368,0
LF:81
LH:0
BRDA:99,0,0,0
BRDA:111,1,0,0
BRDA:113,2,0,0
BRDA:113,2,1,0
BRDA:134,3,0,0
BRDA:144,4,0,0
BRDA:158,5,0,0
BRDA:158,5,1,0
BRDA:160,6,0,0
BRDA:160,6,1,0
BRDA:173,7,0,0
BRDA:173,7,1,0
BRDA:175,8,0,0
BRDA:175,8,1,0
BRDA:175,8,2,0
BRDA:175,8,3,0
BRDA:175,8,4,0
BRDA:175,8,5,0
BRDA:191,9,0,0
BRDA:226,10,0,0
BRDA:226,10,1,0
BRDA:232,11,0,0
BRDA:232,11,1,0
BRDA:236,12,0,0
BRDA:236,12,1,0
BRDA:257,13,0,0
BRDA:257,13,1,0
BRDA:258,14,0,0
BRDA:258,14,1,0
BRDA:269,15,0,0
BRDA:269,15,1,0
BRDA:270,16,0,0
BRDA:270,16,1,0
BRDA:281,17,0,0
BRDA:281,17,1,0
BRDA:282,18,0,0
BRDA:282,18,1,0
BRDA:293,19,0,0
BRDA:293,19,1,0
BRDA:294,20,0,0
BRDA:294,20,1,0
BRDA:305,21,0,0
BRDA:305,21,1,0
BRDA:306,22,0,0
BRDA:306,22,1,0
BRDA:357,23,0,0
BRDA:357,23,1,0
BRDA:378,24,0,0
BRDA:378,24,1,0
BRF:49
BRH:0
end_of_record
TN:
SF:src/app/dashboard/quotes/page.tsx
FN:56,QuotesPage
FN:65,(anonymous_8)
FN:68,(anonymous_9)
FN:92,(anonymous_10)
FN:96,(anonymous_11)
FN:109,(anonymous_12)
FN:120,(anonymous_13)
FN:131,(anonymous_14)
FN:135,(anonymous_15)
FN:148,(anonymous_16)
FN:182,(anonymous_17)
FN:207,(anonymous_18)
FN:221,(anonymous_19)
FN:225,(anonymous_20)
FN:230,(anonymous_21)
FN:265,(anonymous_22)
FN:276,(anonymous_23)
FN:287,(anonymous_24)
FNF:18
FNH:0
FNDA:0,QuotesPage
FNDA:0,(anonymous_8)
FNDA:0,(anonymous_9)
FNDA:0,(anonymous_10)
FNDA:0,(anonymous_11)
FNDA:0,(anonymous_12)
FNDA:0,(anonymous_13)
FNDA:0,(anonymous_14)
FNDA:0,(anonymous_15)
FNDA:0,(anonymous_16)
FNDA:0,(anonymous_17)
FNDA:0,(anonymous_18)
FNDA:0,(anonymous_19)
FNDA:0,(anonymous_20)
FNDA:0,(anonymous_21)
FNDA:0,(anonymous_22)
FNDA:0,(anonymous_23)
FNDA:0,(anonymous_24)
DA:3,0
DA:5,0
DA:6,0
DA:7,0
DA:17,0
DA:18,0
DA:19,0
DA:25,0
DA:26,0
DA:27,0
DA:35,0
DA:44,0
DA:56,0
DA:57,0
DA:58,0
DA:59,0
DA:60,0
DA:61,0
DA:62,0
DA:63,0
DA:65,0
DA:66,0
DA:68,0
DA:69,0
DA:70,0
DA:72,0
DA:78,0
DA:80,0
DA:82,0
DA:83,0
DA:85,0
DA:89,0
DA:92,0
DA:93,0
DA:96,0
DA:97,0
DA:99,0
DA:100,0
DA:102,0
DA:107,0
DA:109,0
DA:110,0
DA:111,0
DA:113,0
DA:114,0
DA:116,0
DA:120,0
DA:121,0
DA:123,0
DA:126,0
DA:129,0
DA:131,0
DA:135,0
DA:136,0
DA:141,0
DA:143,0
DA:144,0
DA:148,0
DA:149,0
DA:152,0
DA:153,0
DA:160,0
DA:182,0
DA:208,0
DA:221,0
DA:225,0
DA:230,0
DA:265,0
DA:276,0
DA:287,0
LF:70
LH:0
BRDA:66,0,0,0
BRDA:78,1,0,0
BRDA:80,2,0,0
BRDA:80,2,1,0
BRDA:97,3,0,0
BRDA:107,4,0,0
BRDA:136,5,0,0
BRDA:136,5,1,0
BRDA:152,6,0,0
BRDA:187,7,0,0
BRDA:187,7,1,0
BRDA:193,8,0,0
BRDA:193,8,1,0
BRDA:197,9,0,0
BRDA:197,9,1,0
BRDA:253,10,0,0
BRDA:253,10,1,0
BRDA:276,11,0,0
BRDA:276,11,1,0
BRDA:297,12,0,0
BRDA:297,12,1,0
BRF:21
BRH:0
end_of_record
TN:
SF:src/app/dashboard/settings/page.tsx
FN:63,SettingsPage
FN:83,(anonymous_8)
FN:86,(anonymous_9)
FN:131,(anonymous_10)
FN:168,(anonymous_11)
FN:169,(anonymous_12)
FN:175,(anonymous_13)
FN:176,(anonymous_14)
FN:228,(anonymous_15)
FN:243,(anonymous_16)
FN:258,(anonymous_17)
FN:273,(anonymous_18)
FN:314,(anonymous_19)
FN:346,(anonymous_20)
FN:378,(anonymous_21)
FNF:15
FNH:0
FNDA:0,SettingsPage
FNDA:0,(anonymous_8)
FNDA:0,(anonymous_9)
FNDA:0,(anonymous_10)
FNDA:0,(anonymous_11)
FNDA:0,(anonymous_12)
FNDA:0,(anonymous_13)
FNDA:0,(anonymous_14)
FNDA:0,(anonymous_15)
FNDA:0,(anonymous_16)
FNDA:0,(anonymous_17)
FNDA:0,(anonymous_18)
FNDA:0,(anonymous_19)
FNDA:0,(anonymous_20)
FNDA:0,(anonymous_21)
DA:3,0
DA:4,0
DA:5,0
DA:6,0
DA:7,0
DA:17,0
DA:19,0
DA:20,0
DA:21,0
DA:22,0
DA:30,0
DA:36,0
DA:43,0
DA:44,0
DA:47,0
DA:54,0
DA:63,0
DA:64,0
DA:65,0
DA:67,0
DA:74,0
DA:80,0
DA:81,0
DA:83,0
DA:84,0
DA:86,0
DA:87,0
DA:88,0
DA:91,0
DA:97,0
DA:98,0
DA:101,0
DA:103,0
DA:111,0
DA:118,0
DA:121,0
DA:122,0
DA:124,0
DA:128,0
DA:131,0
DA:132,0
DA:134,0
DA:135,0
DA:138,0
DA:154,0
DA:157,0
DA:159,0
DA:161,0
DA:162,0
DA:164,0
DA:168,0
DA:169,0
DA:175,0
DA:176,0
DA:182,0
DA:183,0
DA:190,0
DA:228,0
DA:243,0
DA:258,0
DA:273,0
DA:314,0
DA:346,0
DA:378,0
LF:64
LH:0
BRDA:84,0,0,0
BRDA:97,1,0,0
BRDA:97,2,0,0
BRDA:97,2,1,0
BRDA:101,3,0,0
BRDA:104,4,0,0
BRDA:104,4,1,0
BRDA:105,5,0,0
BRDA:105,5,1,0
BRDA:106,6,0,0
BRDA:106,6,1,0
BRDA:107,7,0,0
BRDA:107,7,1,0
BRDA:112,8,0,0
BRDA:112,8,1,0
BRDA:113,9,0,0
BRDA:113,9,1,0
BRDA:114,10,0,0
BRDA:114,10,1,0
BRDA:118,11,0,0
BRDA:118,11,1,0
BRDA:132,12,0,0
BRDA:154,13,0,0
BRDA:182,14,0,0
BRDA:284,15,0,0
BRDA:284,15,1,0
BRDA:397,16,0,0
BRDA:397,16,1,0
BRF:28
BRH:0
end_of_record
TN:
SF:src/app/login/page.refactored.tsx
FN:46,(anonymous_7)
FN:73,(anonymous_8)
FN:80,(anonymous_9)
FN:97,(anonymous_10)
FNF:4
FNH:0
FNDA:0,(anonymous_7)
FNDA:0,(anonymous_8)
FNDA:0,(anonymous_9)
FNDA:0,(anonymous_10)
DA:3,0
DA:4,0
DA:5,0
DA:6,0
DA:7,0
DA:8,0
DA:9,0
DA:17,0
DA:18,0
DA:19,0
DA:20,0
DA:28,0
DA:31,0
DA:32,0
DA:35,0
DA:36,0
DA:39,0
DA:46,0
DA:47,0
DA:48,0
DA:49,0
DA:52,0
DA:64,0
DA:70,0
DA:73,0
DA:74,0
DA:75,0
DA:80,0
DA:81,0
DA:82,0
DA:84,0
DA:85,0
DA:88,0
DA:89,0
DA:90,0
DA:93,0
DA:97,0
DA:98,0
DA:101,0
DA:104,0
DA:106,0
DA:108,0
DA:109,0
DA:115,0
DA:116,0
DA:122,0
DA:128,0
DA:129,0
DA:130,0
DA:131,0
DA:132,0
DA:133,0
DA:134,0
DA:136,0
DA:139,0
DA:142,0
DA:146,0
DA:282,0
LF:58
LH:0
BRDA:70,0,0,0
BRDA:70,0,1,0
BRDA:74,1,0,0
BRDA:84,2,0,0
BRDA:84,2,1,0
BRDA:89,3,0,0
BRDA:104,4,0,0
BRDA:115,5,0,0
BRDA:116,6,0,0
BRDA:116,6,1,0
BRDA:128,7,0,0
BRDA:128,7,1,0
BRDA:129,8,0,0
BRDA:129,8,1,0
BRDA:131,9,0,0
BRDA:131,9,1,0
BRDA:133,10,0,0
BRDA:133,10,1,0
BRDA:136,11,0,0
BRDA:136,11,1,0
BRDA:169,12,0,0
BRDA:169,12,1,0
BRDA:195,13,0,0
BRDA:195,13,1,0
BRDA:198,14,0,0
BRDA:198,14,1,0
BRDA:202,15,0,0
BRDA:202,15,1,0
BRDA:205,16,0,0
BRDA:205,16,1,0
BRDA:231,17,0,0
BRDA:231,17,1,0
BRDA:234,18,0,0
BRDA:234,18,1,0
BRDA:237,19,0,0
BRDA:237,19,1,0
BRDA:240,20,0,0
BRDA:240,20,1,0
BRDA:248,21,0,0
BRDA:248,21,1,0
BRDA:251,22,0,0
BRDA:251,22,1,0
BRF:42
BRH:0
end_of_record
TN:
SF:src/app/login/page.tsx
FN:46,(anonymous_7)
FN:73,(anonymous_8)
FN:80,(anonymous_9)
FN:97,(anonymous_10)
FNF:4
FNH:0
FNDA:0,(anonymous_7)
FNDA:0,(anonymous_8)
FNDA:0,(anonymous_9)
FNDA:0,(anonymous_10)
DA:3,0
DA:4,0
DA:5,0
DA:6,0
DA:7,0
DA:8,0
DA:9,0
DA:17,0
DA:18,0
DA:19,0
DA:20,0
DA:28,0
DA:31,0
DA:32,0
DA:35,0
DA:36,0
DA:39,0
DA:46,0
DA:47,0
DA:48,0
DA:49,0
DA:52,0
DA:64,0
DA:70,0
DA:73,0
DA:74,0
DA:75,0
DA:80,0
DA:81,0
DA:82,0
DA:84,0
DA:85,0
DA:88,0
DA:89,0
DA:90,0
DA:93,0
DA:97,0
DA:98,0
DA:101,0
DA:104,0
DA:106,0
DA:108,0
DA:109,0
DA:115,0
DA:116,0
DA:122,0
DA:128,0
DA:129,0
DA:130,0
DA:131,0
DA:132,0
DA:133,0
DA:134,0
DA:136,0
DA:139,0
DA:142,0
DA:146,0
DA:282,0
LF:58
LH:0
BRDA:70,0,0,0
BRDA:70,0,1,0
BRDA:74,1,0,0
BRDA:84,2,0,0
BRDA:84,2,1,0
BRDA:89,3,0,0
BRDA:104,4,0,0
BRDA:115,5,0,0
BRDA:116,6,0,0
BRDA:116,6,1,0
BRDA:128,7,0,0
BRDA:128,7,1,0
BRDA:129,8,0,0
BRDA:129,8,1,0
BRDA:131,9,0,0
BRDA:131,9,1,0
BRDA:133,10,0,0
BRDA:133,10,1,0
BRDA:136,11,0,0
BRDA:136,11,1,0
BRDA:169,12,0,0
BRDA:169,12,1,0
BRDA:195,13,0,0
BRDA:195,13,1,0
BRDA:198,14,0,0
BRDA:198,14,1,0
BRDA:202,15,0,0
BRDA:202,15,1,0
BRDA:205,16,0,0
BRDA:205,16,1,0
BRDA:231,17,0,0
BRDA:231,17,1,0
BRDA:234,18,0,0
BRDA:234,18,1,0
BRDA:237,19,0,0
BRDA:237,19,1,0
BRDA:240,20,0,0
BRDA:240,20,1,0
BRDA:248,21,0,0
BRDA:248,21,1,0
BRDA:251,22,0,0
BRDA:251,22,1,0
BRF:42
BRH:0
end_of_record
TN:
SF:src/app/products/page.refactored.tsx
FN:9,ProductsPage
FNF:1
FNH:0
FNDA:0,ProductsPage
DA:3,0
DA:4,0
DA:5,0
DA:6,0
DA:7,0
DA:9,0
DA:11,0
DA:23,0
DA:28,0
LF:9
LH:0
BRF:0
BRH:0
end_of_record
TN:
SF:src/app/products/page.tsx
FN:10,ProductsPage
FNF:1
FNH:0
FNDA:0,ProductsPage
DA:2,0
DA:3,0
DA:5,0
DA:10,0
DA:11,0
LF:5
LH:0
BRF:0
BRH:0
end_of_record
TN:
SF:src/app/products/add/page.refactored.tsx
FN:8,AddProductPage
FNF:1
FNH:0
FNDA:0,AddProductPage
DA:3,0
DA:4,0
DA:5,0
DA:6,0
DA:8,0
DA:10,0
DA:18,0
LF:7
LH:0
BRF:0
BRH:0
end_of_record
TN:
SF:src/app/products/add/page.tsx
FN:6,AddProductPage
FNF:1
FNH:0
FNDA:0,AddProductPage
DA:4,0
DA:6,0
DA:7,0
LF:3
LH:0
BRF:0
BRH:0
end_of_record
TN:
SF:src/app/products/edit/[id]/page.refactored.tsx
FN:8,EditProductPage
FNF:1
FNH:0
FNDA:0,EditProductPage
DA:3,0
DA:4,0
DA:5,0
DA:6,0
DA:8,0
DA:10,0
DA:18,0
LF:7
LH:0
BRF:0
BRH:0
end_of_record
TN:
SF:src/app/products/edit/[id]/page.tsx
FN:6,EditProductPage
FNF:1
FNH:0
FNDA:0,EditProductPage
DA:4,0
DA:6,0
DA:7,0
LF:3
LH:0
BRF:0
BRH:0
end_of_record
TN:
SF:src/app/profile/page.refactored.tsx
FN:49,(anonymous_7)
FN:57,(anonymous_8)
FN:104,(anonymous_9)
FN:145,(anonymous_10)
FN:151,(anonymous_11)
FN:207,(anonymous_12)
FN:259,(anonymous_13)
FN:405,(anonymous_14)
FNF:8
FNH:0
FNDA:0,(anonymous_7)
FNDA:0,(anonymous_8)
FNDA:0,(anonymous_9)
FNDA:0,(anonymous_10)
FNDA:0,(anonymous_11)
FNDA:0,(anonymous_12)
FNDA:0,(anonymous_13)
FNDA:0,(anonymous_14)
DA:3,0
DA:4,0
DA:5,0
DA:6,0
DA:7,0
DA:8,0
DA:9,0
DA:10,0
DA:11,0
DA:12,0
DA:13,0
DA:21,0
DA:24,0
DA:25,0
DA:26,0
DA:29,0
DA:30,0
DA:33,0
DA:41,0
DA:49,0
DA:57,0
DA:58,0
DA:59,0
DA:60,0
DA:63,0
DA:64,0
DA:77,0
DA:94,0
DA:100,0
DA:101,0
DA:104,0
DA:105,0
DA:107,0
DA:108,0
DA:111,0
DA:114,0
DA:120,0
DA:121,0
DA:124,0
DA:132,0
DA:134,0
DA:140,0
DA:145,0
DA:146,0
DA:147,0
DA:151,0
DA:152,0
DA:154,0
DA:157,0
DA:159,0
DA:161,0
DA:163,0
DA:172,0
DA:175,0
DA:186,0
DA:187,0
DA:191,0
DA:192,0
DA:195,0
DA:197,0
DA:203,0
DA:207,0
DA:208,0
DA:210,0
DA:213,0
DA:215,0
DA:217,0
DA:219,0
DA:224,0
DA:225,0
DA:228,0
DA:232,0
DA:236,0
DA:238,0
DA:239,0
DA:242,0
DA:245,0
DA:247,0
DA:248,0
DA:255,0
DA:259,0
DA:260,0
DA:261,0
DA:263,0
DA:264,0
DA:267,0
DA:275,0
DA:406,0
DA:407,0
DA:409,0
DA:537,0
LF:91
LH:0
BRDA:105,0,0,0
BRDA:120,1,0,0
BRDA:120,2,0,0
BRDA:120,2,1,0
BRDA:125,3,0,0
BRDA:125,3,1,0
BRDA:125,3,2,0
BRDA:126,4,0,0
BRDA:126,4,1,0
BRDA:126,4,2,0
BRDA:127,5,0,0
BRDA:127,5,1,0
BRDA:127,5,2,0
BRDA:128,6,0,0
BRDA:128,6,1,0
BRDA:128,6,2,0
BRDA:146,7,0,0
BRDA:154,8,0,0
BRDA:154,9,0,0
BRDA:154,9,1,0
BRDA:157,10,0,0
BRDA:166,11,0,0
BRDA:166,11,1,0
BRDA:167,12,0,0
BRDA:167,12,1,0
BRDA:168,13,0,0
BRDA:168,13,1,0
BRDA:172,14,0,0
BRDA:180,15,0,0
BRDA:180,15,1,0
BRDA:181,16,0,0
BRDA:181,16,1,0
BRDA:182,17,0,0
BRDA:182,17,1,0
BRDA:186,18,0,0
BRDA:210,19,0,0
BRDA:210,20,0,0
BRDA:210,20,1,0
BRDA:213,21,0,0
BRDA:224,22,0,0
BRDA:236,23,0,0
BRDA:247,24,0,0
BRDA:263,25,0,0
BRDA:264,26,0,0
BRDA:264,26,1,0
BRDA:292,27,0,0
BRDA:292,27,1,0
BRDA:305,28,0,0
BRDA:305,28,1,0
BRDA:307,29,0,0
BRDA:307,29,1,0
BRDA:324,30,0,0
BRDA:324,30,1,0
BRDA:327,31,0,0
BRDA:327,31,1,0
BRDA:330,32,0,0
BRDA:330,32,1,0
BRDA:379,33,0,0
BRDA:379,33,1,0
BRDA:399,34,0,0
BRDA:399,34,1,0
BRDA:407,35,0,0
BRDA:418,36,0,0
BRDA:418,36,1,0
BRDA:434,37,0,0
BRDA:434,37,1,0
BRDA:452,38,0,0
BRDA:452,38,1,0
BRDA:455,39,0,0
BRDA:455,39,1,0
BRDA:458,40,0,0
BRDA:458,40,1,0
BRDA:473,41,0,0
BRDA:473,41,1,0
BRDA:476,42,0,0
BRDA:476,42,1,0
BRDA:479,43,0,0
BRDA:479,43,1,0
BRDA:494,44,0,0
BRDA:494,44,1,0
BRDA:497,45,0,0
BRDA:497,45,1,0
BRDA:500,46,0,0
BRDA:500,46,1,0
BRDA:520,47,0,0
BRDA:520,47,1,0
BRF:86
BRH:0
end_of_record
TN:
SF:src/app/profile/page.tsx
FN:49,(anonymous_7)
FN:57,(anonymous_8)
FN:104,(anonymous_9)
FN:145,(anonymous_10)
FN:151,(anonymous_11)
FN:207,(anonymous_12)
FN:259,(anonymous_13)
FN:405,(anonymous_14)
FNF:8
FNH:0
FNDA:0,(anonymous_7)
FNDA:0,(anonymous_8)
FNDA:0,(anonymous_9)
FNDA:0,(anonymous_10)
FNDA:0,(anonymous_11)
FNDA:0,(anonymous_12)
FNDA:0,(anonymous_13)
FNDA:0,(anonymous_14)
DA:3,0
DA:4,0
DA:5,0
DA:6,0
DA:7,0
DA:8,0
DA:9,0
DA:10,0
DA:11,0
DA:12,0
DA:13,0
DA:21,0
DA:24,0
DA:25,0
DA:26,0
DA:29,0
DA:30,0
DA:33,0
DA:41,0
DA:49,0
DA:57,0
DA:58,0
DA:59,0
DA:60,0
DA:63,0
DA:64,0
DA:77,0
DA:94,0
DA:100,0
DA:101,0
DA:104,0
DA:105,0
DA:107,0
DA:108,0
DA:111,0
DA:114,0
DA:120,0
DA:121,0
DA:124,0
DA:132,0
DA:134,0
DA:140,0
DA:145,0
DA:146,0
DA:147,0
DA:151,0
DA:152,0
DA:154,0
DA:157,0
DA:159,0
DA:161,0
DA:163,0
DA:172,0
DA:175,0
DA:186,0
DA:187,0
DA:191,0
DA:192,0
DA:195,0
DA:197,0
DA:203,0
DA:207,0
DA:208,0
DA:210,0
DA:213,0
DA:215,0
DA:217,0
DA:219,0
DA:224,0
DA:225,0
DA:228,0
DA:232,0
DA:236,0
DA:238,0
DA:239,0
DA:242,0
DA:245,0
DA:247,0
DA:248,0
DA:255,0
DA:259,0
DA:260,0
DA:261,0
DA:263,0
DA:264,0
DA:267,0
DA:275,0
DA:406,0
DA:407,0
DA:409,0
DA:537,0
LF:91
LH:0
BRDA:105,0,0,0
BRDA:120,1,0,0
BRDA:120,2,0,0
BRDA:120,2,1,0
BRDA:125,3,0,0
BRDA:125,3,1,0
BRDA:125,3,2,0
BRDA:126,4,0,0
BRDA:126,4,1,0
BRDA:126,4,2,0
BRDA:127,5,0,0
BRDA:127,5,1,0
BRDA:127,5,2,0
BRDA:128,6,0,0
BRDA:128,6,1,0
BRDA:128,6,2,0
BRDA:146,7,0,0
BRDA:154,8,0,0
BRDA:154,9,0,0
BRDA:154,9,1,0
BRDA:157,10,0,0
BRDA:166,11,0,0
BRDA:166,11,1,0
BRDA:167,12,0,0
BRDA:167,12,1,0
BRDA:168,13,0,0
BRDA:168,13,1,0
BRDA:172,14,0,0
BRDA:180,15,0,0
BRDA:180,15,1,0
BRDA:181,16,0,0
BRDA:181,16,1,0
BRDA:182,17,0,0
BRDA:182,17,1,0
BRDA:186,18,0,0
BRDA:210,19,0,0
BRDA:210,20,0,0
BRDA:210,20,1,0
BRDA:213,21,0,0
BRDA:224,22,0,0
BRDA:236,23,0,0
BRDA:247,24,0,0
BRDA:263,25,0,0
BRDA:264,26,0,0
BRDA:264,26,1,0
BRDA:292,27,0,0
BRDA:292,27,1,0
BRDA:305,28,0,0
BRDA:305,28,1,0
BRDA:307,29,0,0
BRDA:307,29,1,0
BRDA:324,30,0,0
BRDA:324,30,1,0
BRDA:327,31,0,0
BRDA:327,31,1,0
BRDA:330,32,0,0
BRDA:330,32,1,0
BRDA:379,33,0,0
BRDA:379,33,1,0
BRDA:399,34,0,0
BRDA:399,34,1,0
BRDA:407,35,0,0
BRDA:418,36,0,0
BRDA:418,36,1,0
BRDA:434,37,0,0
BRDA:434,37,1,0
BRDA:452,38,0,0
BRDA:452,38,1,0
BRDA:455,39,0,0
BRDA:455,39,1,0
BRDA:458,40,0,0
BRDA:458,40,1,0
BRDA:473,41,0,0
BRDA:473,41,1,0
BRDA:476,42,0,0
BRDA:476,42,1,0
BRDA:479,43,0,0
BRDA:479,43,1,0
BRDA:494,44,0,0
BRDA:494,44,1,0
BRDA:497,45,0,0
BRDA:497,45,1,0
BRDA:500,46,0,0
BRDA:500,46,1,0
BRDA:520,47,0,0
BRDA:520,47,1,0
BRF:86
BRH:0
end_of_record
TN:
SF:src/app/quotes/page.tsx
FN:25,QuotesPage
FN:36,(anonymous_2)
FN:42,(anonymous_3)
FN:59,(anonymous_4)
FN:89,(anonymous_5)
FN:98,(anonymous_6)
FN:112,(anonymous_7)
FN:124,(anonymous_8)
FN:137,(anonymous_9)
FN:158,(anonymous_10)
FN:163,(anonymous_11)
FN:174,(anonymous_12)
FN:180,(anonymous_13)
FN:217,(anonymous_14)
FN:251,(anonymous_15)
FN:263,(anonymous_16)
FN:275,(anonymous_17)
FN:287,(anonymous_18)
FN:305,(anonymous_19)
FN:355,(anonymous_20)
FN:362,(anonymous_21)
FNF:21
FNH:0
FNDA:0,QuotesPage
FNDA:0,(anonymous_2)
FNDA:0,(anonymous_3)
FNDA:0,(anonymous_4)
FNDA:0,(anonymous_5)
FNDA:0,(anonymous_6)
FNDA:0,(anonymous_7)
FNDA:0,(anonymous_8)
FNDA:0,(anonymous_9)
FNDA:0,(anonymous_10)
FNDA:0,(anonymous_11)
FNDA:0,(anonymous_12)
FNDA:0,(anonymous_13)
FNDA:0,(anonymous_14)
FNDA:0,(anonymous_15)
FNDA:0,(anonymous_16)
FNDA:0,(anonymous_17)
FNDA:0,(anonymous_18)
FNDA:0,(anonymous_19)
FNDA:0,(anonymous_20)
FNDA:0,(anonymous_21)
DA:3,0
DA:4,0
DA:5,0
DA:6,0
DA:8,0
DA:9,0
DA:22,0
DA:23,0
DA:25,0
DA:26,0
DA:27,0
DA:28,0
DA:29,0
DA:30,0
DA:31,0
DA:32,0
DA:33,0
DA:34,0
DA:36,0
DA:37,0
DA:38,0
DA:42,0
DA:43,0
DA:44,0
DA:45,0
DA:47,0
DA:52,0
DA:54,0
DA:55,0
DA:59,0
DA:60,0
DA:61,0
DA:63,0
DA:64,0
DA:69,0
DA:70,0
DA:72,0
DA:77,0
DA:79,0
DA:80,0
DA:81,0
DA:85,0
DA:89,0
DA:90,0
DA:91,0
DA:93,0
DA:94,0
DA:98,0
DA:99,0
DA:101,0
DA:102,0
DA:103,0
DA:108,0
DA:109,0
DA:112,0
DA:113,0
DA:115,0
DA:116,0
DA:120,0
DA:124,0
DA:125,0
DA:127,0
DA:134,0
DA:137,0
DA:138,0
DA:144,0
DA:145,0
DA:147,0
DA:151,0
DA:152,0
DA:158,0
DA:159,0
DA:163,0
DA:164,0
DA:165,0
DA:166,0
DA:174,0
DA:175,0
DA:176,0
DA:180,0
DA:181,0
DA:183,0
DA:184,0
DA:185,0
DA:186,0
DA:187,0
DA:188,0
DA:192,0
DA:217,0
DA:251,0
DA:263,0
DA:275,0
DA:287,0
DA:306,0
DA:355,0
DA:362,0
LF:96
LH:0
BRDA:37,0,0,0
BRDA:54,1,0,0
BRDA:59,2,0,0
BRDA:59,2,1,0
BRDA:63,3,0,0
BRDA:63,4,0,0
BRDA:63,4,1,0
BRDA:64,5,0,0
BRDA:64,5,1,0
BRDA:69,6,0,0
BRDA:69,7,0,0
BRDA:69,7,1,0
BRDA:69,8,0,0
BRDA:69,8,1,0
BRDA:70,9,0,0
BRDA:70,10,0,0
BRDA:70,10,1,0
BRDA:70,11,0,0
BRDA:70,11,1,0
BRDA:72,12,0,0
BRDA:72,12,1,0
BRDA:73,13,0,0
BRDA:73,13,1,0
BRDA:74,14,0,0
BRDA:74,14,1,0
BRDA:80,15,0,0
BRDA:80,15,1,0
BRDA:82,16,0,0
BRDA:82,16,1,0
BRDA:90,17,0,0
BRDA:90,17,1,0
BRDA:91,18,0,0
BRDA:91,18,1,0
BRDA:99,19,0,0
BRDA:108,20,0,0
BRDA:117,21,0,0
BRDA:117,21,1,0
BRDA:138,22,0,0
BRDA:138,22,1,0
BRDA:139,23,0,0
BRDA:139,23,1,0
BRDA:153,24,0,0
BRDA:153,24,1,0
BRDA:164,25,0,0
BRDA:175,26,0,0
BRDA:181,27,0,0
BRDA:183,28,0,0
BRDA:183,28,1,0
BRDA:183,28,2,0
BRDA:183,28,3,0
BRDA:183,28,4,0
BRDA:222,29,0,0
BRDA:222,29,1,0
BRDA:227,30,0,0
BRDA:227,30,1,0
BRDA:232,31,0,0
BRDA:232,31,1,0
BRDA:255,32,0,0
BRDA:255,32,1,0
BRDA:267,33,0,0
BRDA:267,33,1,0
BRDA:279,34,0,0
BRDA:279,34,1,0
BRDA:291,35,0,0
BRDA:291,35,1,0
BRDA:306,36,0,0
BRDA:306,36,1,0
BRDA:315,37,0,0
BRDA:315,37,1,0
BRDA:322,38,0,0
BRDA:322,38,1,0
BRDA:338,39,0,0
BRDA:338,39,1,0
BRDA:342,40,0,0
BRDA:342,40,1,0
BRDA:355,41,0,0
BRDA:355,41,1,0
BRDA:362,42,0,0
BRDA:362,42,1,0
BRDA:366,43,0,0
BRDA:366,43,1,0
BRF:81
BRH:0
end_of_record
TN:
SF:src/app/quotes/[id]/QuoteViewTracker.tsx
FN:13,QuoteViewTracker
FN:15,(anonymous_1)
FN:16,(anonymous_2)
FNF:3
FNH:0
FNDA:0,QuoteViewTracker
FNDA:0,(anonymous_1)
FNDA:0,(anonymous_2)
DA:3,0
DA:13,0
DA:15,0
DA:16,0
DA:17,0
DA:18,0
DA:23,0
DA:25,0
DA:29,0
DA:33,0
LF:10
LH:0
BRF:0
BRH:0
end_of_record
TN:
SF:src/app/quotes/[id]/page.tsx
FN:16,generateMetadata
FN:49,QuoteLoading
FN:63,QuotePage
FNF:3
FNH:0
FNDA:0,generateMetadata
FNDA:0,QuoteLoading
FNDA:0,QuotePage
DA:1,0
DA:2,0
DA:3,0
DA:4,0
DA:5,0
DA:6,0
DA:16,0
DA:21,0
DA:22,0
DA:29,0
DA:30,0
DA:33,0
DA:50,0
DA:63,0
DA:64,0
DA:65,0
DA:68,0
DA:69,0
DA:76,0
DA:77,0
DA:78,0
DA:81,0
LF:22
LH:0
BRDA:34,0,0,0
BRDA:34,0,1,0
BRDA:35,1,0,0
BRDA:35,1,1,0
BRDA:39,2,0,0
BRDA:39,2,1,0
BRDA:40,3,0,0
BRDA:40,3,1,0
BRDA:65,4,0,0
BRDA:65,4,1,0
BRDA:76,5,0,0
BRDA:76,6,0,0
BRDA:76,6,1,0
BRF:13
BRH:0
end_of_record
TN:
SF:src/app/quotes/create/page.tsx
FN:18,(anonymous_1)
FN:22,(anonymous_2)
FN:26,(anonymous_3)
FN:30,(anonymous_4)
FN:38,(anonymous_5)
FN:45,CreateQuotePage
FN:70,(anonymous_7)
FN:74,(anonymous_8)
FN:100,(anonymous_9)
FN:102,(anonymous_10)
FN:106,(anonymous_11)
FN:110,(anonymous_12)
FN:114,(anonymous_13)
FN:124,(anonymous_14)
FN:125,(anonymous_15)
FN:130,(anonymous_16)
FN:133,(anonymous_17)
FN:141,(anonymous_18)
FN:148,(anonymous_19)
FN:157,(anonymous_20)
FN:159,(anonymous_21)
FN:183,(anonymous_22)
FN:208,(anonymous_23)
FN:209,(anonymous_24)
FN:246,(anonymous_25)
FN:257,(anonymous_26)
FN:258,(anonymous_27)
FN:489,(anonymous_28)
FN:498,(anonymous_29)
FN:504,(anonymous_30)
FN:522,(anonymous_31)
FN:536,(anonymous_32)
FN:544,(anonymous_33)
FN:560,(anonymous_34)
FN:668,(anonymous_35)
FN:708,(anonymous_36)
FN:720,(anonymous_37)
FN:721,(anonymous_38)
FNF:38
FNH:0
FNDA:0,(anonymous_1)
FNDA:0,(anonymous_2)
FNDA:0,(anonymous_3)
FNDA:0,(anonymous_4)
FNDA:0,(anonymous_5)
FNDA:0,CreateQuotePage
FNDA:0,(anonymous_7)
FNDA:0,(anonymous_8)
FNDA:0,(anonymous_9)
FNDA:0,(anonymous_10)
FNDA:0,(anonymous_11)
FNDA:0,(anonymous_12)
FNDA:0,(anonymous_13)
FNDA:0,(anonymous_14)
FNDA:0,(anonymous_15)
FNDA:0,(anonymous_16)
FNDA:0,(anonymous_17)
FNDA:0,(anonymous_18)
FNDA:0,(anonymous_19)
FNDA:0,(anonymous_20)
FNDA:0,(anonymous_21)
FNDA:0,(anonymous_22)
FNDA:0,(anonymous_23)
FNDA:0,(anonymous_24)
FNDA:0,(anonymous_25)
FNDA:0,(anonymous_26)
FNDA:0,(anonymous_27)
FNDA:0,(anonymous_28)
FNDA:0,(anonymous_29)
FNDA:0,(anonymous_30)
FNDA:0,(anonymous_31)
FNDA:0,(anonymous_32)
FNDA:0,(anonymous_33)
FNDA:0,(anonymous_34)
FNDA:0,(anonymous_35)
FNDA:0,(anonymous_36)
FNDA:0,(anonymous_37)
FNDA:0,(anonymous_38)
DA:3,0
DA:4,0
DA:5,0
DA:7,0
DA:8,0
DA:9,0
DA:10,0
DA:11,0
DA:12,0
DA:13,0
DA:16,0
DA:18,0
DA:22,0
DA:26,0
DA:30,0
DA:38,0
DA:45,0
DA:46,0
DA:47,0
DA:49,0
DA:50,0
DA:51,0
DA:53,0
DA:62,0
DA:63,0
DA:65,0
DA:66,0
DA:67,0
DA:70,0
DA:71,0
DA:74,0
DA:75,0
DA:76,0
DA:77,0
DA:79,0
DA:84,0
DA:85,0
DA:88,0
DA:90,0
DA:91,0
DA:92,0
DA:96,0
DA:100,0
DA:101,0
DA:102,0
DA:105,0
DA:106,0
DA:110,0
DA:111,0
DA:112,0
DA:114,0
DA:117,0
DA:118,0
DA:119,0
DA:120,0
DA:124,0
DA:125,0
DA:130,0
DA:133,0
DA:134,0
DA:135,0
DA:138,0
DA:139,0
DA:141,0
DA:143,0
DA:144,0
DA:145,0
DA:148,0
DA:149,0
DA:150,0
DA:151,0
DA:152,0
DA:153,0
DA:155,0
DA:156,0
DA:157,0
DA:159,0
DA:160,0
DA:162,0
DA:164,0
DA:165,0
DA:167,0
DA:168,0
DA:170,0
DA:171,0
DA:176,0
DA:177,0
DA:179,0
DA:183,0
DA:184,0
DA:186,0
DA:189,0
DA:190,0
DA:191,0
DA:194,0
DA:195,0
DA:196,0
DA:198,0
DA:200,0
DA:208,0
DA:209,0
DA:210,0
DA:211,0
DA:213,0
DA:220,0
DA:222,0
DA:223,0
DA:227,0
DA:230,0
DA:233,0
DA:236,0
DA:237,0
DA:238,0
DA:242,0
DA:246,0
DA:247,0
DA:249,0
DA:251,0
DA:254,0
DA:258,0
DA:259,0
DA:275,0
DA:281,0
DA:282,0
DA:285,0
DA:288,0
DA:291,0
DA:292,0
DA:298,0
DA:490,0
DA:498,0
DA:505,0
DA:523,0
DA:524,0
DA:525,0
DA:536,0
DA:545,0
DA:546,0
DA:560,0
DA:668,0
DA:709,0
DA:721,0
DA:722,0
DA:723,0
LF:144
LH:0
BRDA:18,0,0,0
BRDA:18,0,1,0
BRDA:22,1,0,0
BRDA:22,1,1,0
BRDA:26,2,0,0
BRDA:26,2,1,0
BRDA:30,3,0,0
BRDA:30,3,1,0
BRDA:38,4,0,0
BRDA:38,4,1,0
BRDA:84,5,0,0
BRDA:88,6,0,0
BRDA:88,6,1,0
BRDA:91,7,0,0
BRDA:91,7,1,0
BRDA:93,8,0,0
BRDA:93,8,1,0
BRDA:105,9,0,0
BRDA:118,10,0,0
BRDA:118,11,0,0
BRDA:118,11,1,0
BRDA:134,12,0,0
BRDA:155,13,0,0
BRDA:162,14,0,0
BRDA:162,14,1,0
BRDA:165,15,0,0
BRDA:165,16,0,0
BRDA:165,16,1,0
BRDA:170,17,0,0
BRDA:170,18,0,0
BRDA:170,18,1,0
BRDA:170,18,2,0
BRDA:186,19,0,0
BRDA:189,20,0,0
BRDA:204,21,0,0
BRDA:204,21,1,0
BRDA:210,22,0,0
BRDA:222,23,0,0
BRDA:237,24,0,0
BRDA:237,24,1,0
BRDA:239,25,0,0
BRDA:239,25,1,0
BRDA:247,26,0,0
BRDA:247,27,0,0
BRDA:247,27,1,0
BRDA:261,28,0,0
BRDA:261,28,1,0
BRDA:281,29,0,0
BRDA:293,30,0,0
BRDA:293,30,1,0
BRDA:315,31,0,0
BRDA:315,31,1,0
BRDA:327,32,0,0
BRDA:327,32,1,0
BRDA:353,33,0,0
BRDA:353,33,1,0
BRDA:358,34,0,0
BRDA:358,34,1,0
BRDA:360,35,0,0
BRDA:360,35,1,0
BRDA:378,36,0,0
BRDA:378,36,1,0
BRDA:383,37,0,0
BRDA:383,37,1,0
BRDA:385,38,0,0
BRDA:385,38,1,0
BRDA:403,39,0,0
BRDA:403,39,1,0
BRDA:408,40,0,0
BRDA:408,40,1,0
BRDA:410,41,0,0
BRDA:410,41,1,0
BRDA:427,42,0,0
BRDA:427,42,1,0
BRDA:431,43,0,0
BRDA:431,43,1,0
BRDA:472,44,0,0
BRDA:472,44,1,0
BRDA:477,45,0,0
BRDA:477,45,1,0
BRDA:500,46,0,0
BRDA:500,46,1,0
BRDA:510,47,0,0
BRDA:510,47,1,0
BRDA:524,48,0,0
BRDA:538,49,0,0
BRDA:538,49,1,0
BRDA:553,50,0,0
BRDA:553,50,1,0
BRDA:576,51,0,0
BRDA:576,51,1,0
BRDA:576,51,2,0
BRDA:581,52,0,0
BRDA:581,52,1,0
BRDA:594,53,0,0
BRDA:594,53,1,0
BRDA:722,54,0,0
BRDA:722,54,1,0
BRF:98
BRH:0
end_of_record
TN:
SF:src/app/register/page.refactored.tsx
FN:51,(anonymous_7)
FN:54,(anonymous_8)
FN:61,(anonymous_9)
FN:92,(anonymous_10)
FN:98,(anonymous_11)
FN:110,(anonymous_12)
FN:159,(anonymous_13)
FNF:7
FNH:0
FNDA:0,(anonymous_7)
FNDA:0,(anonymous_8)
FNDA:0,(anonymous_9)
FNDA:0,(anonymous_10)
FNDA:0,(anonymous_11)
FNDA:0,(anonymous_12)
FNDA:0,(anonymous_13)
DA:3,0
DA:4,0
DA:5,0
DA:6,0
DA:7,0
DA:8,0
DA:9,0
DA:19,0
DA:20,0
DA:21,0
DA:22,0
DA:30,0
DA:31,0
DA:34,0
DA:35,0
DA:38,0
DA:39,0
DA:42,0
DA:51,0
DA:54,0
DA:61,0
DA:62,0
DA:63,0
DA:64,0
DA:67,0
DA:80,0
DA:89,0
DA:92,0
DA:93,0
DA:94,0
DA:98,0
DA:100,0
DA:110,0
DA:111,0
DA:114,0
DA:117,0
DA:119,0
DA:121,0
DA:123,0
DA:129,0
DA:135,0
DA:136,0
DA:140,0
DA:143,0
DA:148,0
DA:150,0
DA:156,0
DA:157,0
DA:158,0
DA:159,0
DA:160,0
DA:161,0
DA:162,0
DA:163,0
DA:165,0
DA:168,0
DA:171,0
DA:175,0
DA:386,0
LF:59
LH:0
BRDA:89,0,0,0
BRDA:89,0,1,0
BRDA:93,1,0,0
BRDA:117,2,0,0
BRDA:135,3,0,0
BRDA:136,4,0,0
BRDA:136,4,1,0
BRDA:156,5,0,0
BRDA:156,5,1,0
BRDA:157,6,0,0
BRDA:157,6,1,0
BRDA:157,7,0,0
BRDA:157,7,1,0
BRDA:160,8,0,0
BRDA:160,8,1,0
BRDA:162,9,0,0
BRDA:162,9,1,0
BRDA:165,10,0,0
BRDA:165,10,1,0
BRDA:198,11,0,0
BRDA:198,11,1,0
BRDA:231,12,0,0
BRDA:231,12,1,0
BRDA:234,13,0,0
BRDA:234,13,1,0
BRDA:238,14,0,0
BRDA:238,14,1,0
BRDA:241,15,0,0
BRDA:241,15,1,0
BRDA:259,16,0,0
BRDA:259,16,1,0
BRDA:262,17,0,0
BRDA:262,17,1,0
BRDA:265,18,0,0
BRDA:265,18,1,0
BRDA:268,19,0,0
BRDA:268,19,1,0
BRDA:286,20,0,0
BRDA:286,20,1,0
BRDA:289,21,0,0
BRDA:289,21,1,0
BRDA:292,22,0,0
BRDA:292,22,1,0
BRDA:295,23,0,0
BRDA:295,23,1,0
BRDA:313,24,0,0
BRDA:313,24,1,0
BRDA:316,25,0,0
BRDA:316,25,1,0
BRDA:319,26,0,0
BRDA:319,26,1,0
BRDA:322,27,0,0
BRDA:322,27,1,0
BRDA:332,28,0,0
BRDA:332,28,1,0
BRDA:334,29,0,0
BRDA:334,29,1,0
BRDA:343,30,0,0
BRDA:343,30,1,0
BRDA:352,31,0,0
BRDA:352,31,1,0
BRDA:355,32,0,0
BRDA:355,32,1,0
BRF:63
BRH:0
end_of_record
TN:
SF:src/app/register/page.tsx
FN:51,(anonymous_7)
FN:54,(anonymous_8)
FN:61,(anonymous_9)
FN:92,(anonymous_10)
FN:98,(anonymous_11)
FN:110,(anonymous_12)
FN:159,(anonymous_13)
FNF:7
FNH:0
FNDA:0,(anonymous_7)
FNDA:0,(anonymous_8)
FNDA:0,(anonymous_9)
FNDA:0,(anonymous_10)
FNDA:0,(anonymous_11)
FNDA:0,(anonymous_12)
FNDA:0,(anonymous_13)
DA:3,0
DA:4,0
DA:5,0
DA:6,0
DA:7,0
DA:8,0
DA:9,0
DA:19,0
DA:20,0
DA:21,0
DA:22,0
DA:30,0
DA:31,0
DA:34,0
DA:35,0
DA:38,0
DA:39,0
DA:42,0
DA:51,0
DA:54,0
DA:61,0
DA:62,0
DA:63,0
DA:64,0
DA:67,0
DA:80,0
DA:89,0
DA:92,0
DA:93,0
DA:94,0
DA:98,0
DA:100,0
DA:110,0
DA:111,0
DA:114,0
DA:117,0
DA:119,0
DA:121,0
DA:123,0
DA:129,0
DA:135,0
DA:136,0
DA:140,0
DA:143,0
DA:148,0
DA:150,0
DA:156,0
DA:157,0
DA:158,0
DA:159,0
DA:160,0
DA:161,0
DA:162,0
DA:163,0
DA:165,0
DA:168,0
DA:171,0
DA:175,0
DA:386,0
LF:59
LH:0
BRDA:89,0,0,0
BRDA:89,0,1,0
BRDA:93,1,0,0
BRDA:117,2,0,0
BRDA:135,3,0,0
BRDA:136,4,0,0
BRDA:136,4,1,0
BRDA:156,5,0,0
BRDA:156,5,1,0
BRDA:157,6,0,0
BRDA:157,6,1,0
BRDA:157,7,0,0
BRDA:157,7,1,0
BRDA:160,8,0,0
BRDA:160,8,1,0
BRDA:162,9,0,0
BRDA:162,9,1,0
BRDA:165,10,0,0
BRDA:165,10,1,0
BRDA:198,11,0,0
BRDA:198,11,1,0
BRDA:231,12,0,0
BRDA:231,12,1,0
BRDA:234,13,0,0
BRDA:234,13,1,0
BRDA:238,14,0,0
BRDA:238,14,1,0
BRDA:241,15,0,0
BRDA:241,15,1,0
BRDA:259,16,0,0
BRDA:259,16,1,0
BRDA:262,17,0,0
BRDA:262,17,1,0
BRDA:265,18,0,0
BRDA:265,18,1,0
BRDA:268,19,0,0
BRDA:268,19,1,0
BRDA:286,20,0,0
BRDA:286,20,1,0
BRDA:289,21,0,0
BRDA:289,21,1,0
BRDA:292,22,0,0
BRDA:292,22,1,0
BRDA:295,23,0,0
BRDA:295,23,1,0
BRDA:313,24,0,0
BRDA:313,24,1,0
BRDA:316,25,0,0
BRDA:316,25,1,0
BRDA:319,26,0,0
BRDA:319,26,1,0
BRDA:322,27,0,0
BRDA:322,27,1,0
BRDA:332,28,0,0
BRDA:332,28,1,0
BRDA:334,29,0,0
BRDA:334,29,1,0
BRDA:343,30,0,0
BRDA:343,30,1,0
BRDA:352,31,0,0
BRDA:352,31,1,0
BRDA:355,32,0,0
BRDA:355,32,1,0
BRF:63
BRH:0
end_of_record
TN:
SF:src/app/reset-password/page.refactored.tsx
FN:45,(anonymous_7)
FN:68,(anonymous_8)
FNF:2
FNH:0
FNDA:0,(anonymous_7)
FNDA:0,(anonymous_8)
DA:3,0
DA:4,0
DA:5,0
DA:6,0
DA:7,0
DA:8,0
DA:9,0
DA:17,0
DA:18,0
DA:19,0
DA:20,0
DA:28,0
DA:31,0
DA:32,0
DA:35,0
DA:36,0
DA:39,0
DA:45,0
DA:46,0
DA:47,0
DA:50,0
DA:62,0
DA:66,0
DA:68,0
DA:69,0
DA:72,0
DA:75,0
DA:77,0
DA:79,0
DA:80,0
DA:82,0
DA:83,0
DA:86,0
DA:89,0
DA:91,0
DA:96,0
DA:102,0
DA:103,0
DA:104,0
DA:105,0
DA:106,0
DA:109,0
DA:110,0
DA:111,0
DA:115,0
DA:116,0
DA:117,0
DA:120,0
DA:124,0
DA:244,0
LF:50
LH:0
BRDA:75,0,0,0
BRDA:82,1,0,0
BRDA:102,2,0,0
BRDA:102,2,1,0
BRDA:103,3,0,0
BRDA:103,3,1,0
BRDA:105,4,0,0
BRDA:105,4,1,0
BRDA:143,5,0,0
BRDA:143,5,1,0
BRDA:149,6,0,0
BRDA:149,6,1,0
BRDA:156,7,0,0
BRDA:156,7,1,0
BRDA:191,8,0,0
BRDA:191,8,1,0
BRDA:198,9,0,0
BRDA:198,9,1,0
BRDA:201,10,0,0
BRDA:201,10,1,0
BRDA:212,11,0,0
BRDA:212,11,1,0
BRF:22
BRH:0
end_of_record
TN:
SF:src/app/reset-password/page.tsx
FN:45,(anonymous_7)
FN:68,(anonymous_8)
FNF:2
FNH:0
FNDA:0,(anonymous_7)
FNDA:0,(anonymous_8)
DA:3,0
DA:4,0
DA:5,0
DA:6,0
DA:7,0
DA:8,0
DA:9,0
DA:17,0
DA:18,0
DA:19,0
DA:20,0
DA:28,0
DA:31,0
DA:32,0
DA:35,0
DA:36,0
DA:39,0
DA:45,0
DA:46,0
DA:47,0
DA:50,0
DA:62,0
DA:66,0
DA:68,0
DA:69,0
DA:72,0
DA:75,0
DA:77,0
DA:79,0
DA:80,0
DA:82,0
DA:83,0
DA:86,0
DA:89,0
DA:91,0
DA:96,0
DA:102,0
DA:103,0
DA:104,0
DA:105,0
DA:106,0
DA:109,0
DA:110,0
DA:111,0
DA:115,0
DA:116,0
DA:117,0
DA:120,0
DA:124,0
DA:244,0
LF:50
LH:0
BRDA:75,0,0,0
BRDA:82,1,0,0
BRDA:102,2,0,0
BRDA:102,2,1,0
BRDA:103,3,0,0
BRDA:103,3,1,0
BRDA:105,4,0,0
BRDA:105,4,1,0
BRDA:143,5,0,0
BRDA:143,5,1,0
BRDA:149,6,0,0
BRDA:149,6,1,0
BRDA:156,7,0,0
BRDA:156,7,1,0
BRDA:191,8,0,0
BRDA:191,8,1,0
BRDA:198,9,0,0
BRDA:198,9,1,0
BRDA:201,10,0,0
BRDA:201,10,1,0
BRDA:212,11,0,0
BRDA:212,11,1,0
BRF:22
BRH:0
end_of_record
TN:
SF:src/app/update-password/page.refactored.tsx
FN:46,(anonymous_7)
FN:53,(anonymous_8)
FN:80,(anonymous_9)
FN:81,(anonymous_10)
FN:119,(anonymous_11)
FN:149,(anonymous_12)
FN:214,(anonymous_13)
FNF:7
FNH:0
FNDA:0,(anonymous_7)
FNDA:0,(anonymous_8)
FNDA:0,(anonymous_9)
FNDA:0,(anonymous_10)
FNDA:0,(anonymous_11)
FNDA:0,(anonymous_12)
FNDA:0,(anonymous_13)
DA:3,0
DA:4,0
DA:5,0
DA:6,0
DA:7,0
DA:8,0
DA:9,0
DA:17,0
DA:18,0
DA:19,0
DA:20,0
DA:28,0
DA:31,0
DA:32,0
DA:35,0
DA:36,0
DA:39,0
DA:46,0
DA:53,0
DA:54,0
DA:55,0
DA:58,0
DA:70,0
DA:75,0
DA:78,0
DA:80,0
DA:81,0
DA:82,0
DA:84,0
DA:86,0
DA:87,0
DA:88,0
DA:89,0
DA:90,0
DA:94,0
DA:96,0
DA:97,0
DA:98,0
DA:99,0
DA:101,0
DA:102,0
DA:105,0
DA:110,0
DA:111,0
DA:112,0
DA:116,0
DA:119,0
DA:120,0
DA:123,0
DA:126,0
DA:128,0
DA:130,0
DA:131,0
DA:135,0
DA:136,0
DA:139,0
DA:142,0
DA:144,0
DA:149,0
DA:150,0
DA:154,0
DA:160,0
DA:161,0
DA:162,0
DA:163,0
DA:164,0
DA:166,0
DA:169,0
DA:172,0
DA:176,0
DA:214,0
DA:340,0
LF:72
LH:0
BRDA:86,0,0,0
BRDA:96,1,0,0
BRDA:96,1,1,0
BRDA:96,2,0,0
BRDA:96,2,1,0
BRDA:126,3,0,0
BRDA:135,4,0,0
BRDA:160,5,0,0
BRDA:160,5,1,0
BRDA:161,6,0,0
BRDA:161,6,1,0
BRDA:163,7,0,0
BRDA:163,7,1,0
BRDA:166,8,0,0
BRDA:166,8,1,0
BRDA:194,9,0,0
BRDA:194,9,1,0
BRDA:197,10,0,0
BRDA:197,10,1,0
BRDA:203,11,0,0
BRDA:203,11,1,0
BRDA:210,12,0,0
BRDA:210,12,1,0
BRDA:223,13,0,0
BRDA:223,13,1,0
BRDA:234,14,0,0
BRDA:234,14,1,0
BRDA:254,15,0,0
BRDA:254,15,1,0
BRDA:261,16,0,0
BRDA:261,16,1,0
BRDA:264,17,0,0
BRDA:264,17,1,0
BRDA:282,18,0,0
BRDA:282,18,1,0
BRDA:288,19,0,0
BRDA:288,19,1,0
BRDA:291,20,0,0
BRDA:291,20,1,0
BRDA:309,21,0,0
BRDA:309,21,1,0
BRF:41
BRH:0
end_of_record
TN:
SF:src/app/update-password/page.tsx
FN:46,(anonymous_7)
FN:53,(anonymous_8)
FN:80,(anonymous_9)
FN:81,(anonymous_10)
FN:119,(anonymous_11)
FN:149,(anonymous_12)
FN:214,(anonymous_13)
FNF:7
FNH:0
FNDA:0,(anonymous_7)
FNDA:0,(anonymous_8)
FNDA:0,(anonymous_9)
FNDA:0,(anonymous_10)
FNDA:0,(anonymous_11)
FNDA:0,(anonymous_12)
FNDA:0,(anonymous_13)
DA:3,0
DA:4,0
DA:5,0
DA:6,0
DA:7,0
DA:8,0
DA:9,0
DA:17,0
DA:18,0
DA:19,0
DA:20,0
DA:28,0
DA:31,0
DA:32,0
DA:35,0
DA:36,0
DA:39,0
DA:46,0
DA:53,0
DA:54,0
DA:55,0
DA:58,0
DA:70,0
DA:75,0
DA:78,0
DA:80,0
DA:81,0
DA:82,0
DA:84,0
DA:86,0
DA:87,0
DA:88,0
DA:89,0
DA:90,0
DA:94,0
DA:96,0
DA:97,0
DA:98,0
DA:99,0
DA:101,0
DA:102,0
DA:105,0
DA:110,0
DA:111,0
DA:112,0
DA:116,0
DA:119,0
DA:120,0
DA:123,0
DA:126,0
DA:128,0
DA:130,0
DA:131,0
DA:135,0
DA:136,0
DA:139,0
DA:142,0
DA:144,0
DA:149,0
DA:150,0
DA:154,0
DA:160,0
DA:161,0
DA:162,0
DA:163,0
DA:164,0
DA:166,0
DA:169,0
DA:172,0
DA:176,0
DA:214,0
DA:340,0
LF:72
LH:0
BRDA:86,0,0,0
BRDA:96,1,0,0
BRDA:96,1,1,0
BRDA:96,2,0,0
BRDA:96,2,1,0
BRDA:126,3,0,0
BRDA:135,4,0,0
BRDA:160,5,0,0
BRDA:160,5,1,0
BRDA:161,6,0,0
BRDA:161,6,1,0
BRDA:163,7,0,0
BRDA:163,7,1,0
BRDA:166,8,0,0
BRDA:166,8,1,0
BRDA:194,9,0,0
BRDA:194,9,1,0
BRDA:197,10,0,0
BRDA:197,10,1,0
BRDA:203,11,0,0
BRDA:203,11,1,0
BRDA:210,12,0,0
BRDA:210,12,1,0
BRDA:223,13,0,0
BRDA:223,13,1,0
BRDA:234,14,0,0
BRDA:234,14,1,0
BRDA:254,15,0,0
BRDA:254,15,1,0
BRDA:261,16,0,0
BRDA:261,16,1,0
BRDA:264,17,0,0
BRDA:264,17,1,0
BRDA:282,18,0,0
BRDA:282,18,1,0
BRDA:288,19,0,0
BRDA:288,19,1,0
BRDA:291,20,0,0
BRDA:291,20,1,0
BRDA:309,21,0,0
BRDA:309,21,1,0
BRF:41
BRH:0
end_of_record
TN:
SF:src/components/ContainerTab.tsx
FN:15,(anonymous_1)
FN:59,(anonymous_2)
FN:60,(anonymous_3)
FN:61,(anonymous_4)
FN:84,(anonymous_5)
FN:86,(anonymous_6)
FN:175,(anonymous_7)
FN:176,(anonymous_8)
FN:214,(anonymous_9)
FN:229,(anonymous_10)
FNF:10
FNH:0
FNDA:0,(anonymous_1)
FNDA:0,(anonymous_2)
FNDA:0,(anonymous_3)
FNDA:0,(anonymous_4)
FNDA:0,(anonymous_5)
FNDA:0,(anonymous_6)
FNDA:0,(anonymous_7)
FNDA:0,(anonymous_8)
FNDA:0,(anonymous_9)
FNDA:0,(anonymous_10)
DA:2,0
DA:3,0
DA:4,0
DA:5,0
DA:6,0
DA:7,0
DA:8,0
DA:9,0
DA:10,0
DA:15,0
DA:17,0
DA:18,0
DA:19,0
DA:20,0
DA:21,0
DA:22,0
DA:59,0
DA:60,0
DA:63,0
DA:64,0
DA:77,0
DA:84,0
DA:86,0
DA:175,0
DA:177,0
DA:178,0
DA:180,0
DA:214,0
DA:229,0
DA:241,0
LF:30
LH:0
BRDA:82,0,0,0
BRDA:82,0,1,0
BRDA:131,1,0,0
BRDA:131,1,1,0
BRDA:131,2,0,0
BRDA:131,2,1,0
BRDA:133,3,0,0
BRDA:133,3,1,0
BRDA:133,4,0,0
BRDA:133,4,1,0
BRDA:137,5,0,0
BRDA:137,5,1,0
BRDA:139,6,0,0
BRDA:139,6,1,0
BRF:14
BRH:0
end_of_record
TN:
SF:src/components/Header.tsx
FN:5,(anonymous_1)
FNF:1
FNH:0
FNDA:0,(anonymous_1)
DA:2,0
DA:3,0
DA:5,0
DA:6,0
DA:19,0
LF:5
LH:0
BRF:0
BRH:0
end_of_record
TN:
SF:src/components/Navigation.tsx
FN:11,(anonymous_1)
FN:21,(anonymous_2)
FN:29,(anonymous_3)
FNF:3
FNH:0
FNDA:0,(anonymous_1)
FNDA:0,(anonymous_2)
FNDA:0,(anonymous_3)
DA:2,0
DA:3,0
DA:4,0
DA:11,0
DA:12,0
DA:19,0
DA:22,0
DA:29,0
DA:55,0
LF:9
LH:0
BRDA:25,0,0,0
BRDA:25,0,1,0
BRDA:42,1,0,0
BRDA:42,1,1,0
BRF:4
BRH:0
end_of_record
TN:
SF:src/components/PalletsTab.tsx
FN:13,(anonymous_1)
FN:22,(anonymous_2)
FN:24,(anonymous_3)
FN:25,(anonymous_4)
FN:152,(anonymous_5)
FN:167,(anonymous_6)
FNF:6
FNH:0
FNDA:0,(anonymous_1)
FNDA:0,(anonymous_2)
FNDA:0,(anonymous_3)
FNDA:0,(anonymous_4)
FNDA:0,(anonymous_5)
FNDA:0,(anonymous_6)
DA:2,0
DA:3,0
DA:4,0
DA:5,0
DA:6,0
DA:7,0
DA:8,0
DA:13,0
DA:15,0
DA:16,0
DA:17,0
DA:18,0
DA:19,0
DA:22,0
DA:23,0
DA:24,0
DA:26,0
DA:27,0
DA:29,0
DA:55,0
DA:152,0
DA:167,0
DA:179,0
LF:23
LH:0
BRF:0
BRH:0
end_of_record
TN:
SF:src/components/ProductSearchDialog.tsx
FN:25,(anonymous_6)
FN:35,(anonymous_7)
FN:36,(anonymous_8)
FN:57,(anonymous_9)
FN:66,(anonymous_10)
FN:92,(anonymous_11)
FN:115,(anonymous_12)
FN:137,(anonymous_13)
FN:145,(anonymous_14)
FN:159,(anonymous_15)
FN:178,(anonymous_16)
FN:187,(anonymous_17)
FN:200,(anonymous_18)
FN:217,(anonymous_19)
FNF:14
FNH:0
FNDA:0,(anonymous_6)
FNDA:0,(anonymous_7)
FNDA:0,(anonymous_8)
FNDA:0,(anonymous_9)
FNDA:0,(anonymous_10)
FNDA:0,(anonymous_11)
FNDA:0,(anonymous_12)
FNDA:0,(anonymous_13)
FNDA:0,(anonymous_14)
FNDA:0,(anonymous_15)
FNDA:0,(anonymous_16)
FNDA:0,(anonymous_17)
FNDA:0,(anonymous_18)
FNDA:0,(anonymous_19)
DA:1,0
DA:2,0
DA:3,0
DA:11,0
DA:12,0
DA:13,0
DA:14,0
DA:15,0
DA:16,0
DA:25,0
DA:30,0
DA:31,0
DA:32,0
DA:33,0
DA:35,0
DA:36,0
DA:37,0
DA:38,0
DA:39,0
DA:42,0
DA:43,0
DA:44,0
DA:45,0
DA:47,0
DA:50,0
DA:54,0
DA:57,0
DA:58,0
DA:59,0
DA:60,0
DA:64,0
DA:66,0
DA:77,0
DA:92,0
DA:116,0
DA:138,0
DA:145,0
DA:160,0
DA:161,0
DA:179,0
DA:187,0
DA:201,0
DA:202,0
DA:217,0
DA:226,0
LF:45
LH:0
BRDA:37,0,0,0
BRDA:113,1,0,0
BRDA:113,1,1,0
BRDA:125,2,0,0
BRDA:125,2,1,0
BRDA:171,3,0,0
BRDA:171,3,1,0
BRF:7
BRH:0
end_of_record
TN:
SF:src/components/ProductsTab.tsx
FN:17,(anonymous_7)
FN:51,(anonymous_8)
FN:115,(anonymous_9)
FN:130,(anonymous_10)
FN:169,(anonymous_11)
FN:179,(anonymous_12)
FN:198,(anonymous_13)
FN:240,(anonymous_14)
FN:252,(anonymous_15)
FNF:9
FNH:0
FNDA:0,(anonymous_7)
FNDA:0,(anonymous_8)
FNDA:0,(anonymous_9)
FNDA:0,(anonymous_10)
FNDA:0,(anonymous_11)
FNDA:0,(anonymous_12)
FNDA:0,(anonymous_13)
FNDA:0,(anonymous_14)
FNDA:0,(anonymous_15)
DA:2,0
DA:3,0
DA:4,0
DA:5,0
DA:7,0
DA:8,0
DA:9,0
DA:10,0
DA:11,0
DA:12,0
DA:17,0
DA:19,0
DA:20,0
DA:21,0
DA:22,0
DA:23,0
DA:24,0
DA:25,0
DA:35,0
DA:40,0
DA:51,0
DA:116,0
DA:130,0
DA:169,0
DA:180,0
DA:198,0
DA:240,0
DA:254,0
DA:261,0
LF:29
LH:0
BRDA:105,0,0,0
BRDA:105,0,1,0
BRDA:122,1,0,0
BRDA:122,1,1,0
BRDA:135,2,0,0
BRDA:135,2,1,0
BRDA:137,3,0,0
BRDA:137,3,1,0
BRDA:137,4,0,0
BRDA:137,4,1,0
BRDA:140,5,0,0
BRDA:140,5,1,0
BRDA:160,6,0,0
BRDA:160,6,1,0
BRDA:187,7,0,0
BRDA:187,7,1,0
BRDA:213,8,0,0
BRDA:213,8,1,0
BRDA:213,9,0,0
BRDA:213,9,1,0
BRDA:220,10,0,0
BRDA:220,10,1,0
BRF:22
BRH:0
end_of_record
TN:
SF:src/components/QuotePdfPreview.tsx
FN:14,(anonymous_1)
FN:20,(anonymous_2)
FN:26,(anonymous_3)
FN:31,(anonymous_4)
FN:116,(anonymous_5)
FNF:5
FNH:0
FNDA:0,(anonymous_1)
FNDA:0,(anonymous_2)
FNDA:0,(anonymous_3)
FNDA:0,(anonymous_4)
FNDA:0,(anonymous_5)
DA:2,0
DA:3,0
DA:4,0
DA:14,0
DA:20,0
DA:21,0
DA:25,0
DA:26,0
DA:27,0
DA:30,0
DA:31,0
DA:35,0
DA:37,0
DA:43,0
DA:117,0
DA:119,0
DA:121,0
DA:183,0
LF:18
LH:0
BRDA:21,0,0,0
BRDA:21,0,1,0
BRDA:27,1,0,0
BRDA:27,1,1,0
BRDA:117,2,0,0
BRDA:125,3,0,0
BRDA:125,3,1,0
BRF:7
BRH:0
end_of_record
TN:
SF:src/components/QuoteTab.tsx
FN:28,(anonymous_7)
FN:50,(anonymous_8)
FN:55,(anonymous_9)
FN:60,(anonymous_10)
FN:63,(anonymous_11)
FN:81,(anonymous_12)
FN:85,(anonymous_13)
FN:89,(anonymous_14)
FN:93,(anonymous_15)
FN:145,(anonymous_16)
FN:147,(anonymous_17)
FN:200,(anonymous_18)
FN:310,(anonymous_19)
FN:324,(anonymous_20)
FN:331,(anonymous_21)
FN:395,(anonymous_22)
FNF:16
FNH:0
FNDA:0,(anonymous_7)
FNDA:0,(anonymous_8)
FNDA:0,(anonymous_9)
FNDA:0,(anonymous_10)
FNDA:0,(anonymous_11)
FNDA:0,(anonymous_12)
FNDA:0,(anonymous_13)
FNDA:0,(anonymous_14)
FNDA:0,(anonymous_15)
FNDA:0,(anonymous_16)
FNDA:0,(anonymous_17)
FNDA:0,(anonymous_18)
FNDA:0,(anonymous_19)
FNDA:0,(anonymous_20)
FNDA:0,(anonymous_21)
FNDA:0,(anonymous_22)
DA:1,0
DA:2,0
DA:3,0
DA:4,0
DA:5,0
DA:6,0
DA:7,0
DA:8,0
DA:9,0
DA:10,0
DA:11,0
DA:12,0
DA:13,0
DA:14,0
DA:15,0
DA:28,0
DA:35,0
DA:36,0
DA:37,0
DA:38,0
DA:39,0
DA:45,0
DA:48,0
DA:50,0
DA:51,0
DA:55,0
DA:56,0
DA:60,0
DA:62,0
DA:63,0
DA:67,0
DA:70,0
DA:81,0
DA:82,0
DA:85,0
DA:86,0
DA:89,0
DA:90,0
DA:93,0
DA:94,0
DA:95,0
DA:96,0
DA:99,0
DA:101,0
DA:102,0
DA:104,0
DA:115,0
DA:116,0
DA:120,0
DA:122,0
DA:129,0
DA:135,0
DA:136,0
DA:141,0
DA:145,0
DA:146,0
DA:147,0
DA:153,0
DA:201,0
DA:203,0
DA:205,0
DA:310,0
DA:324,0
DA:331,0
DA:395,0
DA:409,0
LF:66
LH:0
BRDA:51,0,0,0
BRDA:51,0,1,0
BRDA:56,1,0,0
BRDA:56,1,1,0
BRDA:94,2,0,0
BRDA:115,3,0,0
BRDA:115,3,1,0
BRDA:201,4,0,0
BRDA:215,5,0,0
BRDA:215,5,1,0
BRDA:319,6,0,0
BRDA:319,6,1,0
BRDA:328,7,0,0
BRDA:328,7,1,0
BRDA:398,8,0,0
BRDA:398,8,1,0
BRDA:400,9,0,0
BRDA:400,9,1,0
BRF:18
BRH:0
end_of_record
TN:
SF:src/components/SupabaseDemo.tsx
FN:12,(anonymous_0)
FN:60,(anonymous_1)
FN:61,(anonymous_2)
FN:82,(anonymous_3)
FN:101,(anonymous_4)
FN:121,(anonymous_5)
FN:145,(anonymous_6)
FN:152,(anonymous_7)
FN:156,(anonymous_8)
FN:167,(anonymous_9)
FN:223,(anonymous_10)
FN:245,(anonymous_11)
FNF:12
FNH:0
FNDA:0,(anonymous_0)
FNDA:0,(anonymous_1)
FNDA:0,(anonymous_2)
FNDA:0,(anonymous_3)
FNDA:0,(anonymous_4)
FNDA:0,(anonymous_5)
FNDA:0,(anonymous_6)
FNDA:0,(anonymous_7)
FNDA:0,(anonymous_8)
FNDA:0,(anonymous_9)
FNDA:0,(anonymous_10)
FNDA:0,(anonymous_11)
DA:1,0
DA:2,0
DA:3,0
DA:12,0
DA:13,0
DA:14,0
DA:15,0
DA:16,0
DA:17,0
DA:20,0
DA:60,0
DA:61,0
DA:62,0
DA:63,0
DA:65,0
DA:66,0
DA:67,0
DA:69,0
DA:70,0
DA:73,0
DA:74,0
DA:78,0
DA:82,0
DA:83,0
DA:85,0
DA:86,0
DA:87,0
DA:91,0
DA:92,0
DA:93,0
DA:96,0
DA:101,0
DA:102,0
DA:103,0
DA:105,0
DA:107,0
DA:112,0
DA:113,0
DA:114,0
DA:115,0
DA:118,0
DA:121,0
DA:122,0
DA:124,0
DA:129,0
DA:130,0
DA:131,0
DA:132,0
DA:135,0
DA:136,0
DA:138,0
DA:140,0
DA:145,0
DA:146,0
DA:147,0
DA:149,0
DA:151,0
DA:152,0
DA:153,0
DA:156,0
DA:162,0
DA:167,0
DA:172,0
DA:175,0
DA:224,0
DA:246,0
DA:279,0
LF:67
LH:0
BRDA:65,0,0,0
BRDA:65,0,1,0
BRDA:86,1,0,0
BRDA:86,2,0,0
BRDA:86,2,1,0
BRDA:92,3,0,0
BRDA:92,4,0,0
BRDA:92,4,1,0
BRDA:112,5,0,0
BRDA:129,6,0,0
BRDA:138,7,0,0
BRDA:138,7,1,0
BRDA:183,8,0,0
BRDA:183,8,1,0
BRDA:186,9,0,0
BRDA:186,9,1,0
BRDA:189,10,0,0
BRDA:189,10,1,0
BRDA:199,11,0,0
BRDA:199,11,1,0
BRDA:199,11,2,0
BRDA:209,12,0,0
BRDA:209,12,1,0
BRDA:211,13,0,0
BRDA:211,13,1,0
BRDA:219,14,0,0
BRDA:219,14,1,0
BRDA:241,15,0,0
BRDA:241,15,1,0
BRDA:250,16,0,0
BRDA:250,16,1,0
BRDA:251,17,0,0
BRDA:251,17,1,0
BRDA:252,18,0,0
BRDA:252,18,1,0
BRF:35
BRH:0
end_of_record
TN:
SF:src/components/WebQuotePreview.tsx
FN:29,(anonymous_6)
FN:49,(anonymous_7)
FN:54,(anonymous_8)
FN:74,(anonymous_9)
FN:76,(anonymous_10)
FN:85,(anonymous_11)
FN:89,(anonymous_12)
FN:95,(anonymous_13)
FN:103,(anonymous_14)
FN:120,(anonymous_15)
FN:149,(anonymous_16)
FN:170,(anonymous_17)
FN:178,(anonymous_18)
FN:192,(anonymous_19)
FN:204,(anonymous_20)
FN:206,(anonymous_21)
FN:249,(anonymous_22)
FN:337,(anonymous_23)
FN:425,(anonymous_24)
FN:435,(anonymous_25)
FN:458,(anonymous_26)
FN:467,(anonymous_27)
FNF:22
FNH:0
FNDA:0,(anonymous_6)
FNDA:0,(anonymous_7)
FNDA:0,(anonymous_8)
FNDA:0,(anonymous_9)
FNDA:0,(anonymous_10)
FNDA:0,(anonymous_11)
FNDA:0,(anonymous_12)
FNDA:0,(anonymous_13)
FNDA:0,(anonymous_14)
FNDA:0,(anonymous_15)
FNDA:0,(anonymous_16)
FNDA:0,(anonymous_17)
FNDA:0,(anonymous_18)
FNDA:0,(anonymous_19)
FNDA:0,(anonymous_20)
FNDA:0,(anonymous_21)
FNDA:0,(anonymous_22)
FNDA:0,(anonymous_23)
FNDA:0,(anonymous_24)
FNDA:0,(anonymous_25)
FNDA:0,(anonymous_26)
FNDA:0,(anonymous_27)
DA:1,0
DA:2,0
DA:4,0
DA:5,0
DA:6,0
DA:29,0
DA:42,0
DA:43,0
DA:44,0
DA:45,0
DA:46,0
DA:47,0
DA:49,0
DA:50,0
DA:53,0
DA:54,0
DA:58,0
DA:60,0
DA:66,0
DA:67,0
DA:69,0
DA:70,0
DA:74,0
DA:76,0
DA:77,0
DA:81,0
DA:82,0
DA:85,0
DA:86,0
DA:89,0
DA:90,0
DA:91,0
DA:95,0
DA:96,0
DA:100,0
DA:101,0
DA:102,0
DA:103,0
DA:105,0
DA:109,0
DA:110,0
DA:116,0
DA:120,0
DA:121,0
DA:122,0
DA:123,0
DA:128,0
DA:131,0
DA:132,0
DA:138,0
DA:141,0
DA:145,0
DA:149,0
DA:150,0
DA:156,0
DA:159,0
DA:160,0
DA:166,0
DA:170,0
DA:171,0
DA:172,0
DA:178,0
DA:179,0
DA:193,0
DA:204,0
DA:205,0
DA:207,0
DA:230,0
DA:249,0
DA:338,0
DA:426,0
DA:427,0
DA:436,0
DA:459,0
DA:468,0
DA:497,0
LF:76
LH:0
BRDA:36,0,0,0
BRDA:37,1,0,0
BRDA:38,2,0,0
BRDA:41,3,0,0
BRDA:50,4,0,0
BRDA:50,4,1,0
BRDA:66,5,0,0
BRDA:66,5,1,0
BRDA:67,6,0,0
BRDA:67,6,1,0
BRDA:100,7,0,0
BRDA:100,7,1,0
BRDA:121,8,0,0
BRDA:121,8,1,0
BRDA:217,9,0,0
BRDA:217,9,1,0
BRDA:240,10,0,0
BRDA:240,10,1,0
BRDA:241,11,0,0
BRDA:241,11,1,0
BRDA:250,12,0,0
BRDA:250,12,1,0
BRDA:251,13,0,0
BRDA:251,13,1,0
BRDA:252,14,0,0
BRDA:252,14,1,0
BRDA:266,15,0,0
BRDA:266,15,1,0
BRDA:270,16,0,0
BRDA:270,16,1,0
BRDA:277,17,0,0
BRDA:277,17,1,0
BRDA:278,18,0,0
BRDA:278,18,1,0
BRDA:279,19,0,0
BRDA:279,19,1,0
BRDA:287,20,0,0
BRDA:287,20,1,0
BRDA:290,21,0,0
BRDA:290,21,1,0
BRDA:297,22,0,0
BRDA:297,22,1,0
BRDA:311,23,0,0
BRDA:311,23,1,0
BRDA:340,24,0,0
BRDA:340,24,1,0
BRDA:372,25,0,0
BRDA:372,25,1,0
BRDA:383,26,0,0
BRDA:383,26,1,0
BRDA:399,27,0,0
BRDA:399,27,1,0
BRDA:404,28,0,0
BRDA:404,28,1,0
BRDA:421,29,0,0
BRDA:421,29,1,0
BRDA:421,29,2,0
BRDA:443,30,0,0
BRDA:443,30,1,0
BRDA:448,31,0,0
BRDA:448,31,1,0
BRDA:454,32,0,0
BRDA:454,32,1,0
BRDA:454,32,2,0
BRDA:475,33,0,0
BRDA:475,33,1,0
BRDA:480,34,0,0
BRDA:480,34,1,0
BRDA:487,35,0,0
BRDA:487,35,1,0
BRF:70
BRH:0
end_of_record
TN:
SF:src/components/auth/ProtectedRoute.tsx
FN:22,(anonymous_7)
FN:34,(anonymous_8)
FNF:2
FNH:0
FNDA:0,(anonymous_7)
FNDA:0,(anonymous_8)
DA:3,0
DA:4,0
DA:5,0
DA:6,0
DA:22,0
DA:27,0
DA:28,0
DA:29,0
DA:32,0
DA:34,0
DA:36,0
DA:39,0
DA:41,0
DA:42,0
DA:44,0
DA:48,0
DA:53,0
DA:54,0
DA:63,0
DA:66,0
DA:68,0
LF:21
LH:0
BRDA:24,0,0,0
BRDA:32,1,0,0
BRDA:32,1,1,0
BRDA:32,1,2,0
BRDA:36,2,0,0
BRDA:39,3,0,0
BRDA:53,4,0,0
BRDA:63,5,0,0
BRDA:63,5,1,0
BRF:9
BRH:0
end_of_record
TN:
SF:src/components/common/ContainerUtilizationBar.tsx
FN:16,(anonymous_1)
FNF:1
FNH:0
FNDA:0,(anonymous_1)
DA:1,0
DA:2,0
DA:3,0
DA:16,0
DA:22,0
DA:60,0
LF:6
LH:0
BRDA:18,0,0,0
BRDA:19,1,0,0
BRDA:20,2,0,0
BRDA:24,3,0,0
BRDA:24,3,1,0
BRF:5
BRH:0
end_of_record
TN:
SF:src/components/common/ErrorBoundary.tsx
FN:18,(anonymous_6)
FN:26,(anonymous_7)
FN:47,(anonymous_8)
FN:72,(anonymous_9)
FN:98,(anonymous_10)
FNF:5
FNH:0
FNDA:0,(anonymous_6)
FNDA:0,(anonymous_7)
FNDA:0,(anonymous_8)
FNDA:0,(anonymous_9)
FNDA:0,(anonymous_10)
DA:1,0
DA:2,0
DA:3,0
DA:19,0
DA:28,0
DA:30,0
DA:31,0
DA:32,0
DA:33,0
DA:34,0
DA:35,0
DA:36,0
DA:40,0
DA:49,0
DA:58,0
DA:61,0
DA:67,0
DA:68,0
DA:73,0
DA:74,0
DA:75,0
DA:78,0
DA:100,0
DA:107,0
DA:108,0
DA:120,0
DA:124,0
LF:27
LH:0
BRDA:30,0,0,0
BRDA:31,1,0,0
BRDA:31,1,1,0
BRDA:33,2,0,0
BRDA:33,2,1,0
BRDA:35,3,0,0
BRDA:53,4,0,0
BRDA:53,4,1,0
BRDA:54,5,0,0
BRDA:54,5,1,0
BRDA:62,6,0,0
BRDA:62,6,1,0
BRDA:67,7,0,0
BRDA:73,8,0,0
BRDA:74,9,0,0
BRDA:85,10,0,0
BRDA:85,10,1,0
BRDA:87,11,0,0
BRDA:87,11,1,0
BRDA:107,12,0,0
BRF:20
BRH:0
end_of_record
TN:
SF:src/components/common/LoadingSkeleton.tsx
FN:12,(anonymous_1)
FNF:1
FNH:0
FNDA:0,(anonymous_1)
DA:1,0
DA:2,0
DA:12,0
DA:19,0
DA:27,0
DA:29,0
DA:53,0
LF:7
LH:0
BRDA:13,0,0,0
BRDA:14,1,0,0
BRDA:15,2,0,0
BRDA:16,3,0,0
BRDA:17,4,0,0
BRDA:29,5,0,0
BRDA:29,5,1,0
BRF:7
BRH:0
end_of_record
TN:
SF:src/components/common/TabTransition.tsx
FN:11,(anonymous_1)
FNF:1
FNH:0
FNDA:0,(anonymous_1)
DA:2,0
DA:3,0
DA:11,0
DA:12,0
DA:28,0
LF:5
LH:0
BRDA:11,0,0,0
BRF:1
BRH:0
end_of_record
TN:
SF:src/components/products/AddProductButton.tsx
FN:6,AddProductButton
FN:11,(anonymous_1)
FNF:2
FNH:0
FNDA:0,AddProductButton
FNDA:0,(anonymous_1)
DA:3,0
DA:4,0
DA:6,0
DA:7,0
DA:9,0
DA:11,0
LF:6
LH:0
BRF:0
BRH:0
end_of_record
TN:
SF:src/components/products/ProductForm.refactored.tsx
FN:26,(anonymous_1)
FN:30,(anonymous_2)
FN:34,(anonymous_3)
FN:38,(anonymous_4)
FN:43,(anonymous_5)
FN:47,(anonymous_6)
FN:69,ProductForm
FN:117,(anonymous_8)
FN:118,(anonymous_9)
FN:122,(anonymous_10)
FN:138,(anonymous_11)
FN:148,(anonymous_12)
FN:213,(anonymous_13)
FNF:13
FNH:0
FNDA:0,(anonymous_1)
FNDA:0,(anonymous_2)
FNDA:0,(anonymous_3)
FNDA:0,(anonymous_4)
FNDA:0,(anonymous_5)
FNDA:0,(anonymous_6)
FNDA:0,ProductForm
FNDA:0,(anonymous_8)
FNDA:0,(anonymous_9)
FNDA:0,(anonymous_10)
FNDA:0,(anonymous_11)
FNDA:0,(anonymous_12)
FNDA:0,(anonymous_13)
DA:3,0
DA:4,0
DA:5,0
DA:6,0
DA:7,0
DA:8,0
DA:9,0
DA:10,0
DA:13,0
DA:15,0
DA:18,0
DA:21,0
DA:26,0
DA:30,0
DA:34,0
DA:38,0
DA:43,0
DA:47,0
DA:69,0
DA:70,0
DA:71,0
DA:78,0
DA:80,0
DA:102,0
DA:107,0
DA:109,0
DA:117,0
DA:118,0
DA:122,0
DA:123,0
DA:127,0
DA:132,0
DA:138,0
DA:139,0
DA:140,0
DA:148,0
DA:149,0
DA:150,0
DA:151,0
DA:153,0
DA:155,0
DA:156,0
DA:159,0
DA:161,0
DA:163,0
DA:176,0
DA:179,0
DA:182,0
DA:185,0
DA:186,0
DA:187,0
DA:190,0
DA:191,0
DA:192,0
DA:193,0
DA:195,0
DA:199,0
DA:202,0
DA:207,0
DA:209,0
DA:213,0
DA:214,0
DA:216,0
DA:219,0
DA:220,0
DA:221,0
DA:222,0
DA:223,0
DA:224,0
DA:225,0
DA:228,0
DA:229,0
DA:231,0
DA:233,0
DA:248,0
DA:257,0
DA:259,0
DA:261,0
DA:264,0
DA:267,0
DA:268,0
DA:272,0
DA:275,0
DA:281,0
DA:285,0
DA:288,0
DA:289,0
DA:292,0
DA:293,0
DA:296,0
DA:299,0
DA:302,0
DA:304,0
DA:313,0
DA:317,0
LF:95
LH:0
BRDA:26,0,0,0
BRDA:26,0,1,0
BRDA:30,1,0,0
BRDA:30,1,1,0
BRDA:34,2,0,0
BRDA:34,2,1,0
BRDA:38,3,0,0
BRDA:38,3,1,0
BRDA:43,4,0,0
BRDA:43,4,1,0
BRDA:47,5,0,0
BRDA:47,5,1,0
BRDA:47,5,2,0
BRDA:139,6,0,0
BRDA:139,7,0,0
BRDA:139,7,1,0
BRDA:155,8,0,0
BRDA:161,9,0,0
BRDA:161,9,1,0
BRDA:165,10,0,0
BRDA:165,10,1,0
BRDA:166,11,0,0
BRDA:166,11,1,0
BRDA:167,12,0,0
BRDA:167,12,1,0
BRDA:168,13,0,0
BRDA:168,13,1,0
BRDA:169,14,0,0
BRDA:169,14,1,0
BRDA:170,15,0,0
BRDA:170,15,1,0
BRDA:171,16,0,0
BRDA:171,16,1,0
BRDA:172,17,0,0
BRDA:172,17,1,0
BRDA:173,18,0,0
BRDA:173,18,1,0
BRDA:185,19,0,0
BRDA:185,19,1,0
BRDA:186,20,0,0
BRDA:186,20,1,0
BRDA:187,21,0,0
BRDA:187,21,1,0
BRDA:190,22,0,0
BRDA:190,22,1,0
BRDA:192,23,0,0
BRDA:192,23,1,0
BRDA:203,24,0,0
BRDA:203,24,1,0
BRDA:207,25,0,0
BRDA:207,25,1,0
BRDA:216,26,0,0
BRDA:220,27,0,0
BRDA:236,28,0,0
BRDA:236,28,1,0
BRDA:242,29,0,0
BRDA:242,29,1,0
BRDA:249,30,0,0
BRDA:249,30,1,0
BRDA:251,31,0,0
BRDA:251,31,1,0
BRDA:259,32,0,0
BRDA:259,32,1,0
BRDA:259,33,0,0
BRDA:259,33,1,0
BRDA:267,34,0,0
BRDA:272,35,0,0
BRDA:272,35,1,0
BRDA:276,36,0,0
BRDA:276,36,1,0
BRDA:281,37,0,0
BRDA:281,37,1,0
BRDA:288,38,0,0
BRDA:288,38,1,0
BRDA:288,39,0,0
BRDA:288,39,1,0
BRDA:289,40,0,0
BRDA:289,40,1,0
BRDA:302,41,0,0
BRDA:306,42,0,0
BRDA:306,42,1,0
BRDA:327,43,0,0
BRDA:327,43,1,0
BRDA:339,44,0,0
BRDA:339,44,1,0
BRDA:353,45,0,0
BRDA:353,45,1,0
BRDA:353,45,2,0
BRDA:353,45,3,0
BRDA:353,45,4,0
BRDA:364,46,0,0
BRDA:364,46,1,0
BRDA:364,46,2,0
BRDA:364,46,3,0
BRDA:382,47,0,0
BRDA:382,47,1,0
BRDA:387,48,0,0
BRDA:387,48,1,0
BRDA:389,49,0,0
BRDA:389,49,1,0
BRDA:406,50,0,0
BRDA:406,50,1,0
BRDA:411,51,0,0
BRDA:411,51,1,0
BRDA:413,52,0,0
BRDA:413,52,1,0
BRDA:434,53,0,0
BRDA:434,53,1,0
BRDA:438,54,0,0
BRDA:438,54,1,0
BRDA:441,55,0,0
BRDA:441,55,1,0
BRDA:477,56,0,0
BRDA:477,56,1,0
BRDA:482,57,0,0
BRDA:482,57,1,0
BRDA:484,58,0,0
BRDA:484,58,1,0
BRDA:501,59,0,0
BRDA:501,59,1,0
BRDA:506,60,0,0
BRDA:506,60,1,0
BRDA:508,61,0,0
BRDA:508,61,1,0
BRDA:525,62,0,0
BRDA:525,62,1,0
BRDA:530,63,0,0
BRDA:530,63,1,0
BRDA:532,64,0,0
BRDA:532,64,1,0
BRDA:571,65,0,0
BRDA:571,65,1,0
BRDA:575,66,0,0
BRDA:575,66,1,0
BRDA:581,67,0,0
BRDA:581,67,1,0
BRDA:598,68,0,0
BRDA:598,68,1,0
BRDA:602,69,0,0
BRDA:602,69,1,0
BRDA:604,70,0,0
BRDA:604,70,1,0
BRDA:624,71,0,0
BRDA:624,71,1,0
BRDA:627,72,0,0
BRDA:627,72,1,0
BRDA:632,73,0,0
BRDA:632,73,1,0
BRF:148
BRH:0
end_of_record
TN:
SF:src/components/products/ProductForm.tsx
FN:21,(anonymous_1)
FN:25,(anonymous_2)
FN:29,(anonymous_3)
FN:33,(anonymous_4)
FN:38,(anonymous_5)
FN:42,(anonymous_6)
FN:51,ProductForm
FN:75,(anonymous_8)
FN:81,(anonymous_9)
FN:120,(anonymous_10)
FN:122,(anonymous_11)
FN:126,(anonymous_12)
FN:130,(anonymous_13)
FN:138,(anonymous_14)
FN:150,(anonymous_15)
FNF:15
FNH:0
FNDA:0,(anonymous_1)
FNDA:0,(anonymous_2)
FNDA:0,(anonymous_3)
FNDA:0,(anonymous_4)
FNDA:0,(anonymous_5)
FNDA:0,(anonymous_6)
FNDA:0,ProductForm
FNDA:0,(anonymous_8)
FNDA:0,(anonymous_9)
FNDA:0,(anonymous_10)
FNDA:0,(anonymous_11)
FNDA:0,(anonymous_12)
FNDA:0,(anonymous_13)
FNDA:0,(anonymous_14)
FNDA:0,(anonymous_15)
DA:3,0
DA:4,0
DA:5,0
DA:7,0
DA:8,0
DA:9,0
DA:10,0
DA:11,0
DA:12,0
DA:13,0
DA:16,0
DA:21,0
DA:25,0
DA:29,0
DA:33,0
DA:38,0
DA:42,0
DA:51,0
DA:52,0
DA:53,0
DA:54,0
DA:56,0
DA:69,0
DA:70,0
DA:71,0
DA:72,0
DA:75,0
DA:76,0
DA:77,0
DA:81,0
DA:82,0
DA:83,0
DA:85,0
DA:91,0
DA:92,0
DA:95,0
DA:96,0
DA:110,0
DA:111,0
DA:114,0
DA:116,0
DA:120,0
DA:121,0
DA:122,0
DA:125,0
DA:126,0
DA:130,0
DA:131,0
DA:132,0
DA:133,0
DA:134,0
DA:136,0
DA:137,0
DA:138,0
DA:139,0
DA:140,0
DA:142,0
DA:144,0
DA:150,0
DA:151,0
DA:153,0
DA:156,0
DA:157,0
DA:158,0
DA:159,0
DA:160,0
DA:163,0
DA:164,0
DA:166,0
DA:168,0
DA:186,0
DA:188,0
DA:194,0
DA:199,0
DA:201,0
DA:203,0
DA:204,0
DA:208,0
DA:209,0
DA:210,0
DA:213,0
DA:217,0
DA:220,0
DA:221,0
DA:224,0
DA:227,0
DA:229,0
DA:233,0
LF:88
LH:0
BRDA:21,0,0,0
BRDA:21,0,1,0
BRDA:25,1,0,0
BRDA:25,1,1,0
BRDA:29,2,0,0
BRDA:29,2,1,0
BRDA:33,3,0,0
BRDA:33,3,1,0
BRDA:38,4,0,0
BRDA:38,4,1,0
BRDA:42,5,0,0
BRDA:42,5,1,0
BRDA:42,5,2,0
BRDA:76,6,0,0
BRDA:76,7,0,0
BRDA:76,7,1,0
BRDA:91,8,0,0
BRDA:95,9,0,0
BRDA:99,10,0,0
BRDA:99,10,1,0
BRDA:100,11,0,0
BRDA:100,11,1,0
BRDA:101,12,0,0
BRDA:101,12,1,0
BRDA:102,13,0,0
BRDA:102,13,1,0
BRDA:103,14,0,0
BRDA:103,14,1,0
BRDA:104,15,0,0
BRDA:104,15,1,0
BRDA:105,16,0,0
BRDA:105,16,1,0
BRDA:106,17,0,0
BRDA:106,17,1,0
BRDA:112,18,0,0
BRDA:112,18,1,0
BRDA:125,19,0,0
BRDA:136,20,0,0
BRDA:153,21,0,0
BRDA:156,22,0,0
BRDA:171,23,0,0
BRDA:171,23,1,0
BRDA:172,24,0,0
BRDA:172,24,1,0
BRDA:179,25,0,0
BRDA:179,25,1,0
BRDA:180,26,0,0
BRDA:180,26,1,0
BRDA:186,27,0,0
BRDA:186,27,1,0
BRDA:201,28,0,0
BRDA:203,29,0,0
BRDA:203,29,1,0
BRDA:208,30,0,0
BRDA:208,30,1,0
BRDA:213,31,0,0
BRDA:213,31,1,0
BRDA:220,32,0,0
BRDA:220,32,1,0
BRDA:220,33,0,0
BRDA:220,33,1,0
BRDA:238,34,0,0
BRDA:238,34,1,0
BRDA:249,35,0,0
BRDA:249,35,1,0
BRDA:256,36,0,0
BRDA:256,36,1,0
BRDA:275,37,0,0
BRDA:275,37,1,0
BRDA:279,38,0,0
BRDA:279,38,1,0
BRDA:296,39,0,0
BRDA:296,39,1,0
BRDA:300,40,0,0
BRDA:300,40,1,0
BRDA:321,41,0,0
BRDA:321,41,1,0
BRDA:326,42,0,0
BRDA:326,42,1,0
BRDA:362,43,0,0
BRDA:362,43,1,0
BRDA:366,44,0,0
BRDA:366,44,1,0
BRDA:383,45,0,0
BRDA:383,45,1,0
BRDA:387,46,0,0
BRDA:387,46,1,0
BRDA:404,47,0,0
BRDA:404,47,1,0
BRDA:408,48,0,0
BRDA:408,48,1,0
BRDA:446,49,0,0
BRDA:446,49,1,0
BRDA:454,50,0,0
BRDA:454,50,1,0
BRDA:471,51,0,0
BRDA:471,51,1,0
BRDA:475,52,0,0
BRDA:475,52,1,0
BRDA:493,53,0,0
BRDA:493,53,1,0
BRDA:496,54,0,0
BRDA:496,54,1,0
BRDA:501,55,0,0
BRDA:501,55,1,0
BRF:105
BRH:0
end_of_record
TN:
SF:src/components/products/ProductList.refactored.tsx
FN:25,ProductList
FN:61,(anonymous_2)
FN:76,(anonymous_3)
FN:85,(anonymous_4)
FN:111,(anonymous_5)
FN:116,(anonymous_6)
FN:156,(anonymous_7)
FN:181,(anonymous_8)
FN:222,(anonymous_9)
FN:235,(anonymous_10)
FN:254,(anonymous_11)
FN:270,(anonymous_12)
FN:311,(anonymous_13)
FNF:13
FNH:0
FNDA:0,ProductList
FNDA:0,(anonymous_2)
FNDA:0,(anonymous_3)
FNDA:0,(anonymous_4)
FNDA:0,(anonymous_5)
FNDA:0,(anonymous_6)
FNDA:0,(anonymous_7)
FNDA:0,(anonymous_8)
FNDA:0,(anonymous_9)
FNDA:0,(anonymous_10)
FNDA:0,(anonymous_11)
FNDA:0,(anonymous_12)
FNDA:0,(anonymous_13)
DA:3,0
DA:4,0
DA:5,0
DA:6,0
DA:15,0
DA:16,0
DA:17,0
DA:20,0
DA:23,0
DA:25,0
DA:26,0
DA:33,0
DA:35,0
DA:36,0
DA:37,0
DA:38,0
DA:41,0
DA:42,0
DA:45,0
DA:55,0
DA:61,0
DA:62,0
DA:63,0
DA:65,0
DA:66,0
DA:68,0
DA:69,0
DA:70,0
DA:72,0
DA:76,0
DA:77,0
DA:78,0
DA:80,0
DA:81,0
DA:85,0
DA:86,0
DA:88,0
DA:89,0
DA:90,0
DA:92,0
DA:93,0
DA:96,0
DA:97,0
DA:99,0
DA:100,0
DA:103,0
DA:105,0
DA:110,0
DA:112,0
DA:118,0
DA:119,0
DA:122,0
DA:124,0
DA:125,0
DA:126,0
DA:128,0
DA:129,0
DA:130,0
DA:132,0
DA:133,0
DA:134,0
DA:136,0
DA:137,0
DA:138,0
DA:141,0
DA:142,0
DA:147,0
DA:148,0
DA:150,0
DA:156,0
DA:157,0
DA:158,0
DA:159,0
DA:162,0
DA:181,0
DA:222,0
DA:235,0
DA:254,0
DA:271,0
DA:311,0
LF:80
LH:0
BRDA:65,0,0,0
BRDA:65,0,1,0
BRDA:69,1,0,0
BRDA:77,2,0,0
BRDA:77,2,1,0
BRDA:78,3,0,0
BRDA:78,3,1,0
BRDA:86,4,0,0
BRDA:92,5,0,0
BRDA:101,6,0,0
BRDA:101,6,1,0
BRDA:103,7,0,0
BRDA:103,7,1,0
BRDA:112,8,0,0
BRDA:112,8,1,0
BRDA:112,8,2,0
BRDA:112,8,3,0
BRDA:112,8,4,0
BRDA:122,9,0,0
BRDA:122,9,1,0
BRDA:122,9,2,0
BRDA:122,9,3,0
BRDA:128,10,0,0
BRDA:128,10,1,0
BRDA:129,11,0,0
BRDA:129,11,1,0
BRDA:136,12,0,0
BRDA:136,12,1,0
BRDA:137,13,0,0
BRDA:137,13,1,0
BRDA:141,14,0,0
BRDA:141,15,0,0
BRDA:141,15,1,0
BRDA:142,16,0,0
BRDA:142,16,1,0
BRDA:147,17,0,0
BRDA:147,18,0,0
BRDA:147,18,1,0
BRDA:147,19,0,0
BRDA:147,19,1,0
BRDA:148,20,0,0
BRDA:148,21,0,0
BRDA:148,21,1,0
BRDA:148,22,0,0
BRDA:148,22,1,0
BRDA:150,23,0,0
BRDA:150,23,1,0
BRDA:151,24,0,0
BRDA:151,24,1,0
BRDA:152,25,0,0
BRDA:152,25,1,0
BRDA:157,26,0,0
BRDA:158,27,0,0
BRDA:187,28,0,0
BRDA:187,28,1,0
BRDA:192,29,0,0
BRDA:192,29,1,0
BRDA:197,30,0,0
BRDA:197,30,1,0
BRDA:201,31,0,0
BRDA:201,31,1,0
BRDA:223,32,0,0
BRDA:223,32,1,0
BRDA:223,33,0,0
BRDA:223,33,1,0
BRDA:227,34,0,0
BRDA:227,34,1,0
BRDA:236,35,0,0
BRDA:236,35,1,0
BRDA:236,36,0,0
BRDA:236,36,1,0
BRDA:240,37,0,0
BRDA:240,37,1,0
BRDA:255,38,0,0
BRDA:255,38,1,0
BRDA:255,39,0,0
BRDA:255,39,1,0
BRDA:259,40,0,0
BRDA:259,40,1,0
BRDA:283,41,0,0
BRDA:283,41,1,0
BRDA:290,42,0,0
BRDA:290,42,1,0
BRDA:296,43,0,0
BRDA:296,43,1,0
BRDA:299,44,0,0
BRDA:299,44,1,0
BRDA:311,45,0,0
BRDA:311,45,1,0
BRDA:317,46,0,0
BRDA:317,46,1,0
BRF:91
BRH:0
end_of_record
TN:
SF:src/components/products/ProductList.tsx
FN:21,ProductList
FN:32,(anonymous_2)
FN:37,(anonymous_3)
FN:52,(anonymous_4)
FN:68,(anonymous_5)
FN:98,(anonymous_6)
FN:107,(anonymous_7)
FN:121,(anonymous_8)
FN:133,(anonymous_9)
FN:140,(anonymous_10)
FN:159,(anonymous_11)
FN:193,(anonymous_12)
FN:205,(anonymous_13)
FN:220,(anonymous_14)
FN:232,(anonymous_15)
FN:247,(anonymous_16)
FN:283,(anonymous_17)
FNF:17
FNH:0
FNDA:0,ProductList
FNDA:0,(anonymous_2)
FNDA:0,(anonymous_3)
FNDA:0,(anonymous_4)
FNDA:0,(anonymous_5)
FNDA:0,(anonymous_6)
FNDA:0,(anonymous_7)
FNDA:0,(anonymous_8)
FNDA:0,(anonymous_9)
FNDA:0,(anonymous_10)
FNDA:0,(anonymous_11)
FNDA:0,(anonymous_12)
FNDA:0,(anonymous_13)
FNDA:0,(anonymous_14)
FNDA:0,(anonymous_15)
FNDA:0,(anonymous_16)
FNDA:0,(anonymous_17)
DA:3,0
DA:4,0
DA:5,0
DA:7,0
DA:8,0
DA:17,0
DA:18,0
DA:19,0
DA:21,0
DA:22,0
DA:23,0
DA:24,0
DA:25,0
DA:26,0
DA:27,0
DA:28,0
DA:29,0
DA:30,0
DA:32,0
DA:33,0
DA:37,0
DA:38,0
DA:39,0
DA:41,0
DA:42,0
DA:44,0
DA:45,0
DA:46,0
DA:48,0
DA:52,0
DA:53,0
DA:54,0
DA:55,0
DA:57,0
DA:61,0
DA:63,0
DA:64,0
DA:68,0
DA:69,0
DA:70,0
DA:72,0
DA:73,0
DA:78,0
DA:79,0
DA:81,0
DA:86,0
DA:88,0
DA:89,0
DA:90,0
DA:94,0
DA:98,0
DA:99,0
DA:100,0
DA:102,0
DA:103,0
DA:107,0
DA:108,0
DA:110,0
DA:111,0
DA:112,0
DA:117,0
DA:118,0
DA:121,0
DA:122,0
DA:124,0
DA:125,0
DA:129,0
DA:133,0
DA:134,0
DA:140,0
DA:141,0
DA:142,0
DA:143,0
DA:146,0
DA:159,0
DA:193,0
DA:205,0
DA:220,0
DA:232,0
DA:248,0
DA:283,0
LF:81
LH:0
BRDA:41,0,0,0
BRDA:41,0,1,0
BRDA:45,1,0,0
BRDA:63,2,0,0
BRDA:68,3,0,0
BRDA:68,3,1,0
BRDA:72,4,0,0
BRDA:72,5,0,0
BRDA:72,5,1,0
BRDA:73,6,0,0
BRDA:73,6,1,0
BRDA:78,7,0,0
BRDA:78,8,0,0
BRDA:78,8,1,0
BRDA:78,9,0,0
BRDA:78,9,1,0
BRDA:79,10,0,0
BRDA:79,11,0,0
BRDA:79,11,1,0
BRDA:79,12,0,0
BRDA:79,12,1,0
BRDA:81,13,0,0
BRDA:81,13,1,0
BRDA:82,14,0,0
BRDA:82,14,1,0
BRDA:83,15,0,0
BRDA:83,15,1,0
BRDA:89,16,0,0
BRDA:89,16,1,0
BRDA:91,17,0,0
BRDA:91,17,1,0
BRDA:99,18,0,0
BRDA:99,18,1,0
BRDA:100,19,0,0
BRDA:100,19,1,0
BRDA:108,20,0,0
BRDA:117,21,0,0
BRDA:126,22,0,0
BRDA:126,22,1,0
BRDA:134,23,0,0
BRDA:134,23,1,0
BRDA:134,23,2,0
BRDA:134,23,3,0
BRDA:141,24,0,0
BRDA:164,25,0,0
BRDA:164,25,1,0
BRDA:169,26,0,0
BRDA:169,26,1,0
BRDA:174,27,0,0
BRDA:174,27,1,0
BRDA:197,28,0,0
BRDA:197,28,1,0
BRDA:209,29,0,0
BRDA:209,29,1,0
BRDA:224,30,0,0
BRDA:224,30,1,0
BRDA:236,31,0,0
BRDA:236,31,1,0
BRDA:256,32,0,0
BRDA:256,32,1,0
BRDA:269,33,0,0
BRDA:269,33,1,0
BRDA:272,34,0,0
BRDA:272,34,1,0
BRDA:283,35,0,0
BRDA:283,35,1,0
BRDA:287,36,0,0
BRDA:287,36,1,0
BRF:68
BRH:0
end_of_record
TN:
SF:src/components/ui/LoadingSpinner.tsx
FN:17,LoadingSpinner
FNF:1
FNH:0
FNDA:0,LoadingSpinner
DA:3,0
DA:17,0
DA:24,0
DA:31,0
DA:33,0
LF:5
LH:0
BRDA:18,0,0,0
BRDA:19,1,0,0
BRDA:20,2,0,0
BRDA:40,3,0,0
BRDA:40,3,1,0
BRF:5
BRH:0
end_of_record
TN:
SF:src/components/ui/accordion.tsx
FN:12,(anonymous_6)
FN:24,(anonymous_7)
FN:44,(anonymous_8)
FNF:3
FNH:0
FNDA:0,(anonymous_6)
FNDA:0,(anonymous_7)
FNDA:0,(anonymous_8)
DA:1,0
DA:2,0
DA:3,0
DA:5,0
DA:7,0
DA:9,0
DA:13,0
DA:19,0
DA:21,0
DA:25,0
DA:39,0
DA:41,0
DA:45,0
DA:54,0
DA:56,0
LF:15
LH:0
BRF:0
BRH:0
end_of_record
TN:
SF:src/components/ui/alert-dialog.tsx
FN:16,(anonymous_6)
FN:31,(anonymous_7)
FN:46,(anonymous_8)
FN:60,(anonymous_9)
FN:77,(anonymous_10)
FN:89,(anonymous_11)
FN:102,(anonymous_12)
FN:114,(anonymous_13)
FNF:8
FNH:0
FNDA:0,(anonymous_6)
FNDA:0,(anonymous_7)
FNDA:0,(anonymous_8)
FNDA:0,(anonymous_9)
FNDA:0,(anonymous_10)
FNDA:0,(anonymous_11)
FNDA:0,(anonymous_12)
FNDA:0,(anonymous_13)
DA:1,0
DA:2,0
DA:4,0
DA:5,0
DA:7,0
DA:9,0
DA:11,0
DA:13,0
DA:17,0
DA:26,0
DA:28,0
DA:32,0
DA:44,0
DA:46,0
DA:50,0
DA:58,0
DA:60,0
DA:64,0
DA:72,0
DA:74,0
DA:78,0
DA:84,0
DA:86,0
DA:90,0
DA:96,0
DA:99,0
DA:103,0
DA:109,0
DA:111,0
DA:115,0
DA:125,0
DA:128,0
DA:129,0
DA:130,0
DA:131,0
DA:132,0
DA:133,0
DA:134,0
DA:135,0
DA:136,0
DA:137,0
DA:138,0
LF:42
LH:0
BRF:0
BRH:0
end_of_record
TN:
SF:src/components/ui/alert.tsx
FN:25,(anonymous_6)
FN:38,(anonymous_7)
FN:50,(anonymous_8)
FNF:3
FNH:0
FNDA:0,(anonymous_6)
FNDA:0,(anonymous_7)
FNDA:0,(anonymous_8)
DA:1,0
DA:2,0
DA:4,0
DA:6,0
DA:22,0
DA:26,0
DA:33,0
DA:35,0
DA:39,0
DA:45,0
DA:47,0
DA:51,0
DA:57,0
DA:59,0
LF:14
LH:0
BRF:0
BRH:0
end_of_record
TN:
SF:src/components/ui/aspect-ratio.tsx
FNF:0
FNH:0
DA:1,0
DA:3,0
DA:5,0
LF:3
LH:0
BRF:0
BRH:0
end_of_record
TN:
SF:src/components/ui/avatar.tsx
FN:9,(anonymous_6)
FN:24,(anonymous_7)
FN:36,(anonymous_8)
FNF:3
FNH:0
FNDA:0,(anonymous_6)
FNDA:0,(anonymous_7)
FNDA:0,(anonymous_8)
DA:1,0
DA:2,0
DA:4,0
DA:6,0
DA:10,0
DA:19,0
DA:21,0
DA:25,0
DA:31,0
DA:33,0
DA:37,0
DA:46,0
DA:48,0
LF:13
LH:0
BRF:0
BRH:0
end_of_record
TN:
SF:src/components/ui/badge.tsx
FN:30,Badge
FNF:1
FNH:0
FNDA:0,Badge
DA:1,0
DA:2,0
DA:4,0
DA:6,0
DA:31,0
DA:36,0
LF:6
LH:0
BRF:0
BRH:0
end_of_record
TN:
SF:src/components/ui/breadcrumb.tsx
FN:12,(anonymous_6)
FN:18,(anonymous_7)
FN:33,(anonymous_8)
FN:47,(anonymous_9)
FN:63,(anonymous_10)
FN:75,(anonymous_11)
FN:91,(anonymous_12)
FNF:7
FNH:0
FNDA:0,(anonymous_6)
FNDA:0,(anonymous_7)
FNDA:0,(anonymous_8)
FNDA:0,(anonymous_9)
FNDA:0,(anonymous_10)
FNDA:0,(anonymous_11)
FNDA:0,(anonymous_12)
DA:1,0
DA:2,0
DA:3,0
DA:5,0
DA:7,0
DA:12,0
DA:13,0
DA:15,0
DA:19,0
DA:28,0
DA:30,0
DA:34,0
DA:40,0
DA:42,0
DA:48,0
DA:50,0
DA:58,0
DA:60,0
DA:64,0
DA:73,0
DA:75,0
DA:80,0
DA:89,0
DA:91,0
DA:95,0
DA:105,0
DA:108,0
DA:109,0
DA:110,0
DA:111,0
DA:112,0
DA:113,0
DA:114,0
LF:33
LH:0
BRDA:48,0,0,0
BRDA:48,0,1,0
BRDA:86,1,0,0
BRDA:86,1,1,0
BRF:4
BRH:0
end_of_record
TN:
SF:src/components/ui/button.tsx
FN:43,(anonymous_6)
FNF:1
FNH:0
FNDA:0,(anonymous_6)
DA:1,0
DA:2,0
DA:3,0
DA:5,0
DA:7,0
DA:42,0
DA:44,0
DA:45,0
DA:54,0
DA:56,0
LF:10
LH:0
BRDA:43,0,0,0
BRDA:44,1,0,0
BRDA:44,1,1,0
BRF:3
BRH:0
end_of_record
TN:
SF:src/components/ui/calendar.tsx
FN:10,Calendar
FN:55,(anonymous_7)
FN:56,(anonymous_8)
FNF:3
FNH:0
FNDA:0,Calendar
FNDA:0,(anonymous_7)
FNDA:0,(anonymous_8)
DA:1,0
DA:2,0
DA:3,0
DA:5,0
DA:6,0
DA:16,0
DA:55,0
DA:56,0
DA:62,0
DA:64,0
LF:10
LH:0
BRDA:13,0,0,0
BRF:1
BRH:0
end_of_record
TN:
SF:src/components/ui/card.tsx
FN:8,(anonymous_6)
FN:23,(anonymous_7)
FN:35,(anonymous_8)
FN:50,(anonymous_9)
FN:62,(anonymous_10)
FN:70,(anonymous_11)
FNF:6
FNH:0
FNDA:0,(anonymous_6)
FNDA:0,(anonymous_7)
FNDA:0,(anonymous_8)
FNDA:0,(anonymous_9)
FNDA:0,(anonymous_10)
FNDA:0,(anonymous_11)
DA:1,0
DA:3,0
DA:5,0
DA:9,0
DA:18,0
DA:20,0
DA:24,0
DA:30,0
DA:32,0
DA:36,0
DA:45,0
DA:47,0
DA:51,0
DA:57,0
DA:59,0
DA:63,0
DA:65,0
DA:67,0
DA:71,0
DA:77,0
DA:79,0
LF:21
LH:0
BRF:0
BRH:0
end_of_record
TN:
SF:src/components/ui/carousel.tsx
FN:33,useCarousel
FN:47,(anonymous_8)
FN:69,(anonymous_9)
FN:78,(anonymous_10)
FN:82,(anonymous_11)
FN:87,(anonymous_12)
FN:99,(anonymous_13)
FN:107,(anonymous_14)
FN:116,(anonymous_15)
FN:154,(anonymous_16)
FN:176,(anonymous_17)
FN:198,(anonymous_18)
FN:227,(anonymous_19)
FNF:13
FNH:0
FNDA:0,useCarousel
FNDA:0,(anonymous_8)
FNDA:0,(anonymous_9)
FNDA:0,(anonymous_10)
FNDA:0,(anonymous_11)
FNDA:0,(anonymous_12)
FNDA:0,(anonymous_13)
FNDA:0,(anonymous_14)
FNDA:0,(anonymous_15)
FNDA:0,(anonymous_16)
FNDA:0,(anonymous_17)
FNDA:0,(anonymous_18)
FNDA:0,(anonymous_19)
DA:1,0
DA:2,0
DA:5,0
DA:7,0
DA:8,0
DA:31,0
DA:34,0
DA:36,0
DA:37,0
DA:40,0
DA:43,0
DA:59,0
DA:66,0
DA:67,0
DA:69,0
DA:70,0
DA:71,0
DA:74,0
DA:75,0
DA:78,0
DA:79,0
DA:82,0
DA:83,0
DA:86,0
DA:88,0
DA:89,0
DA:90,0
DA:91,0
DA:92,0
DA:93,0
DA:99,0
DA:100,0
DA:101,0
DA:104,0
DA:107,0
DA:108,0
DA:109,0
DA:112,0
DA:113,0
DA:114,0
DA:116,0
DA:117,0
DA:121,0
DA:149,0
DA:151,0
DA:155,0
DA:157,0
DA:171,0
DA:173,0
DA:177,0
DA:179,0
DA:193,0
DA:195,0
DA:199,0
DA:201,0
DA:222,0
DA:224,0
DA:228,0
DA:230,0
DA:251,0
DA:255,0
DA:256,0
DA:257,0
DA:258,0
DA:259,0
LF:65
LH:0
BRDA:36,0,0,0
BRDA:49,1,0,0
BRDA:62,2,0,0
BRDA:62,2,1,0
BRDA:70,3,0,0
BRDA:88,4,0,0
BRDA:88,4,1,0
BRDA:91,5,0,0
BRDA:100,6,0,0
BRDA:100,7,0,0
BRDA:100,7,1,0
BRDA:108,8,0,0
BRDA:128,9,0,0
BRDA:128,9,1,0
BRDA:128,10,0,0
BRDA:128,10,1,0
BRDA:163,11,0,0
BRDA:163,11,1,0
BRDA:186,12,0,0
BRDA:186,12,1,0
BRDA:198,13,0,0
BRDA:198,14,0,0
BRDA:208,15,0,0
BRDA:208,15,1,0
BRDA:227,16,0,0
BRDA:227,17,0,0
BRDA:237,18,0,0
BRDA:237,18,1,0
BRF:28
BRH:0
end_of_record
TN:
SF:src/components/ui/chart.tsx
FN:25,useChart
FN:43,(anonymous_7)
FN:68,(anonymous_8)
FN:70,(anonymous_9)
FN:82,(anonymous_10)
FN:85,(anonymous_11)
FN:114,(anonymous_12)
FN:134,(anonymous_13)
FN:186,(anonymous_14)
FN:267,(anonymous_15)
FN:286,(anonymous_16)
FN:318,getPayloadConfigFromPayload
FNF:12
FNH:0
FNDA:0,useChart
FNDA:0,(anonymous_7)
FNDA:0,(anonymous_8)
FNDA:0,(anonymous_9)
FNDA:0,(anonymous_10)
FNDA:0,(anonymous_11)
FNDA:0,(anonymous_12)
FNDA:0,(anonymous_13)
FNDA:0,(anonymous_14)
FNDA:0,(anonymous_15)
FNDA:0,(anonymous_16)
FNDA:0,getPayloadConfigFromPayload
DA:1,0
DA:2,0
DA:4,0
DA:7,0
DA:23,0
DA:26,0
DA:28,0
DA:29,0
DA:32,0
DA:35,0
DA:44,0
DA:45,0
DA:47,0
DA:66,0
DA:68,0
DA:69,0
DA:70,0
DA:73,0
DA:74,0
DA:77,0
DA:82,0
DA:87,0
DA:89,0
DA:101,0
DA:103,0
DA:132,0
DA:134,0
DA:135,0
DA:136,0
DA:139,0
DA:140,0
DA:141,0
DA:143,0
DA:147,0
DA:148,0
DA:155,0
DA:156,0
DA:159,0
DA:170,0
DA:171,0
DA:174,0
DA:176,0
DA:187,0
DA:188,0
DA:189,0
DA:191,0
DA:255,0
DA:257,0
DA:259,0
DA:271,0
DA:273,0
DA:274,0
DA:277,0
DA:287,0
DA:288,0
DA:290,0
DA:315,0
DA:323,0
DA:324,0
DA:328,0
DA:334,0
DA:336,0
DA:340,0
DA:341,0
DA:346,0
DA:351,0
DA:357,0
DA:358,0
DA:359,0
DA:360,0
DA:361,0
DA:362,0
LF:72
LH:0
BRDA:28,0,0,0
BRDA:45,1,0,0
BRDA:45,1,1,0
BRDA:70,2,0,0
BRDA:70,2,1,0
BRDA:73,3,0,0
BRDA:87,4,0,0
BRDA:87,4,1,0
BRDA:89,5,0,0
BRDA:89,5,1,0
BRDA:119,6,0,0
BRDA:120,7,0,0
BRDA:121,8,0,0
BRDA:135,9,0,0
BRDA:135,10,0,0
BRDA:135,10,1,0
BRDA:140,11,0,0
BRDA:140,11,1,0
BRDA:140,11,2,0
BRDA:140,11,3,0
BRDA:143,12,0,0
BRDA:143,12,1,0
BRDA:143,13,0,0
BRDA:143,13,1,0
BRDA:144,14,0,0
BRDA:144,14,1,0
BRDA:147,15,0,0
BRDA:155,16,0,0
BRDA:170,17,0,0
BRDA:170,18,0,0
BRDA:170,18,1,0
BRDA:174,19,0,0
BRDA:174,19,1,0
BRDA:184,20,0,0
BRDA:184,20,1,0
BRDA:187,21,0,0
BRDA:187,21,1,0
BRDA:187,21,2,0
BRDA:187,21,3,0
BRDA:189,22,0,0
BRDA:189,22,1,0
BRDA:189,22,2,0
BRDA:196,23,0,0
BRDA:196,23,1,0
BRDA:199,24,0,0
BRDA:199,24,1,0
BRDA:199,25,0,0
BRDA:199,25,1,0
BRDA:199,25,2,0
BRDA:203,26,0,0
BRDA:203,26,1,0
BRDA:206,27,0,0
BRDA:206,27,1,0
BRDA:215,28,0,0
BRDA:215,28,1,0
BRDA:230,29,0,0
BRDA:230,29,1,0
BRDA:234,30,0,0
BRDA:234,30,1,0
BRDA:236,31,0,0
BRDA:236,31,1,0
BRDA:239,32,0,0
BRDA:239,32,1,0
BRDA:268,33,0,0
BRDA:268,34,0,0
BRDA:273,35,0,0
BRDA:282,36,0,0
BRDA:282,36,1,0
BRDA:287,37,0,0
BRDA:287,37,1,0
BRDA:287,37,2,0
BRDA:297,38,0,0
BRDA:297,38,1,0
BRDA:297,39,0,0
BRDA:297,39,1,0
BRDA:323,40,0,0
BRDA:323,41,0,0
BRDA:323,41,1,0
BRDA:328,42,0,0
BRDA:328,42,1,0
BRDA:328,43,0,0
BRDA:328,43,1,0
BRDA:328,43,2,0
BRDA:336,44,0,0
BRDA:336,44,1,0
BRDA:337,45,0,0
BRDA:337,45,1,0
BRDA:341,46,0,0
BRDA:342,47,0,0
BRDA:342,47,1,0
BRDA:342,47,2,0
BRDA:351,48,0,0
BRDA:351,48,1,0
BRF:93
BRH:0
end_of_record
TN:
SF:src/components/ui/checkbox.tsx
FN:10,(anonymous_6)
FNF:1
FNH:0
FNDA:0,(anonymous_6)
DA:1,0
DA:2,0
DA:3,0
DA:5,0
DA:7,0
DA:11,0
DA:26,0
DA:28,0
LF:8
LH:0
BRF:0
BRH:0
end_of_record
TN:
SF:src/components/ui/collapsible.tsx
FNF:0
FNH:0
DA:1,0
DA:3,0
DA:5,0
DA:7,0
DA:9,0
LF:5
LH:0
BRF:0
BRH:0
end_of_record
TN:
SF:src/components/ui/command.tsx
FN:12,(anonymous_6)
FN:26,(anonymous_7)
FN:41,(anonymous_8)
FN:60,(anonymous_9)
FN:73,(anonymous_10)
FN:86,(anonymous_11)
FN:102,(anonymous_12)
FN:114,(anonymous_13)
FN:127,(anonymous_14)
FNF:9
FNH:0
FNDA:0,(anonymous_6)
FNDA:0,(anonymous_7)
FNDA:0,(anonymous_8)
FNDA:0,(anonymous_9)
FNDA:0,(anonymous_10)
FNDA:0,(anonymous_11)
FNDA:0,(anonymous_12)
FNDA:0,(anonymous_13)
FNDA:0,(anonymous_14)
DA:1,0
DA:3,0
DA:4,0
DA:6,0
DA:7,0
DA:9,0
DA:13,0
DA:22,0
DA:26,0
DA:27,0
DA:38,0
DA:42,0
DA:55,0
DA:57,0
DA:61,0
DA:68,0
DA:70,0
DA:74,0
DA:81,0
DA:83,0
DA:87,0
DA:97,0
DA:99,0
DA:103,0
DA:109,0
DA:111,0
DA:115,0
DA:125,0
DA:127,0
DA:131,0
DA:141,0
DA:144,0
DA:145,0
DA:146,0
DA:147,0
DA:148,0
DA:149,0
DA:150,0
DA:151,0
DA:152,0
LF:40
LH:0
BRF:0
BRH:0
end_of_record
TN:
SF:src/components/ui/context-menu.tsx
FN:24,(anonymous_6)
FN:43,(anonymous_7)
FN:58,(anonymous_8)
FN:77,(anonymous_9)
FN:93,(anonymous_10)
FN:117,(anonymous_11)
FN:141,(anonymous_12)
FN:157,(anonymous_13)
FN:166,(anonymous_14)
FNF:9
FNH:0
FNDA:0,(anonymous_6)
FNDA:0,(anonymous_7)
FNDA:0,(anonymous_8)
FNDA:0,(anonymous_9)
FNDA:0,(anonymous_10)
FNDA:0,(anonymous_11)
FNDA:0,(anonymous_12)
FNDA:0,(anonymous_13)
FNDA:0,(anonymous_14)
DA:1,0
DA:2,0
DA:3,0
DA:5,0
DA:7,0
DA:9,0
DA:11,0
DA:13,0
DA:15,0
DA:17,0
DA:19,0
DA:25,0
DA:38,0
DA:40,0
DA:44,0
DA:53,0
DA:55,0
DA:59,0
DA:70,0
DA:72,0
DA:78,0
DA:88,0
DA:90,0
DA:94,0
DA:111,0
DA:114,0
DA:118,0
DA:134,0
DA:136,0
DA:142,0
DA:152,0
DA:154,0
DA:158,0
DA:164,0
DA:166,0
DA:170,0
DA:180,0
DA:183,0
DA:184,0
DA:185,0
DA:186,0
DA:187,0
DA:188,0
DA:189,0
DA:190,0
DA:191,0
DA:192,0
DA:193,0
DA:194,0
DA:195,0
DA:196,0
DA:197,0
LF:52
LH:0
BRDA:29,0,0,0
BRDA:29,0,1,0
BRDA:82,1,0,0
BRDA:82,1,1,0
BRDA:146,2,0,0
BRDA:146,2,1,0
BRF:6
BRH:0
end_of_record
TN:
SF:src/components/ui/dialog.tsx
FN:18,(anonymous_6)
FN:33,(anonymous_7)
FN:54,(anonymous_8)
FN:68,(anonymous_9)
FN:85,(anonymous_10)
FN:100,(anonymous_11)
FNF:6
FNH:0
FNDA:0,(anonymous_6)
FNDA:0,(anonymous_7)
FNDA:0,(anonymous_8)
FNDA:0,(anonymous_9)
FNDA:0,(anonymous_10)
FNDA:0,(anonymous_11)
DA:1,0
DA:2,0
DA:3,0
DA:5,0
DA:7,0
DA:9,0
DA:11,0
DA:13,0
DA:15,0
DA:19,0
DA:28,0
DA:30,0
DA:34,0
DA:52,0
DA:54,0
DA:58,0
DA:66,0
DA:68,0
DA:72,0
DA:80,0
DA:82,0
DA:86,0
DA:95,0
DA:97,0
DA:101,0
DA:107,0
DA:110,0
DA:111,0
DA:112,0
DA:113,0
DA:114,0
DA:115,0
DA:116,0
DA:117,0
DA:118,0
DA:119,0
LF:36
LH:0
BRF:0
BRH:0
end_of_record
TN:
SF:src/components/ui/drawer.tsx
FN:6,(anonymous_6)
FN:26,(anonymous_7)
FN:38,(anonymous_8)
FN:56,(anonymous_9)
FN:67,(anonymous_10)
FN:81,(anonymous_11)
FN:96,(anonymous_12)
FNF:7
FNH:0
FNDA:0,(anonymous_6)
FNDA:0,(anonymous_7)
FNDA:0,(anonymous_8)
FNDA:0,(anonymous_9)
FNDA:0,(anonymous_10)
FNDA:0,(anonymous_11)
FNDA:0,(anonymous_12)
DA:1,0
DA:2,0
DA:4,0
DA:6,0
DA:10,0
DA:15,0
DA:17,0
DA:19,0
DA:21,0
DA:23,0
DA:27,0
DA:33,0
DA:35,0
DA:39,0
DA:54,0
DA:56,0
DA:60,0
DA:65,0
DA:67,0
DA:71,0
DA:76,0
DA:78,0
DA:82,0
DA:91,0
DA:93,0
DA:97,0
DA:103,0
DA:106,0
DA:107,0
DA:108,0
DA:109,0
DA:110,0
DA:111,0
DA:112,0
DA:113,0
DA:114,0
DA:115,0
LF:37
LH:0
BRDA:7,0,0,0
BRF:1
BRH:0
end_of_record
TN:
SF:src/components/ui/dropdown-menu.tsx
FN:24,(anonymous_6)
FN:44,(anonymous_7)
FN:60,(anonymous_8)
FN:80,(anonymous_9)
FN:96,(anonymous_10)
FN:120,(anonymous_11)
FN:144,(anonymous_12)
FN:160,(anonymous_13)
FN:169,(anonymous_14)
FNF:9
FNH:0
FNDA:0,(anonymous_6)
FNDA:0,(anonymous_7)
FNDA:0,(anonymous_8)
FNDA:0,(anonymous_9)
FNDA:0,(anonymous_10)
FNDA:0,(anonymous_11)
FNDA:0,(anonymous_12)
FNDA:0,(anonymous_13)
FNDA:0,(anonymous_14)
DA:1,0
DA:2,0
DA:3,0
DA:5,0
DA:7,0
DA:9,0
DA:11,0
DA:13,0
DA:15,0
DA:17,0
DA:19,0
DA:25,0
DA:38,0
DA:41,0
DA:45,0
DA:54,0
DA:57,0
DA:61,0
DA:73,0
DA:75,0
DA:81,0
DA:91,0
[...]
BRDA:436,32,1,0
BRDA:439,33,0,0
BRDA:439,33,1,0
BRDA:449,34,0,0
BRDA:449,34,1,0
BRDA:457,35,0,0
BRDA:458,36,0,0
BRDA:458,36,1,0
BRDA:520,37,0,18
BRDA:523,38,0,1
BRDA:523,39,0,18
BRDA:523,39,1,18
BRDA:539,40,0,1
BRDA:553,41,0,2
BRDA:554,42,0,210
BRDA:554,42,1,208
BRDA:554,42,2,208
BRDA:560,43,0,2
BRDA:560,43,1,0
BRDA:572,44,0,13
BRDA:572,45,0,14
BRDA:572,45,1,14
BRDA:581,46,0,13
BRDA:581,46,1,0
BRDA:586,47,0,13
BRDA:586,48,0,13
BRDA:586,48,1,13
BRDA:589,49,0,2
BRDA:589,49,1,11
BRDA:589,50,0,13
BRDA:589,50,1,13
BRDA:610,51,0,0
BRDA:614,52,0,0
BRDA:614,53,0,0
BRDA:614,53,1,0
BRDA:662,54,0,0
BRDA:662,55,0,17
BRDA:662,55,1,17
BRDA:670,56,0,5
BRDA:671,57,0,213
BRDA:671,57,1,212
BRDA:671,57,2,212
BRDA:671,57,3,212
BRDA:671,57,4,212
BRDA:671,57,5,212
BRDA:671,57,6,208
BRDA:671,57,7,208
BRDA:680,58,0,5
BRDA:680,58,1,0
BRDA:680,58,2,0
BRF:98
BRH:35
end_of_record
TN:
SF:src/lib/quote-utils.ts
FN:18,generateQuoteUrl
FN:33,(anonymous_1)
FN:48,copyQuoteUrlToClipboard
FN:69,generateQuoteEmailLink
FN:103,isQuoteExpired
FN:117,formatQuoteExpiry
FNF:6
FNH:0
FNDA:0,generateQuoteUrl
FNDA:0,(anonymous_1)
FNDA:0,copyQuoteUrlToClipboard
FNDA:0,generateQuoteEmailLink
FNDA:0,isQuoteExpired
FNDA:0,formatQuoteExpiry
DA:18,0
DA:23,0
DA:28,0
DA:31,0
DA:32,0
DA:33,0
DA:34,0
DA:36,0
DA:39,0
DA:48,0
DA:52,0
DA:53,0
DA:54,0
DA:55,0
DA:57,0
DA:58,0
DA:69,0
DA:78,0
DA:80,0
DA:84,0
DA:94,0
DA:95,0
DA:103,0
DA:104,0
DA:106,0
DA:107,0
DA:109,0
DA:117,0
DA:118,0
DA:120,0
DA:123,0
LF:31
LH:0
BRDA:20,0,0,0
BRDA:23,1,0,0
BRDA:23,1,1,0
BRDA:23,1,2,0
BRDA:31,2,0,0
BRDA:31,3,0,0
BRDA:31,3,1,0
BRDA:50,4,0,0
BRDA:94,5,0,0
BRDA:94,5,1,0
BRDA:104,6,0,0
BRDA:118,7,0,0
BRF:12
BRH:0
end_of_record
TN:
SF:src/lib/store.ts
FN:57,(anonymous_0)
FN:60,(anonymous_1)
FN:61,(anonymous_2)
FN:77,(anonymous_3)
FN:81,(anonymous_4)
FN:86,(anonymous_5)
FN:92,(anonymous_6)
FN:107,(anonymous_7)
FN:110,(anonymous_8)
FN:140,(anonymous_9)
FN:144,(anonymous_10)
FN:151,(anonymous_11)
FN:154,(anonymous_12)
FN:159,(anonymous_13)
FN:173,(anonymous_14)
FN:174,(anonymous_15)
FN:191,(anonymous_16)
FN:192,(anonymous_17)
FN:200,(anonymous_18)
FN:208,(anonymous_19)
FN:209,(anonymous_20)
FN:223,(anonymous_21)
FN:267,(anonymous_22)
FN:268,(anonymous_23)
FN:278,(anonymous_24)
FN:278,(anonymous_25)
FN:279,(anonymous_26)
FN:279,(anonymous_27)
FN:280,(anonymous_28)
FN:280,(anonymous_29)
FN:281,(anonymous_30)
FN:281,(anonymous_31)
FN:282,(anonymous_32)
FN:282,(anonymous_33)
FN:283,(anonymous_34)
FN:283,(anonymous_35)
FN:284,(anonymous_36)
FN:284,(anonymous_37)
FN:287,(anonymous_38)
FN:289,(anonymous_39)
FN:298,(anonymous_40)
FN:300,(anonymous_41)
FN:310,(anonymous_42)
FN:312,(anonymous_43)
FNF:44
FNH:0
FNDA:0,(anonymous_0)
FNDA:0,(anonymous_1)
FNDA:0,(anonymous_2)
FNDA:0,(anonymous_3)
FNDA:0,(anonymous_4)
FNDA:0,(anonymous_5)
FNDA:0,(anonymous_6)
FNDA:0,(anonymous_7)
FNDA:0,(anonymous_8)
FNDA:0,(anonymous_9)
FNDA:0,(anonymous_10)
FNDA:0,(anonymous_11)
FNDA:0,(anonymous_12)
FNDA:0,(anonymous_13)
FNDA:0,(anonymous_14)
FNDA:0,(anonymous_15)
FNDA:0,(anonymous_16)
FNDA:0,(anonymous_17)
FNDA:0,(anonymous_18)
FNDA:0,(anonymous_19)
FNDA:0,(anonymous_20)
FNDA:0,(anonymous_21)
FNDA:0,(anonymous_22)
FNDA:0,(anonymous_23)
FNDA:0,(anonymous_24)
FNDA:0,(anonymous_25)
FNDA:0,(anonymous_26)
FNDA:0,(anonymous_27)
FNDA:0,(anonymous_28)
FNDA:0,(anonymous_29)
FNDA:0,(anonymous_30)
FNDA:0,(anonymous_31)
FNDA:0,(anonymous_32)
FNDA:0,(anonymous_33)
FNDA:0,(anonymous_34)
FNDA:0,(anonymous_35)
FNDA:0,(anonymous_36)
FNDA:0,(anonymous_37)
FNDA:0,(anonymous_38)
FNDA:0,(anonymous_39)
FNDA:0,(anonymous_40)
FNDA:0,(anonymous_41)
FNDA:0,(anonymous_42)
FNDA:0,(anonymous_43)
DA:1,0
DA:2,0
DA:3,0
DA:6,0
DA:12,0
DA:57,0
DA:60,0
DA:61,0
DA:65,0
DA:73,0
DA:77,0
DA:81,0
DA:87,0
DA:89,0
DA:92,0
DA:93,0
DA:96,0
DA:101,0
DA:102,0
DA:108,0
DA:110,0
DA:113,0
DA:115,0
DA:116,0
DA:124,0
DA:127,0
DA:132,0
DA:133,0
DA:140,0
DA:144,0
DA:151,0
DA:155,0
DA:156,0
DA:159,0
DA:160,0
DA:164,0
DA:166,0
DA:167,0
DA:168,0
DA:172,0
DA:173,0
DA:175,0
DA:176,0
DA:177,0
DA:180,0
DA:181,0
DA:182,0
DA:191,0
DA:192,0
DA:195,0
DA:196,0
DA:199,0
DA:201,0
DA:202,0
DA:207,0
DA:208,0
DA:209,0
DA:210,0
DA:212,0
DA:213,0
DA:214,0
DA:215,0
DA:222,0
DA:223,0
DA:224,0
DA:227,0
DA:229,0
DA:231,0
DA:232,0
DA:235,0
DA:236,0
DA:237,0
DA:238,0
DA:241,0
DA:242,0
DA:243,0
DA:248,0
DA:249,0
DA:253,0
DA:255,0
DA:258,0
DA:259,0
DA:267,0
DA:268,0
DA:278,0
DA:279,0
DA:280,0
DA:281,0
DA:282,0
DA:283,0
DA:284,0
DA:287,0
DA:288,0
DA:289,0
DA:298,0
DA:299,0
DA:300,0
DA:310,0
DA:311,0
DA:312,0
LF:100
LH:0
BRDA:60,0,0,0
BRDA:60,0,1,0
BRDA:89,1,0,0
BRDA:89,1,1,0
BRDA:93,2,0,0
BRDA:93,2,1,0
BRDA:113,3,0,0
BRDA:113,3,1,0
BRDA:120,4,0,0
BRDA:120,4,1,0
BRDA:166,5,0,0
BRDA:180,6,0,0
BRDA:207,7,0,0
BRDA:212,8,0,0
BRDA:229,9,0,0
BRDA:235,10,0,0
BRDA:235,10,1,0
BRDA:235,11,0,0
BRDA:235,11,1,0
BRDA:248,12,0,0
BRDA:248,12,1,0
BRF:21
BRH:0
end_of_record
TN:
SF:src/lib/supabase.ts
FN:61,(anonymous_0)
FN:74,(anonymous_1)
FN:89,(anonymous_2)
FN:104,(anonymous_3)
FN:120,(anonymous_4)
FN:134,(anonymous_5)
FN:147,(anonymous_6)
FN:164,(anonymous_7)
FN:176,(anonymous_8)
FNF:9
FNH:0
FNDA:0,(anonymous_0)
FNDA:0,(anonymous_1)
FNDA:0,(anonymous_2)
FNDA:0,(anonymous_3)
FNDA:0,(anonymous_4)
FNDA:0,(anonymous_5)
FNDA:0,(anonymous_6)
FNDA:0,(anonymous_7)
FNDA:0,(anonymous_8)
DA:1,0
DA:4,0
DA:5,0
DA:7,0
DA:8,0
DA:12,0
DA:59,0
DA:62,0
DA:66,0
DA:67,0
DA:68,0
DA:71,0
DA:75,0
DA:80,0
DA:81,0
DA:82,0
DA:85,0
DA:90,0
DA:96,0
DA:97,0
DA:98,0
DA:101,0
DA:105,0
DA:111,0
DA:112,0
DA:113,0
DA:116,0
DA:121,0
DA:126,0
DA:127,0
DA:128,0
DA:131,0
DA:135,0
DA:139,0
DA:140,0
DA:141,0
DA:144,0
DA:148,0
DA:156,0
DA:157,0
DA:158,0
DA:161,0
DA:165,0
DA:167,0
DA:168,0
DA:169,0
DA:172,0
DA:177,0
DA:179,0
DA:180,0
DA:183,0
DA:187,0
LF:52
LH:0
BRDA:4,0,0,0
BRDA:4,0,1,0
BRDA:5,1,0,0
BRDA:5,1,1,0
BRDA:7,2,0,0
BRDA:7,3,0,0
BRDA:7,3,1,0
BRDA:66,4,0,0
BRDA:80,5,0,0
BRDA:96,6,0,0
BRDA:111,7,0,0
BRDA:126,8,0,0
BRDA:139,9,0,0
BRDA:156,10,0,0
BRDA:167,11,0,0
BRDA:179,12,0,0
BRDA:179,13,0,0
BRDA:179,13,1,0
BRF:18
BRH:0
end_of_record
TN:
SF:src/lib/utils.ts
FN:4,cn
FNF:1
FNH:0
FNDA:0,cn
DA:1,0
DA:2,0
DA:4,0
DA:5,0
LF:4
LH:0
BRF:0
BRH:0
end_of_record
TN:
SF:src/pages/Index.tsx
FN:14,(anonymous_7)
FN:24,(anonymous_8)
FN:49,(anonymous_9)
FNF:3
FNH:0
FNDA:0,(anonymous_7)
FNDA:0,(anonymous_8)
FNDA:0,(anonymous_9)
DA:2,0
DA:3,0
DA:4,0
DA:5,0
DA:6,0
DA:7,0
DA:8,0
DA:9,0
DA:10,0
DA:11,0
DA:14,0
DA:16,0
DA:17,0
DA:18,0
DA:19,0
DA:20,0
DA:21,0
DA:24,0
DA:32,0
DA:33,0
DA:50,0
DA:62,0
DA:92,0
LF:23
LH:0
BRDA:32,0,0,0
BRDA:74,1,0,0
BRDA:74,1,1,0
BRDA:76,2,0,0
BRDA:76,2,1,0
BRDA:78,3,0,0
BRDA:78,3,1,0
BRDA:80,4,0,0
BRDA:80,4,1,0
BRF:9
BRH:0
end_of_record
TN:
SF:src/pages/NotFound.tsx
FN:4,(anonymous_0)
FN:7,(anonymous_1)
FNF:2
FNH:0
FNDA:0,(anonymous_0)
FNDA:0,(anonymous_1)
DA:1,0
DA:2,0
DA:4,0
DA:5,0
DA:7,0
DA:8,0
DA:14,0
DA:27,0
LF:8
LH:0
BRF:0
BRH:0
end_of_record
TN:
SF:src/pages/SupabaseDemoPage.tsx
FN:12,(anonymous_1)
FN:19,(anonymous_2)
FN:75,(anonymous_3)
FN:98,(anonymous_4)
FNF:4
FNH:0
FNDA:0,(anonymous_1)
FNDA:0,(anonymous_2)
FNDA:0,(anonymous_3)
FNDA:0,(anonymous_4)
DA:1,0
DA:2,0
DA:3,0
DA:12,0
DA:13,0
DA:14,0
DA:15,0
DA:16,0
DA:19,0
DA:20,0
DA:21,0
DA:22,0
DA:24,0
DA:27,0
DA:29,0
DA:33,0
DA:35,0
DA:39,0
DA:41,0
DA:45,0
DA:47,0
DA:50,0
DA:52,0
DA:55,0
DA:57,0
DA:58,0
DA:61,0
DA:62,0
DA:63,0
DA:64,0
DA:68,0
DA:70,0
DA:75,0
DA:76,0
DA:79,0
DA:98,0
DA:164,0
LF:37
LH:0
BRDA:27,0,0,0
BRDA:27,0,1,0
BRDA:27,0,2,0
BRDA:27,0,3,0
BRDA:27,0,4,0
BRDA:27,0,5,0
BRDA:61,1,0,0
BRDA:63,2,0,0
BRDA:68,3,0,0
BRDA:68,3,1,0
BRDA:112,4,0,0
BRDA:112,4,1,0
BRDA:114,5,0,0
BRDA:114,5,1,0
BRDA:117,6,0,0
BRDA:117,6,1,0
BRDA:124,7,0,0
BRDA:124,7,1,0
BRF:18
BRH:0
end_of_record
TN:
SF:src/scripts/run-setup.ts
FN:7,(anonymous_1)
FN:11,(anonymous_2)
FNF:2
FNH:0
FNDA:0,(anonymous_1)
FNDA:0,(anonymous_2)
DA:2,0
DA:5,0
DA:6,0
DA:8,0
DA:9,0
DA:12,0
DA:13,0
LF:7
LH:0
BRF:0
BRH:0
end_of_record
TN:
SF:src/scripts/setup-demo-data.js
FN:22,(anonymous_0)
FN:221,(anonymous_1)
FN:228,(anonymous_2)
FN:232,(anonymous_3)
FN:246,(anonymous_4)
FN:255,(anonymous_5)
FN:281,(anonymous_6)
FN:305,(anonymous_7)
FN:314,(anonymous_8)
FN:341,(anonymous_9)
FN:350,(anonymous_10)
FN:388,(anonymous_11)
FN:409,(anonymous_12)
FNF:13
FNH:0
FNDA:0,(anonymous_0)
FNDA:0,(anonymous_1)
FNDA:0,(anonymous_2)
FNDA:0,(anonymous_3)
FNDA:0,(anonymous_4)
FNDA:0,(anonymous_5)
FNDA:0,(anonymous_6)
FNDA:0,(anonymous_7)
FNDA:0,(anonymous_8)
FNDA:0,(anonymous_9)
FNDA:0,(anonymous_10)
FNDA:0,(anonymous_11)
FNDA:0,(anonymous_12)
DA:2,0
DA:5,0
DA:6,0
DA:8,0
DA:9,0
DA:10,0
DA:14,0
DA:22,0
DA:23,0
DA:25,0
DA:27,0
DA:28,0
DA:30,0
DA:31,0
DA:42,0
DA:43,0
DA:44,0
DA:49,0
DA:50,0
DA:52,0
DA:53,0
DA:63,0
DA:64,0
DA:65,0
DA:70,0
DA:71,0
DA:73,0
DA:75,0
DA:77,0
DA:78,0
DA:86,0
DA:87,0
DA:88,0
DA:91,0
DA:96,0
DA:97,0
DA:98,0
DA:100,0
DA:101,0
DA:103,0
DA:104,0
DA:109,0
DA:221,0
DA:222,0
DA:223,0
DA:225,0
DA:227,0
DA:228,0
DA:229,0
DA:232,0
DA:239,0
DA:241,0
DA:246,0
DA:251,0
DA:255,0
DA:256,0
DA:257,0
DA:258,0
DA:260,0
DA:262,0
DA:264,0
DA:265,0
DA:266,0
DA:277,0
DA:281,0
DA:282,0
DA:285,0
DA:290,0
DA:292,0
DA:294,0
DA:299,0
DA:300,0
DA:301,0
DA:304,0
DA:305,0
DA:307,0
DA:310,0
DA:314,0
DA:318,0
DA:323,0
DA:325,0
DA:326,0
DA:329,0
DA:330,0
DA:335,0
DA:336,0
DA:337,0
DA:340,0
DA:341,0
DA:343,0
DA:346,0
DA:350,0
DA:354,0
DA:359,0
DA:360,0
DA:363,0
DA:365,0
DA:366,0
DA:371,0
DA:372,0
DA:373,0
DA:376,0
DA:378,0
DA:381,0
DA:384,0
DA:388,0
DA:389,0
DA:392,0
DA:393,0
DA:394,0
DA:395,0
DA:399,0
DA:400,0
DA:401,0
DA:402,0
DA:405,0
DA:409,0
DA:410,0
LF:118
LH:0
BRDA:5,0,0,0
BRDA:5,0,1,0
BRDA:6,1,0,0
BRDA:6,1,1,0
BRDA:8,2,0,0
BRDA:8,3,0,0
BRDA:8,3,1,0
BRDA:30,4,0,0
BRDA:30,5,0,0
BRDA:30,5,1,0
BRDA:42,6,0,0
BRDA:42,7,0,0
BRDA:42,7,1,0
BRDA:52,8,0,0
BRDA:52,9,0,0
BRDA:52,9,1,0
BRDA:63,10,0,0
BRDA:63,11,0,0
BRDA:63,11,1,0
BRDA:73,12,0,0
BRDA:73,13,0,0
BRDA:73,13,1,0
BRDA:77,14,0,0
BRDA:77,14,1,0
BRDA:77,15,0,0
BRDA:77,15,1,0
BRDA:86,16,0,0
BRDA:86,17,0,0
BRDA:86,17,1,0
BRDA:271,18,0,0
BRDA:271,18,1,0
BRDA:292,19,0,0
BRDA:292,19,1,0
BRDA:292,20,0,0
BRDA:292,20,1,0
BRDA:299,21,0,0
BRDA:314,22,0,0
BRDA:314,22,1,0
BRDA:325,23,0,0
BRDA:325,23,1,0
BRDA:325,24,0,0
BRDA:325,24,1,0
BRDA:335,25,0,0
BRDA:350,26,0,0
BRDA:350,26,1,0
BRDA:359,27,0,0
BRDA:359,27,1,0
BRDA:359,28,0,0
BRDA:359,28,1,0
BRDA:365,29,0,0
BRDA:365,29,1,0
BRDA:371,30,0,0
BRDA:393,31,0,0
BRDA:400,32,0,0
BRF:54
BRH:0
end_of_record
TN:
SF:src/scripts/setup-demo-data.ts
FN:9,(anonymous_0)
FN:208,(anonymous_1)
FN:215,(anonymous_2)
FN:219,(anonymous_3)
FN:233,(anonymous_4)
FN:242,(anonymous_5)
FN:268,(anonymous_6)
FN:292,(anonymous_7)
FN:301,(anonymous_8)
FN:328,(anonymous_9)
FN:337,(anonymous_10)
FN:375,(anonymous_11)
FN:396,(anonymous_12)
FNF:13
FNH:0
FNDA:0,(anonymous_0)
FNDA:0,(anonymous_1)
FNDA:0,(anonymous_2)
FNDA:0,(anonymous_3)
FNDA:0,(anonymous_4)
FNDA:0,(anonymous_5)
FNDA:0,(anonymous_6)
FNDA:0,(anonymous_7)
FNDA:0,(anonymous_8)
FNDA:0,(anonymous_9)
FNDA:0,(anonymous_10)
FNDA:0,(anonymous_11)
FNDA:0,(anonymous_12)
DA:1,0
DA:9,0
DA:10,0
DA:12,0
DA:14,0
DA:15,0
DA:17,0
DA:18,0
DA:29,0
DA:30,0
DA:31,0
DA:36,0
DA:37,0
DA:39,0
DA:40,0
DA:50,0
DA:51,0
DA:52,0
DA:57,0
DA:58,0
DA:60,0
DA:62,0
DA:64,0
DA:65,0
DA:73,0
DA:74,0
DA:75,0
DA:78,0
DA:83,0
DA:84,0
DA:85,0
DA:87,0
DA:88,0
DA:90,0
DA:91,0
DA:96,0
DA:208,0
DA:209,0
DA:210,0
DA:212,0
DA:214,0
DA:215,0
DA:216,0
DA:219,0
DA:226,0
DA:228,0
DA:233,0
DA:238,0
DA:242,0
DA:243,0
DA:244,0
DA:245,0
DA:247,0
DA:249,0
DA:251,0
DA:252,0
DA:253,0
DA:264,0
DA:268,0
DA:269,0
DA:272,0
DA:277,0
DA:279,0
DA:281,0
DA:286,0
DA:287,0
DA:288,0
DA:291,0
DA:292,0
DA:294,0
DA:297,0
DA:301,0
DA:305,0
DA:310,0
DA:312,0
DA:313,0
DA:316,0
DA:317,0
DA:322,0
DA:323,0
DA:324,0
DA:327,0
DA:328,0
DA:330,0
DA:333,0
DA:337,0
DA:341,0
DA:346,0
DA:347,0
DA:350,0
DA:352,0
DA:353,0
DA:358,0
DA:359,0
DA:360,0
DA:363,0
DA:365,0
DA:368,0
DA:371,0
DA:375,0
DA:376,0
DA:379,0
DA:380,0
DA:381,0
DA:382,0
DA:386,0
DA:387,0
DA:388,0
DA:389,0
DA:392,0
DA:396,0
DA:397,0
DA:400,0
LF:113
LH:0
BRDA:17,0,0,0
BRDA:17,1,0,0
BRDA:17,1,1,0
BRDA:29,2,0,0
BRDA:29,3,0,0
BRDA:29,3,1,0
BRDA:39,4,0,0
BRDA:39,5,0,0
BRDA:39,5,1,0
BRDA:50,6,0,0
BRDA:50,7,0,0
BRDA:50,7,1,0
BRDA:60,8,0,0
BRDA:60,9,0,0
BRDA:60,9,1,0
BRDA:64,10,0,0
BRDA:64,10,1,0
BRDA:64,11,0,0
BRDA:64,11,1,0
BRDA:73,12,0,0
BRDA:73,13,0,0
BRDA:73,13,1,0
BRDA:258,14,0,0
BRDA:258,14,1,0
BRDA:279,15,0,0
BRDA:279,15,1,0
BRDA:279,16,0,0
BRDA:279,16,1,0
BRDA:286,17,0,0
BRDA:301,18,0,0
BRDA:301,18,1,0
BRDA:312,19,0,0
BRDA:312,19,1,0
BRDA:312,20,0,0
BRDA:312,20,1,0
BRDA:322,21,0,0
BRDA:337,22,0,0
BRDA:337,22,1,0
BRDA:346,23,0,0
BRDA:346,23,1,0
BRDA:346,24,0,0
BRDA:346,24,1,0
BRDA:352,25,0,0
BRDA:352,25,1,0
BRDA:358,26,0,0
BRDA:380,27,0,0
BRDA:387,28,0,0
BRF:47
BRH:0
end_of_record
TN:
SF:src/test-utils/next-navigation-mock.ts
FN:15,resetNavigationMocks
FN:25,mockNextNavigation
FN:26,(anonymous_2)
FN:27,(anonymous_3)
FN:28,(anonymous_4)
FN:29,(anonymous_5)
FN:30,(anonymous_6)
FNF:7
FNH:0
FNDA:0,resetNavigationMocks
FNDA:0,mockNextNavigation
FNDA:0,(anonymous_2)
FNDA:0,(anonymous_3)
FNDA:0,(anonymous_4)
FNDA:0,(anonymous_5)
FNDA:0,(anonymous_6)
DA:2,0
DA:11,0
DA:12,0
DA:13,0
DA:15,0
DA:16,0
DA:17,0
DA:18,0
DA:19,0
DA:20,0
DA:21,0
DA:25,0
DA:26,0
DA:27,0
DA:28,0
DA:29,0
DA:30,0
LF:17
LH:0
BRF:0
BRH:0
end_of_record
TN:
SF:src/test-utils/render-utils.tsx
FN:8,renderWithProviders
FNF:1
FNH:0
FNDA:0,renderWithProviders
DA:2,0
DA:3,0
DA:8,0
DA:12,0
LF:4
LH:0
BRF:0
BRH:0
end_of_record
TN:
SF:src/test-utils/test-providers.tsx
FN:11,TestProviders
FNF:1
FNH:0
FNDA:0,TestProviders
DA:1,0
DA:2,0
DA:11,0
DA:12,0
LF:4
LH:0
BRF:0
BRH:0
end_of_record
TN:
SF:src/utils/accessibility.ts
FN:10,(anonymous_0)
FN:20,(anonymous_1)
FN:22,(anonymous_2)
FN:30,(anonymous_3)
FN:31,(anonymous_4)
FN:54,(anonymous_5)
FN:63,(anonymous_6)
FN:97,(anonymous_7)
FN:112,(anonymous_8)
FN:157,(anonymous_9)
FN:160,(anonymous_10)
FN:178,(anonymous_11)
FN:199,(anonymous_12)
FN:207,(anonymous_13)
FNF:14
FNH:0
FNDA:0,(anonymous_0)
FNDA:0,(anonymous_1)
FNDA:0,(anonymous_2)
FNDA:0,(anonymous_3)
FNDA:0,(anonymous_4)
FNDA:0,(anonymous_5)
FNDA:0,(anonymous_6)
FNDA:0,(anonymous_7)
FNDA:0,(anonymous_8)
FNDA:0,(anonymous_9)
FNDA:0,(anonymous_10)
FNDA:0,(anonymous_11)
FNDA:0,(anonymous_12)
FNDA:0,(anonymous_13)
DA:10,0
DA:11,0
DA:20,0
DA:22,0
DA:23,0
DA:24,0
DA:25,0
DA:26,0
DA:30,0
DA:31,0
DA:32,0
DA:33,0
DA:35,0
DA:38,0
DA:39,0
DA:40,0
DA:41,0
DA:44,0
DA:45,0
DA:54,0
DA:55,0
DA:63,0
DA:68,0
DA:70,0
DA:71,0
DA:72,0
DA:73,0
DA:74,0
DA:75,0
DA:76,0
DA:77,0
DA:78,0
DA:79,0
DA:80,0
DA:81,0
DA:82,0
DA:83,0
DA:84,0
DA:85,0
DA:89,0
DA:90,0
DA:94,0
DA:97,0
DA:98,0
DA:99,0
DA:112,0
DA:118,0
DA:119,0
DA:120,0
DA:121,0
DA:122,0
DA:124,0
DA:126,0
DA:128,0
DA:129,0
DA:131,0
DA:132,0
DA:134,0
DA:135,0
DA:137,0
DA:138,0
DA:140,0
DA:144,0
DA:147,0
DA:149,0
DA:157,0
DA:158,0
DA:160,0
DA:162,0
DA:165,0
DA:166,0
DA:168,0
DA:172,0
DA:175,0
DA:178,0
DA:179,0
DA:181,0
DA:182,0
DA:185,0
DA:186,0
DA:187,0
DA:190,0
DA:191,0
DA:192,0
DA:196,0
DA:199,0
DA:200,0
DA:201,0
DA:202,0
DA:207,0
DA:208,0
DA:209,0
DA:213,0
DA:216,0
LF:94
LH:0
BRDA:33,0,0,0
BRDA:33,0,1,0
BRDA:54,1,0,0
BRDA:55,2,0,0
BRDA:55,2,1,0
BRDA:65,3,0,0
BRDA:70,4,0,0
BRDA:89,5,0,0
BRDA:98,6,0,0
BRDA:116,7,0,0
BRDA:119,8,0,0
BRDA:119,8,1,0
BRDA:120,9,0,0
BRDA:120,9,1,0
BRDA:126,10,0,0
BRDA:126,10,1,0
BRDA:126,10,2,0
BRDA:126,10,3,0
BRDA:126,10,4,0
BRDA:166,11,0,0
BRDA:172,12,0,0
BRDA:179,13,0,0
BRDA:185,14,0,0
BRDA:185,14,1,0
BRDA:185,15,0,0
BRDA:185,15,1,0
BRDA:190,16,0,0
BRDA:190,17,0,0
BRDA:190,17,1,0
BRDA:201,18,0,0
BRDA:208,19,0,0
BRF:31
BRH:0
end_of_record
TN:
SF:src/utils/errorHandling.ts
FN:15,(anonymous_0)
FN:75,(anonymous_1)
FN:110,(anonymous_2)
FN:163,(anonymous_3)
FN:242,(anonymous_4)
FN:253,(anonymous_5)
FN:258,(anonymous_6)
FN:263,(anonymous_7)
FN:267,(anonymous_8)
FN:277,(anonymous_9)
FNF:10
FNH:0
FNDA:0,(anonymous_0)
FNDA:0,(anonymous_1)
FNDA:0,(anonymous_2)
FNDA:0,(anonymous_3)
FNDA:0,(anonymous_4)
FNDA:0,(anonymous_5)
FNDA:0,(anonymous_6)
FNDA:0,(anonymous_7)
FNDA:0,(anonymous_8)
FNDA:0,(anonymous_9)
DA:5,0
DA:10,0
DA:21,0
DA:22,0
DA:23,0
DA:24,0
DA:25,0
DA:28,0
DA:35,0
DA:75,0
DA:76,0
DA:78,0
DA:79,0
DA:80,0
DA:81,0
DA:82,0
DA:83,0
DA:84,0
DA:85,0
DA:86,0
DA:87,0
DA:88,0
DA:89,0
DA:90,0
DA:91,0
DA:92,0
DA:93,0
DA:94,0
DA:95,0
DA:96,0
DA:97,0
DA:98,0
DA:99,0
DA:102,0
DA:110,0
DA:111,0
DA:113,0
DA:115,0
DA:117,0
DA:119,0
DA:121,0
DA:123,0
DA:125,0
DA:127,0
DA:129,0
DA:131,0
DA:133,0
DA:135,0
DA:137,0
DA:139,0
DA:141,0
DA:143,0
DA:145,0
DA:147,0
DA:149,0
DA:151,0
DA:153,0
DA:163,0
DA:177,0
DA:182,0
DA:183,0
DA:188,0
DA:190,0
DA:195,0
DA:197,0
DA:198,0
DA:203,0
DA:205,0
DA:211,0
DA:219,0
DA:220,0
DA:224,0
DA:225,0
DA:229,0
DA:232,0
DA:235,0
DA:242,0
DA:243,0
DA:253,0
DA:254,0
DA:259,0
DA:260,0
DA:264,0
DA:268,0
DA:274,0
DA:278,0
DA:279,0
DA:282,0
DA:287,0
LF:89
LH:0
BRDA:17,0,0,0
BRDA:19,1,0,0
BRDA:76,2,0,0
BRDA:76,2,1,0
BRDA:78,3,0,0
BRDA:78,3,1,0
BRDA:80,4,0,0
BRDA:80,4,1,0
BRDA:82,5,0,0
BRDA:82,5,1,0
BRDA:84,6,0,0
BRDA:84,6,1,0
BRDA:86,7,0,0
BRDA:86,7,1,0
BRDA:88,8,0,0
BRDA:88,8,1,0
BRDA:88,9,0,0
BRDA:88,9,1,0
BRDA:90,10,0,0
BRDA:90,10,1,0
BRDA:90,11,0,0
BRDA:90,11,1,0
BRDA:92,12,0,0
BRDA:92,12,1,0
BRDA:92,13,0,0
BRDA:92,13,1,0
BRDA:94,14,0,0
BRDA:94,14,1,0
BRDA:94,15,0,0
BRDA:94,15,1,0
BRDA:96,16,0,0
BRDA:96,16,1,0
BRDA:96,17,0,0
BRDA:96,17,1,0
BRDA:98,18,0,0
BRDA:98,19,0,0
BRDA:98,19,1,0
BRDA:111,20,0,0
BRDA:111,20,1,0
BRDA:111,20,2,0
BRDA:111,20,3,0
BRDA:111,20,4,0
BRDA:111,20,5,0
BRDA:111,20,6,0
BRDA:111,20,7,0
BRDA:111,20,8,0
BRDA:111,20,9,0
BRDA:111,20,10,0
BRDA:111,20,11,0
BRDA:111,20,12,0
BRDA:111,20,13,0
BRDA:111,20,14,0
BRDA:111,20,15,0
BRDA:111,20,16,0
BRDA:111,20,17,0
BRDA:111,20,18,0
BRDA:111,20,19,0
BRDA:111,20,20,0
BRDA:165,21,0,0
BRDA:173,22,0,0
BRDA:174,23,0,0
BRDA:175,24,0,0
BRDA:176,25,0,0
BRDA:182,26,0,0
BRDA:182,26,1,0
BRDA:188,27,0,0
BRDA:188,27,1,0
BRDA:188,28,0,0
BRDA:188,28,1,0
BRDA:193,29,0,0
BRDA:193,29,1,0
BRDA:195,30,0,0
BRDA:195,30,1,0
BRDA:203,31,0,0
BRDA:203,31,1,0
BRDA:207,32,0,0
BRDA:207,32,1,0
BRDA:214,33,0,0
BRDA:214,33,1,0
BRDA:219,34,0,0
BRDA:224,35,0,0
BRDA:229,36,0,0
BRDA:243,37,0,0
BRDA:243,37,1,0
BRDA:243,38,0,0
BRDA:243,38,1,0
BRDA:278,39,0,0
BRF:87
BRH:0
end_of_record
TN:
SF:src/utils/performance.ts
FN:11,(anonymous_0)
FN:17,(anonymous_1)
FN:22,(anonymous_2)
FN:35,(anonymous_3)
FN:42,(anonymous_4)
FN:50,(anonymous_5)
FN:64,memoize
FN:69,(anonymous_7)
FN:88,measurePerformance
FN:92,(anonymous_9)
FN:109,createResourceLoader
FN:120,(anonymous_11)
FN:123,(anonymous_12)
FN:134,(anonymous_13)
FN:149,createBatcher
FN:165,(anonymous_15)
FN:180,(anonymous_16)
FN:184,(anonymous_17)
FN:190,(anonymous_18)
FN:191,(anonymous_19)
FNF:20
FNH:0
FNDA:0,(anonymous_0)
FNDA:0,(anonymous_1)
FNDA:0,(anonymous_2)
FNDA:0,(anonymous_3)
FNDA:0,(anonymous_4)
FNDA:0,(anonymous_5)
FNDA:0,memoize
FNDA:0,(anonymous_7)
FNDA:0,measurePerformance
FNDA:0,(anonymous_9)
FNDA:0,createResourceLoader
FNDA:0,(anonymous_11)
FNDA:0,(anonymous_12)
FNDA:0,(anonymous_13)
FNDA:0,createBatcher
FNDA:0,(anonymous_15)
FNDA:0,(anonymous_16)
FNDA:0,(anonymous_17)
FNDA:0,(anonymous_18)
FNDA:0,(anonymous_19)
DA:11,0
DA:15,0
DA:17,0
DA:18,0
DA:19,0
DA:22,0
DA:23,0
DA:24,0
DA:35,0
DA:39,0
DA:40,0
DA:42,0
DA:43,0
DA:44,0
DA:46,0
DA:47,0
DA:48,0
DA:49,0
DA:50,0
DA:51,0
DA:52,0
DA:53,0
DA:64,0
DA:67,0
DA:69,0
DA:70,0
DA:72,0
DA:73,0
DA:76,0
DA:77,0
DA:78,0
DA:88,0
DA:92,0
DA:93,0
DA:94,0
DA:95,0
DA:97,0
DA:99,0
DA:109,0
DA:121,0
DA:123,0
DA:126,0
DA:127,0
DA:128,0
DA:130,0
DA:132,0
DA:133,0
DA:134,0
DA:139,0
DA:149,0
DA:159,0
DA:161,0
DA:162,0
DA:163,0
DA:165,0
DA:166,0
DA:167,0
DA:169,0
DA:170,0
DA:171,0
DA:173,0
DA:174,0
DA:176,0
DA:177,0
DA:180,0
DA:181,0
DA:184,0
DA:185,0
DA:190,0
DA:191,0
DA:192,0
DA:193,0
DA:195,0
DA:196,0
DA:197,0
DA:199,0
DA:200,0
DA:201,0
DA:207,0
LF:79
LH:0
BRDA:18,0,0,0
BRDA:46,1,0,0
BRDA:46,1,1,0
BRDA:49,2,0,0
BRDA:72,3,0,0
BRDA:111,4,0,0
BRDA:118,5,0,0
BRDA:119,6,0,0
BRDA:120,7,0,0
BRDA:132,8,0,0
BRDA:151,9,0,0
BRDA:157,10,0,0
BRDA:158,11,0,0
BRDA:176,12,0,0
BRDA:195,13,0,0
BRDA:195,13,1,0
BRDA:196,14,0,0
BRDA:200,15,0,0
BRF:18
BRH:0
end_of_record
